2025-01-11 05:21:43,247 [INFO] Activator:176 - 


2025-01-11 05:21:43,257 [INFO] Activator:177 - !SESSION log4j initialized
2025-01-11 05:21:52,748 [INFO] LogOutputStream:77 - [STDOUT_REDIRECT] 
2025-01-11 05:22:20,268 [INFO] ApplicationProperties:184 - Using Application install path: C:\ST\STM32CubeIDE_1.14.1\STM32CubeIDE\plugins\com.st.stm32cube.common.mx_6.10.0.202311202037
2025-01-11 05:22:20,292 [INFO] DbMcusXml:78 - Set database path to: C:\ST\STM32CubeIDE_1.14.1\STM32CubeIDE\plugins\com.st.stm32cube.common.mx_6.10.0.202311202037\\db\/mcu/
2025-01-11 05:22:20,292 [INFO] ApiDb:274 - Set plugin database path to: C:\ST\STM32CubeIDE_1.14.1\STM32CubeIDE\plugins\com.st.stm32cube.common.mx_6.10.0.202311202037\\db\/plugins/boardmanager/
2025-01-11 05:22:20,293 [WARN] ApiDb:259 - Overriding images path with different value:  => C:\ST\STM32CubeIDE_1.14.1\STM32CubeIDE\plugins\com.st.stm32cube.common.mx_6.10.0.202311202037\\db\/plugins/mcufinder/images/
2025-01-11 05:22:20,309 [INFO] ApiDb:250 - Set database path to: C:\Users\ahmed\.stmcufinder\plugins\mcufinder//mcu/
2025-01-11 05:22:20,310 [INFO] DbMcusAds:125 - Set database path to: C:\Users\ahmed\.stmcufinder\plugins\mcufinder//mcu/
2025-01-11 05:22:31,341 [INFO] CrossReferenceDbSqlite:203 - Set database path to: C:\Users\ahmed\.stmcufinder\plugins\mcufinder//mcu/cs/
2025-01-11 05:22:31,588 [INFO] RulesReader:64 - Compatibility file has been processed (297 Rules)
2025-01-11 05:22:31,759 [INFO] DbMcusXml:78 - Set database path to: C:\ST\STM32CubeIDE_1.14.1\STM32CubeIDE\plugins\com.st.stm32cube.common.mx_6.10.0.202311202037\\db\/mcu/
2025-01-11 05:22:31,760 [INFO] ApiDb:274 - Set plugin database path to: C:\ST\STM32CubeIDE_1.14.1\STM32CubeIDE\plugins\com.st.stm32cube.common.mx_6.10.0.202311202037\\db\/plugins/boardmanager/
2025-01-11 05:22:31,760 [INFO] ApiDb:261 - Set plugin images path to: C:\ST\STM32CubeIDE_1.14.1\STM32CubeIDE\plugins\com.st.stm32cube.common.mx_6.10.0.202311202037\\db\/plugins/mcufinder/images/
2025-01-11 05:22:31,760 [WARN] DbFile:41 - Overriding database path with different value: C:\Users\ahmed\.stmcufinder\plugins\mcufinder/ => C:\Users\ahmed\.stmcufinder\plugins\mcufinder
2025-01-11 05:22:31,761 [INFO] ApiDb:250 - Set database path to: C:\Users\ahmed\.stmcufinder\plugins\mcufinder//mcu/
2025-01-11 05:22:31,761 [WARN] DbFile:41 - Overriding database path with different value: C:\Users\ahmed\.stmcufinder\plugins\mcufinder/ => C:\Users\ahmed\.stmcufinder\plugins\mcufinder
2025-01-11 05:22:31,761 [INFO] DbMcusAds:125 - Set database path to: C:\Users\ahmed\.stmcufinder\plugins\mcufinder//mcu/
2025-01-11 05:22:31,761 [WARN] DbFile:41 - Overriding database path with different value: C:\Users\ahmed\.stmcufinder\plugins\mcufinder/ => C:\Users\ahmed\.stmcufinder\plugins\mcufinder
2025-01-11 05:22:31,761 [WARN] DbFile:41 - Overriding database path with different value: C:\Users\ahmed\.stmcufinder\plugins\mcufinder/ => C:\Users\ahmed\.stmcufinder\plugins\mcufinder
2025-01-11 05:22:31,761 [INFO] CrossReferenceDbSqlite:203 - Set database path to: C:\Users\ahmed\.stmcufinder\plugins\mcufinder//mcu/cs/
2025-01-11 05:22:31,910 [INFO] MainPanel:264 - HeapMemory: 268435456
2025-01-11 05:22:32,080 [INFO] DbMcusXml:78 - Set database path to: C:\ST\STM32CubeIDE_1.14.1\STM32CubeIDE\plugins\com.st.stm32cube.common.mx_6.10.0.202311202037\\db\/mcu/
2025-01-11 05:22:32,081 [INFO] ApiDb:274 - Set plugin database path to: C:\ST\STM32CubeIDE_1.14.1\STM32CubeIDE\plugins\com.st.stm32cube.common.mx_6.10.0.202311202037\\db\/plugins/boardmanager/
2025-01-11 05:22:32,081 [INFO] ApiDb:261 - Set plugin images path to: C:\ST\STM32CubeIDE_1.14.1\STM32CubeIDE\plugins\com.st.stm32cube.common.mx_6.10.0.202311202037\\db\/plugins/mcufinder/images/
2025-01-11 05:22:32,081 [WARN] DbFile:41 - Overriding database path with different value: C:\Users\ahmed\.stmcufinder\plugins\mcufinder/ => C:\Users\ahmed\.stmcufinder\plugins\mcufinder
2025-01-11 05:22:32,081 [INFO] ApiDb:250 - Set database path to: C:\Users\ahmed\.stmcufinder\plugins\mcufinder//mcu/
2025-01-11 05:22:32,081 [WARN] DbFile:41 - Overriding database path with different value: C:\Users\ahmed\.stmcufinder\plugins\mcufinder/ => C:\Users\ahmed\.stmcufinder\plugins\mcufinder
2025-01-11 05:22:32,083 [INFO] DbMcusAds:125 - Set database path to: C:\Users\ahmed\.stmcufinder\plugins\mcufinder//mcu/
2025-01-11 05:22:32,083 [WARN] DbFile:41 - Overriding database path with different value: C:\Users\ahmed\.stmcufinder\plugins\mcufinder/ => C:\Users\ahmed\.stmcufinder\plugins\mcufinder
2025-01-11 05:22:32,083 [WARN] DbFile:41 - Overriding database path with different value: C:\Users\ahmed\.stmcufinder\plugins\mcufinder/ => C:\Users\ahmed\.stmcufinder\plugins\mcufinder
2025-01-11 05:22:32,083 [INFO] CrossReferenceDbSqlite:203 - Set database path to: C:\Users\ahmed\.stmcufinder\plugins\mcufinder//mcu/cs/
2025-01-11 05:22:32,116 [INFO] ApplicationProperties:184 - Using Application install path: C:\ST\STM32CubeIDE_1.14.1\STM32CubeIDE\plugins\com.st.stm32cube.common.mx_6.10.0.202311202037
2025-01-11 05:22:32,119 [INFO] PluginManage:196 - Search for loadable plugins [exclusion list=, ]
2025-01-11 05:22:32,121 [INFO] PluginManage:310 - Check plugin analytics
2025-01-11 05:22:37,363 [INFO] AnalyticsPlugin:253 - Accepted Software Licenses: 
2025-01-11 05:22:37,363 [INFO] AnalyticsPlugin:255 - Accepted CMSIS Pack Licenses: 
2025-01-11 05:22:37,364 [INFO] AnalyticsPlugin:257 - Accepted Firmware Licenses: FW.F4.1.28.0,FW.F4.1.27.0
2025-01-11 05:22:37,369 [INFO] PluginManage:359 - Loaded plugin analytics (category:tool,tabindex:-1)
2025-01-11 05:22:37,369 [INFO] PluginManage:310 - Check plugin cadmodel
2025-01-11 05:22:37,390 [INFO] CADModel:105 - Init CAD model plugin
2025-01-11 05:22:37,390 [INFO] PluginManage:359 - Loaded plugin cadmodel (category:power,tabindex:5)
2025-01-11 05:22:37,390 [INFO] PluginManage:310 - Check plugin clock
2025-01-11 05:22:37,417 [INFO] PluginManage:359 - Loaded plugin clock (category:base,tabindex:2)
2025-01-11 05:22:37,417 [INFO] PluginManage:310 - Check plugin ddr
2025-01-11 05:22:37,421 [INFO] PluginManage:359 - Loaded plugin ddr (category:tool,tabindex:6)
2025-01-11 05:22:37,421 [INFO] PluginManage:310 - Check plugin filemanager
2025-01-11 05:22:37,589 [INFO] PluginManage:359 - Loaded plugin filemanager (category:base,tabindex:10)
2025-01-11 05:22:37,589 [INFO] PluginManage:310 - Check plugin ipmanager
2025-01-11 05:22:37,600 [INFO] PluginManage:359 - Loaded plugin ipmanager (category:base,tabindex:5)
2025-01-11 05:22:37,600 [INFO] PluginManage:310 - Check plugin lpbam
2025-01-11 05:22:37,638 [INFO] PluginManage:359 - Loaded plugin lpbam (category:base,tabindex:0)
2025-01-11 05:22:37,638 [INFO] PluginManage:310 - Check plugin memorymap
2025-01-11 05:22:37,673 [INFO] PluginManage:359 - Loaded plugin memorymap (category:base,tabindex:4)
2025-01-11 05:22:37,673 [INFO] PluginManage:310 - Check plugin pinoutandconfiguration
2025-01-11 05:22:37,698 [INFO] PluginManage:359 - Loaded plugin pinoutandconfiguration (category:base,tabindex:1)
2025-01-11 05:22:37,699 [INFO] PluginManage:310 - Check plugin pinoutconfig
2025-01-11 05:22:37,815 [WARN] SupportedApi:132 - Cannot load RTOS API schema: s4s-elt-must-match.1: The content of 'definitions' must match (annotation?, (simpleType | complexType)?, (unique | key | keyref)*)). A problem was found starting at: attribute.
2025-01-11 05:22:37,983 [INFO] PluginManage:359 - Loaded plugin pinoutconfig (category:base,tabindex:0)
2025-01-11 05:22:37,983 [INFO] PluginManage:310 - Check plugin power
2025-01-11 05:22:38,015 [INFO] PluginManage:359 - Loaded plugin power (category:power,tabindex:4)
2025-01-11 05:22:38,015 [INFO] PluginManage:310 - Check plugin projectmanager
2025-01-11 05:22:38,041 [INFO] PluginManage:359 - Loaded plugin projectmanager (category:projectmanager,tabindex:3)
2025-01-11 05:22:38,041 [INFO] PluginManage:310 - Check plugin thirdparty
2025-01-11 05:22:38,409 [INFO] PluginManage:359 - Loaded plugin thirdparty (category:base,tabindex:-1)
2025-01-11 05:22:38,409 [WARN] IntegrityCheckThread:84 - waiting for thirdparty lock release [integrity check]
2025-01-11 05:22:38,409 [INFO] PluginManage:310 - Check plugin tools
2025-01-11 05:22:38,409 [INFO] IntegrityCheckThread:86 - entering critical section [integrity check]
2025-01-11 05:22:38,409 [INFO] ThirdPartyUpdaterWithRetryManager:70 - Updater plugin not ready yet. [1/15]
2025-01-11 05:22:38,472 [INFO] PluginManage:359 - Loaded plugin tools (category:base,tabindex:7)
2025-01-11 05:22:38,472 [INFO] PluginManage:310 - Check plugin tutovideos
2025-01-11 05:22:38,730 [INFO] PluginManage:359 - Loaded plugin tutovideos (category:base,tabindex:-1)
2025-01-11 05:22:38,730 [INFO] PluginManage:310 - Check plugin updater
2025-01-11 05:22:38,748 [INFO] PluginManage:359 - Loaded plugin updater (category:base,tabindex:12)
2025-01-11 05:22:38,748 [INFO] PluginManage:310 - Check plugin userauth
2025-01-11 05:22:38,757 [INFO] UserAuth:114 - Init User Auth plugin
2025-01-11 05:22:38,757 [INFO] PluginManage:359 - Loaded plugin userauth (category:base,tabindex:14)
2025-01-11 05:22:38,758 [INFO] PluginManage:283 - PluginManage : Loaded plugins [17]
2025-01-11 05:22:39,101 [INFO] PinOutPanel:1499 - setPackage(No Configuration,No Configuration)
2025-01-11 05:22:39,208 [INFO] CADModel:165 - CPN selected for project level
2025-01-11 05:22:39,208 [INFO] CADModel:114 - Register for checkConnection events
2025-01-11 05:22:39,247 [INFO] IPUIPlugin:80 - create IPUIPlugin
2025-01-11 05:22:39,247 [INFO] PluginManager:220 - loadIPPluginJar : add adc
2025-01-11 05:22:39,295 [INFO] IPUIPlugin:80 - create IPUIPlugin
2025-01-11 05:22:39,295 [INFO] PluginManager:220 - loadIPPluginJar : add aes
2025-01-11 05:22:39,354 [INFO] IPUIPlugin:80 - create IPUIPlugin
2025-01-11 05:22:39,354 [INFO] PluginManager:220 - loadIPPluginJar : add can
2025-01-11 05:22:39,384 [INFO] IPUIPlugin:80 - create IPUIPlugin
2025-01-11 05:22:39,384 [INFO] PluginManager:220 - loadIPPluginJar : add comp
2025-01-11 05:22:39,443 [INFO] IPUIPlugin:80 - create IPUIPlugin
2025-01-11 05:22:39,443 [INFO] PluginManager:220 - loadIPPluginJar : add cryp
2025-01-11 05:22:39,499 [INFO] IPUIPlugin:80 - create IPUIPlugin
2025-01-11 05:22:39,499 [INFO] PluginManager:220 - loadIPPluginJar : add dfsdm
2025-01-11 05:22:39,519 [INFO] IPUIPlugin:80 - create IPUIPlugin
2025-01-11 05:22:39,519 [INFO] PluginManager:220 - loadIPPluginJar : add dma
2025-01-11 05:22:39,585 [INFO] IPUIPlugin:80 - create IPUIPlugin
2025-01-11 05:22:39,585 [INFO] PluginManager:220 - loadIPPluginJar : add dma3
2025-01-11 05:22:39,620 [INFO] IPUIPlugin:80 - create IPUIPlugin
2025-01-11 05:22:39,620 [INFO] PluginManager:220 - loadIPPluginJar : add fatfs
2025-01-11 05:22:39,724 [INFO] IPUIPlugin:80 - create IPUIPlugin
2025-01-11 05:22:39,725 [INFO] PluginManager:220 - loadIPPluginJar : add fmc
2025-01-11 05:22:39,750 [INFO] IPUIPlugin:80 - create IPUIPlugin
2025-01-11 05:22:39,750 [INFO] PluginManager:220 - loadIPPluginJar : add freertos
2025-01-11 05:22:39,781 [INFO] IPUIPlugin:80 - create IPUIPlugin
2025-01-11 05:22:39,782 [INFO] PluginManager:220 - loadIPPluginJar : add genericplugin
2025-01-11 05:22:39,998 [INFO] IPUIPlugin:80 - create IPUIPlugin
2025-01-11 05:22:39,998 [INFO] PluginManager:220 - loadIPPluginJar : add gfxmmu
2025-01-11 05:22:40,247 [INFO] IPUIPlugin:80 - create IPUIPlugin
2025-01-11 05:22:40,247 [INFO] PluginManager:220 - loadIPPluginJar : add gic
2025-01-11 05:22:40,263 [INFO] IPUIPlugin:80 - create IPUIPlugin
2025-01-11 05:22:40,264 [INFO] PluginManager:220 - loadIPPluginJar : add gpio
2025-01-11 05:22:40,409 [INFO] IPUIPlugin:80 - create IPUIPlugin
2025-01-11 05:22:40,409 [INFO] PluginManager:220 - loadIPPluginJar : add gtzc
2025-01-11 05:22:40,470 [INFO] IPUIPlugin:80 - create IPUIPlugin
2025-01-11 05:22:40,471 [INFO] PluginManager:220 - loadIPPluginJar : add hash
2025-01-11 05:22:40,560 [INFO] IPUIPlugin:80 - create IPUIPlugin
2025-01-11 05:22:40,561 [INFO] PluginManager:220 - loadIPPluginJar : add i2c
2025-01-11 05:22:40,614 [INFO] IPUIPlugin:80 - create IPUIPlugin
2025-01-11 05:22:40,614 [INFO] PluginManager:220 - loadIPPluginJar : add i2s
2025-01-11 05:22:40,692 [INFO] IPUIPlugin:80 - create IPUIPlugin
2025-01-11 05:22:40,692 [INFO] PluginManager:220 - loadIPPluginJar : add i3c
2025-01-11 05:22:40,834 [INFO] IPUIPlugin:80 - create IPUIPlugin
2025-01-11 05:22:40,834 [INFO] PluginManager:220 - loadIPPluginJar : add ipddr
2025-01-11 05:22:40,962 [INFO] IPUIPlugin:80 - create IPUIPlugin
2025-01-11 05:22:40,962 [INFO] PluginManager:220 - loadIPPluginJar : add linkedlist
2025-01-11 05:22:41,015 [INFO] IPUIPlugin:80 - create IPUIPlugin
2025-01-11 05:22:41,015 [INFO] PluginManager:220 - loadIPPluginJar : add lorawan
2025-01-11 05:22:41,073 [INFO] IPUIPlugin:80 - create IPUIPlugin
2025-01-11 05:22:41,073 [INFO] PluginManager:220 - loadIPPluginJar : add ltdc
2025-01-11 05:22:41,090 [INFO] IPUIPlugin:80 - create IPUIPlugin
2025-01-11 05:22:41,090 [INFO] PluginManager:220 - loadIPPluginJar : add mdma
2025-01-11 05:22:41,106 [INFO] IPUIPlugin:80 - create IPUIPlugin
2025-01-11 05:22:41,106 [INFO] PluginManager:220 - loadIPPluginJar : add nvic
2025-01-11 05:22:41,157 [INFO] IPUIPlugin:80 - create IPUIPlugin
2025-01-11 05:22:41,157 [INFO] PluginManager:220 - loadIPPluginJar : add opamp
2025-01-11 05:22:41,277 [INFO] IPUIPlugin:80 - create IPUIPlugin
2025-01-11 05:22:41,277 [INFO] PluginManager:220 - loadIPPluginJar : add openamp
2025-01-11 05:22:41,338 [INFO] IPUIPlugin:80 - create IPUIPlugin
2025-01-11 05:22:41,338 [INFO] PluginManager:220 - loadIPPluginJar : add pdm2pcm
2025-01-11 05:22:41,358 [INFO] IPUIPlugin:80 - create IPUIPlugin
2025-01-11 05:22:41,359 [INFO] PluginManager:220 - loadIPPluginJar : add plateformsettings
2025-01-11 05:22:41,399 [INFO] IPUIPlugin:80 - create IPUIPlugin
2025-01-11 05:22:41,399 [INFO] PluginManager:220 - loadIPPluginJar : add quadspi
2025-01-11 05:22:41,411 [INFO] ThirdPartyUpdaterWithRetryManager:70 - Updater plugin not ready yet. [2/15]
2025-01-11 05:22:41,421 [INFO] IPUIPlugin:80 - create IPUIPlugin
2025-01-11 05:22:41,421 [INFO] PluginManager:220 - loadIPPluginJar : add resmgrutility
2025-01-11 05:22:41,495 [INFO] IPUIPlugin:80 - create IPUIPlugin
2025-01-11 05:22:41,495 [INFO] PluginManager:220 - loadIPPluginJar : add sai
2025-01-11 05:22:41,554 [INFO] IPUIPlugin:80 - create IPUIPlugin
2025-01-11 05:22:41,554 [INFO] PluginManager:220 - loadIPPluginJar : add spi
2025-01-11 05:22:41,651 [INFO] IPUIPlugin:80 - create IPUIPlugin
2025-01-11 05:22:41,651 [INFO] PluginManager:220 - loadIPPluginJar : add stm32_wpan
2025-01-11 05:22:41,703 [INFO] IPUIPlugin:80 - create IPUIPlugin
2025-01-11 05:22:41,703 [INFO] PluginManager:220 - loadIPPluginJar : add tim
2025-01-11 05:22:41,805 [INFO] IPUIPlugin:80 - create IPUIPlugin
2025-01-11 05:22:41,805 [INFO] PluginManager:220 - loadIPPluginJar : add touchsensing
2025-01-11 05:22:41,835 [INFO] IPUIPlugin:80 - create IPUIPlugin
2025-01-11 05:22:41,835 [INFO] PluginManager:220 - loadIPPluginJar : add tracer_emb
2025-01-11 05:22:41,876 [INFO] IPUIPlugin:80 - create IPUIPlugin
2025-01-11 05:22:41,877 [INFO] PluginManager:220 - loadIPPluginJar : add ts
2025-01-11 05:22:41,908 [INFO] IPUIPlugin:80 - create IPUIPlugin
2025-01-11 05:22:41,908 [INFO] PluginManager:220 - loadIPPluginJar : add tsc
2025-01-11 05:22:41,953 [INFO] IPUIPlugin:80 - create IPUIPlugin
2025-01-11 05:22:41,953 [INFO] PluginManager:220 - loadIPPluginJar : add ucpd
2025-01-11 05:22:42,032 [INFO] IPUIPlugin:80 - create IPUIPlugin
2025-01-11 05:22:42,032 [INFO] PluginManager:220 - loadIPPluginJar : add usart
2025-01-11 05:22:42,098 [INFO] IPUIPlugin:80 - create IPUIPlugin
2025-01-11 05:22:42,098 [INFO] PluginManager:220 - loadIPPluginJar : add usbx
2025-01-11 05:22:42,233 [INFO] CADModel:165 - CPN selected for project level
2025-01-11 05:22:42,233 [INFO] CADModel:114 - Register for checkConnection events
2025-01-11 05:22:42,233 [FATAL] Updater:308 - Updater called before beeing initialized
2025-01-11 05:22:42,233 [ERROR] CADModel:125 - Updater not yet initialized, retry later 
2025-01-11 05:22:42,396 [INFO] CADModel:165 - CPN selected for project level
2025-01-11 05:22:42,396 [INFO] CADModel:114 - Register for checkConnection events
2025-01-11 05:22:42,396 [FATAL] Updater:308 - Updater called before beeing initialized
2025-01-11 05:22:42,396 [ERROR] CADModel:125 - Updater not yet initialized, retry later 
2025-01-11 05:22:42,400 [FATAL] Updater:308 - Updater called before beeing initialized
2025-01-11 05:22:42,518 [FATAL] Updater:308 - Updater called before beeing initialized
2025-01-11 05:22:42,531 [INFO] DbMcusAds:53 - JSON generation date=Fri Sep 20 15:04:23 CEST 2024 (1726837463113)
2025-01-11 05:22:42,531 [FATAL] Updater:308 - Updater called before beeing initialized
2025-01-11 05:22:42,634 [WARN] DetailPanel:346 - Failed to get advertising image, set to default
2025-01-11 05:22:42,725 [FATAL] Updater:308 - Updater called before beeing initialized
2025-01-11 05:22:42,728 [FATAL] Updater:308 - Updater called before beeing initialized
2025-01-11 05:22:42,728 [FATAL] Updater:308 - Updater called before beeing initialized
2025-01-11 05:22:42,728 [WARN] DetailPanel:346 - Failed to get advertising image, set to default
2025-01-11 05:22:42,729 [FATAL] Updater:308 - Updater called before beeing initialized
2025-01-11 05:22:42,801 [ERROR] Updater:1120 - MainUpdater not yet initialized. External WinMGr cannot be set.
2025-01-11 05:22:42,813 [INFO] Updater:1056 - Updater Version found : 6.10.0
2025-01-11 05:22:42,833 [INFO] ApplicationProperties:184 - Using Application install path: C:\ST\STM32CubeIDE_1.14.1\STM32CubeIDE\plugins\com.st.stm32cube.common.mx_6.10.0.202311202037
2025-01-11 05:22:44,413 [INFO] ThirdPartyUpdaterWithRetryManager:70 - Updater plugin not ready yet. [3/15]
2025-01-11 05:22:44,417 [ERROR] LogOutputStream:75 - [STDERR_REDIRECT] Jan 11, 2025 5:22:44 AM java.util.prefs.WindowsPreferences <init>
2025-01-11 05:22:44,420 [ERROR] LogOutputStream:75 - [STDERR_REDIRECT] WARNING: Could not open/create prefs root node Software\JavaSoft\Prefs at root 0xffffffff80000002. Windows RegCreateKeyEx(...) returned error code 5.
2025-01-11 05:22:44,421 [ERROR] LogOutputStream:75 - [STDERR_REDIRECT] 
2025-01-11 05:22:44,895 [INFO] MainUpdater:2873 - connection check result : 10
2025-01-11 05:22:44,896 [INFO] MainUpdater:290 - Updater Check For Update Now.
2025-01-11 05:22:44,898 [INFO] MicroXplorer:498 - Change Database Version : DB.6.0.100
2025-01-11 05:22:44,927 [INFO] McuFinderGlobals:63 - Set McuFinder mode to 2 (CubeIDE integrated)
2025-01-11 05:22:45,122 [INFO] UserAuth:404 - Internet connection configuration mode: 1
2025-01-11 05:22:45,172 [INFO] JxBrowserEngine:152 - Initiate JxBrowser Engine with user profile folder
2025-01-11 05:22:45,269 [INFO] CheckServerUpdateThread:120 - End of CheckServer Thread
2025-01-11 05:22:47,921 [WARN] PackLoader:240 - Cannot read IP mode file for STMicroelectronics.FP-SNS-MOTENVWB1.1.4.0
2025-01-11 05:22:47,953 [WARN] PackLoader:240 - Cannot read IP mode file for STMicroelectronics.FP-ATR-ASTRA1.2.0.1
2025-01-11 05:22:47,984 [WARN] PackLoader:240 - Cannot read IP mode file for STMicroelectronics.X-CUBE-SMBUS.2.1.0
2025-01-11 05:22:48,031 [WARN] PackLoader:240 - Cannot read IP mode file for STMicroelectronics.X-CUBE-WB05N.1.1.0
2025-01-11 05:22:48,070 [WARN] PackLoader:240 - Cannot read IP mode file for STMicroelectronics.X-CUBE-TOUCHGFX.4.23.1
2025-01-11 05:22:48,098 [WARN] PackLoader:240 - Cannot read IP mode file for STMicroelectronics.X-CUBE-TOUCHGFX.4.23.0
2025-01-11 05:22:48,134 [WARN] PackLoader:240 - Cannot read IP mode file for STMicroelectronics.X-CUBE-TOUCHGFX.4.23.2
2025-01-11 05:22:48,237 [WARN] PackLoader:240 - Cannot read IP mode file for STMicroelectronics.X-CUBE-AZRTOS-F7.1.1.0
2025-01-11 05:22:48,308 [WARN] PackLoader:240 - Cannot read IP mode file for STMicroelectronics.FP-SNS-MOTENV1.4.3.2
2025-01-11 05:22:48,541 [WARN] PackLoader:240 - Cannot read IP mode file for STMicroelectronics.X-CUBE-MEMS1.11.0.0
2025-01-11 05:22:48,941 [WARN] PackLoader:240 - Cannot read IP mode file for STMicroelectronics.X-CUBE-BLE1.6.2.4
2025-01-11 05:22:48,986 [WARN] PackLoader:240 - Cannot read IP mode file for STMicroelectronics.FP-SNS-FLIGHT1.5.0.2
2025-01-11 05:22:49,039 [WARN] PackLoader:240 - Cannot read IP mode file for STMicroelectronics.X-CUBE-DISPLAY.3.0.0
2025-01-11 05:22:49,113 [WARN] PackLoader:240 - Cannot read IP mode file for STMicroelectronics.X-CUBE-BLE1.7.0.0
2025-01-11 05:22:49,156 [WARN] PackLoader:240 - Cannot read IP mode file for STMicroelectronics.X-CUBE-NFC10.1.0.0
2025-01-11 05:22:49,219 [WARN] PackLoader:240 - Cannot read IP mode file for STMicroelectronics.X-CUBE-BLEMGR.4.0.0
2025-01-11 05:22:49,256 [WARN] PackLoader:240 - Cannot read IP mode file for emotas.I-CUBE-CANOPEN.1.3.0
2025-01-11 05:22:49,310 [WARN] PackLoader:240 - Cannot read IP mode file for STMicroelectronics.X-CUBE-BLEMGR.3.1.0
2025-01-11 05:22:49,351 [WARN] PackLoader:240 - Cannot read IP mode file for STMicroelectronics.FP-SNS-SMARTAG2.1.2.0
2025-01-11 05:22:49,619 [WARN] PackLoader:240 - Cannot read IP mode file for STMicroelectronics.X-CUBE-MEMS1.11.1.0
2025-01-11 05:22:49,907 [INFO] LogOutputStream:77 - [STDOUT_REDIRECT] 1 : Invalid condition id : UX_CORESTACK_Condition cause : null
2025-01-11 05:22:49,909 [INFO] LogOutputStream:77 - [STDOUT_REDIRECT] 1 : Invalid condition id : UX_CORESTACK_Condition cause : null
2025-01-11 05:22:49,912 [INFO] LogOutputStream:77 - [STDOUT_REDIRECT] 1 : Invalid condition id : UX_CORESTACK_Condition cause : null
2025-01-11 05:22:49,914 [INFO] LogOutputStream:77 - [STDOUT_REDIRECT] 1 : Invalid condition id : UX_CORESTACK_Condition cause : null
2025-01-11 05:22:49,915 [INFO] LogOutputStream:77 - [STDOUT_REDIRECT] 1 : Invalid condition id : UX_CORESTACK_Condition cause : null
2025-01-11 05:22:49,921 [WARN] PackLoader:240 - Cannot read IP mode file for STMicroelectronics.X-CUBE-AZRTOS-WL.2.0.0
2025-01-11 05:22:49,953 [WARN] PackLoader:240 - Cannot read IP mode file for STMicroelectronics.FP-SNS-MOTENV1.5.0.0
2025-01-11 05:22:49,984 [WARN] PackLoader:240 - Cannot read IP mode file for wolfSSL.I-CUBE-wolfMQTT.1.19.0
2025-01-11 05:22:50,031 [WARN] PackLoader:240 - Cannot read IP mode file for WES.I-CUBE-Cesium.1.3.0
2025-01-11 05:22:50,057 [WARN] PackLoader:240 - Cannot read IP mode file for STMicroelectronics.X-CUBE-BLE2.3.3.0
2025-01-11 05:22:50,087 [WARN] PackLoader:240 - Cannot read IP mode file for STMicroelectronics.X-CUBE-NFC9.1.0.0
2025-01-11 05:22:50,130 [WARN] PackLoader:240 - Cannot read IP mode file for STMicroelectronics.X-CUBE-TCPP.4.1.0
2025-01-11 05:22:50,160 [WARN] PackLoader:240 - Cannot read IP mode file for STMicroelectronics.X-CUBE-TOUCHGFX.4.21.3
2025-01-11 05:22:50,190 [WARN] PackLoader:240 - Cannot read IP mode file for STMicroelectronics.X-CUBE-ALGOBUILD.1.3.0
2025-01-11 05:22:50,234 [WARN] PackLoader:240 - Cannot read IP mode file for STMicroelectronics.X-CUBE-AZRTOS-G0.1.1.0
2025-01-11 05:22:50,276 [WARN] PackLoader:240 - Cannot read IP mode file for STMicroelectronics.X-CUBE-SAFEA1.1.2.2
2025-01-11 05:22:50,309 [WARN] PackLoader:240 - Cannot read IP mode file for STMicroelectronics.X-CUBE-NFC4.3.0.0
2025-01-11 05:22:50,333 [WARN] PackLoader:240 - Cannot read IP mode file for wolfSSL.I-CUBE-wolfMQTT.1.18.0
2025-01-11 05:22:50,368 [WARN] PackLoader:240 - Cannot read IP mode file for EmbeddedOffice.I-CUBE-FS-RTOS.1.0.1
2025-01-11 05:22:50,369 [ERROR] ConditionMgr:805 - Attr not supported : Dmpu
2025-01-11 05:22:50,369 [ERROR] ConditionMgr:805 - Attr not supported : Dmpu
2025-01-11 05:22:50,369 [ERROR] ConditionMgr:805 - Attr not supported : Dmpu
2025-01-11 05:22:50,369 [ERROR] ConditionMgr:805 - Attr not supported : Dmpu
2025-01-11 05:22:50,369 [ERROR] ConditionMgr:805 - Attr not supported : Dmpu
2025-01-11 05:22:50,369 [ERROR] ConditionMgr:805 - Attr not supported : Dmpu
2025-01-11 05:22:50,369 [ERROR] ConditionMgr:805 - Attr not supported : Dmpu
2025-01-11 05:22:50,369 [ERROR] ConditionMgr:805 - Attr not supported : Dmpu
2025-01-11 05:22:50,370 [ERROR] ConditionMgr:805 - Attr not supported : Dmpu
2025-01-11 05:22:50,370 [ERROR] ConditionMgr:805 - Attr not supported : Dmpu
2025-01-11 05:22:50,370 [ERROR] ConditionMgr:805 - Attr not supported : Dmpu
2025-01-11 05:22:50,370 [ERROR] ConditionMgr:805 - Attr not supported : Dmpu
2025-01-11 05:22:50,370 [ERROR] ConditionMgr:805 - Attr not supported : Dmpu
2025-01-11 05:22:50,370 [ERROR] ConditionMgr:805 - Attr not supported : Dmpu
2025-01-11 05:22:50,370 [ERROR] ConditionMgr:805 - Attr not supported : Dmpu
2025-01-11 05:22:50,370 [ERROR] ConditionMgr:805 - Attr not supported : Dmpu
2025-01-11 05:22:50,370 [ERROR] ConditionMgr:805 - Attr not supported : Dmpu
2025-01-11 05:22:50,370 [ERROR] ConditionMgr:805 - Attr not supported : Dmpu
2025-01-11 05:22:50,372 [ERROR] ConditionMgr:805 - Attr not supported : Dmpu
2025-01-11 05:22:50,372 [ERROR] ConditionMgr:805 - Attr not supported : Dmpu
2025-01-11 05:22:50,372 [ERROR] ConditionMgr:805 - Attr not supported : Dmpu
2025-01-11 05:22:50,372 [ERROR] ConditionMgr:805 - Attr not supported : Dmpu
2025-01-11 05:22:50,372 [ERROR] ConditionMgr:805 - Attr not supported : Dmpu
2025-01-11 05:22:50,372 [ERROR] ConditionMgr:805 - Attr not supported : Dmpu
2025-01-11 05:22:50,372 [ERROR] ConditionMgr:805 - Attr not supported : Dmpu
2025-01-11 05:22:50,372 [ERROR] ConditionMgr:805 - Attr not supported : Dmpu
2025-01-11 05:22:50,372 [ERROR] ConditionMgr:805 - Attr not supported : Dmpu
2025-01-11 05:22:50,372 [ERROR] ConditionMgr:805 - Attr not supported : Dmpu
2025-01-11 05:22:50,372 [ERROR] ConditionMgr:805 - Attr not supported : Dmpu
2025-01-11 05:22:50,372 [ERROR] ConditionMgr:805 - Attr not supported : Dmpu
2025-01-11 05:22:50,372 [ERROR] ConditionMgr:805 - Attr not supported : Dmpu
2025-01-11 05:22:50,372 [ERROR] ConditionMgr:805 - Attr not supported : Dmpu
2025-01-11 05:22:50,373 [ERROR] ConditionMgr:805 - Attr not supported : Dmpu
2025-01-11 05:22:50,373 [ERROR] ConditionMgr:805 - Attr not supported : Dmpu
2025-01-11 05:22:50,373 [ERROR] ConditionMgr:805 - Attr not supported : Dmpu
2025-01-11 05:22:50,373 [ERROR] ConditionMgr:805 - Attr not supported : Dmpu
2025-01-11 05:22:50,373 [ERROR] ConditionMgr:805 - Attr not supported : Dmpu
2025-01-11 05:22:50,373 [ERROR] ConditionMgr:805 - Attr not supported : Dmpu
2025-01-11 05:22:50,373 [ERROR] ConditionMgr:805 - Attr not supported : Dmpu
2025-01-11 05:22:50,373 [ERROR] ConditionMgr:805 - Attr not supported : Dmpu
2025-01-11 05:22:50,373 [ERROR] ConditionMgr:805 - Attr not supported : Dmpu
2025-01-11 05:22:50,373 [ERROR] ConditionMgr:805 - Attr not supported : Dmpu
2025-01-11 05:22:50,373 [ERROR] ConditionMgr:805 - Attr not supported : Dmpu
2025-01-11 05:22:50,373 [ERROR] ConditionMgr:805 - Attr not supported : Dmpu
2025-01-11 05:22:50,373 [ERROR] ConditionMgr:805 - Attr not supported : Dmpu
2025-01-11 05:22:50,374 [ERROR] ConditionMgr:805 - Attr not supported : Dmpu
2025-01-11 05:22:50,374 [ERROR] ConditionMgr:805 - Attr not supported : Dmpu
2025-01-11 05:22:50,374 [ERROR] ConditionMgr:805 - Attr not supported : Dmpu
2025-01-11 05:22:50,374 [ERROR] ConditionMgr:805 - Attr not supported : Dmpu
2025-01-11 05:22:50,374 [ERROR] ConditionMgr:805 - Attr not supported : Dmpu
2025-01-11 05:22:50,374 [ERROR] ConditionMgr:805 - Attr not supported : Dmpu
2025-01-11 05:22:50,375 [ERROR] ConditionMgr:805 - Attr not supported : Dmpu
2025-01-11 05:22:50,375 [ERROR] ConditionMgr:805 - Attr not supported : Dmpu
2025-01-11 05:22:50,375 [ERROR] ConditionMgr:805 - Attr not supported : Dmpu
2025-01-11 05:22:50,375 [ERROR] ConditionMgr:805 - Attr not supported : Dmpu
2025-01-11 05:22:50,375 [ERROR] ConditionMgr:805 - Attr not supported : Dmpu
2025-01-11 05:22:50,375 [ERROR] ConditionMgr:805 - Attr not supported : Dmpu
2025-01-11 05:22:50,377 [ERROR] ConditionMgr:805 - Attr not supported : Dmpu
2025-01-11 05:22:50,377 [ERROR] ConditionMgr:805 - Attr not supported : Dmpu
2025-01-11 05:22:50,377 [ERROR] ConditionMgr:805 - Attr not supported : Dmpu
2025-01-11 05:22:50,378 [ERROR] ConditionMgr:805 - Attr not supported : Dmpu
2025-01-11 05:22:50,378 [ERROR] ConditionMgr:805 - Attr not supported : Dmpu
2025-01-11 05:22:50,378 [ERROR] ConditionMgr:805 - Attr not supported : Dmpu
2025-01-11 05:22:50,380 [ERROR] ConditionMgr:805 - Attr not supported : Dmpu
2025-01-11 05:22:50,415 [WARN] PackLoader:240 - Cannot read IP mode file for STMicroelectronics.X-CUBE-BLEMGR.3.0.0
2025-01-11 05:22:50,442 [ERROR] Engine:466 - C:\Users\ahmed\.stm32cubemx\thirdparties\pdsc\STMicroelectronics.X-CUBE-TCPP.4.2.0.pdsc: PDSC version is not supported
2025-01-11 05:22:50,471 [WARN] PackLoader:240 - Cannot read IP mode file for RealThread.X-CUBE-RT-Thread_Nano.4.1.1
2025-01-11 05:22:50,499 [WARN] PackLoader:240 - Cannot read IP mode file for STMicroelectronics.FP-ATR-SIGFOX1.3.2.0
2025-01-11 05:22:50,532 [WARN] ConditionMgr:438 - getConditionDescription Invalid condition id : Cortex-A Device cause : null
2025-01-11 05:22:50,576 [WARN] ConditionMgr:1039 - genDependencies : Invalid condition id : Cortex-A Device cause : null
2025-01-11 05:22:50,576 [WARN] ConditionMgr:1039 - genDependencies : Invalid condition id : Cortex-A Device cause : null
2025-01-11 05:22:50,577 [WARN] ConditionMgr:1039 - genDependencies : Invalid condition id : Cortex-A Device cause : null
2025-01-11 05:22:50,610 [WARN] PackLoader:240 - Cannot read IP mode file for STMicroelectronics.X-CUBE-EEPRMA1.5.1.0
2025-01-11 05:22:50,743 [WARN] PackLoader:240 - Cannot read IP mode file for STMicroelectronics.X-CUBE-MEMS1.9.5.0
2025-01-11 05:22:51,240 [WARN] PackLoader:240 - Cannot read IP mode file for SEGGER.I-CUBE-embOS.1.3.1
2025-01-11 05:22:51,339 [WARN] PackLoader:240 - Cannot read IP mode file for STMicroelectronics.X-CUBE-ALGOBUILD.1.4.0
2025-01-11 05:22:51,364 [WARN] PackLoader:240 - Cannot read IP mode file for STMicroelectronics.X-CUBE-AI.9.1.0
2025-01-11 05:22:51,393 [WARN] PackLoader:240 - Cannot read IP mode file for STMicroelectronics.X-CUBE-GNSS1.6.0.0
2025-01-11 05:22:51,443 [WARN] PackLoader:240 - Cannot read IP mode file for STMicroelectronics.X-CUBE-AZRTOS-F4.1.1.0
2025-01-11 05:22:51,471 [WARN] PackLoader:240 - Cannot read IP mode file for wolfSSL.I-CUBE-wolfSSL.5.6.0
2025-01-11 05:22:51,501 [WARN] PackLoader:240 - Cannot read IP mode file for STMicroelectronics.X-CUBE-ISPU.2.1.0
2025-01-11 05:22:51,525 [WARN] PackLoader:240 - Cannot read IP mode file for STMicroelectronics.X-CUBE-FREERTOS.1.2.0
2025-01-11 05:22:51,543 [WARN] PackLoader:240 - Cannot read IP mode file for wolfSSL.I-CUBE-wolfSSL.5.6.6
2025-01-11 05:22:51,584 [WARN] PackLoader:240 - Cannot read IP mode file for STMicroelectronics.X-CUBE-AZRTOS-L5.2.0.0
2025-01-11 05:22:51,621 [WARN] PackLoader:240 - Cannot read IP mode file for STMicroelectronics.X-CUBE-EEPRMA1.4.2.0
2025-01-11 05:22:51,654 [WARN] PackLoader:240 - Cannot read IP mode file for STMicroelectronics.X-CUBE-NFC6.3.1.0
2025-01-11 05:22:51,680 [WARN] PackLoader:240 - Cannot read IP mode file for ITTIA_DB.I-CUBE-ITTIADB.8.8.0
2025-01-11 05:22:51,716 [WARN] PackLoader:240 - Cannot read IP mode file for emotas.I-CUBE-CANOPEN.1.1.3
2025-01-11 05:22:51,741 [WARN] PackLoader:240 - Cannot read IP mode file for STMicroelectronics.X-CUBE-BLEMGR.2.0.0
2025-01-11 05:22:51,791 [WARN] PackLoader:240 - Cannot read IP mode file for STMicroelectronics.X-CUBE-DPower.1.2.0
2025-01-11 05:22:51,828 [WARN] PackLoader:240 - Cannot read IP mode file for STMicroelectronics.X-CUBE-AI.9.0.0
2025-01-11 05:22:51,896 [WARN] ConditionMgr:438 - getConditionDescription Invalid condition id : UX DEVICE CLASS RTOS Condition cause : null
2025-01-11 05:22:51,896 [WARN] ConditionMgr:438 - getConditionDescription Invalid condition id : UX DEVICE CLASS RTOS Condition cause : null
2025-01-11 05:22:51,902 [WARN] PackLoader:240 - Cannot read IP mode file for STMicroelectronics.X-CUBE-AZRTOS-H7.3.1.0
2025-01-11 05:22:51,904 [WARN] ConditionMgr:1039 - genDependencies : Invalid condition id : UX DEVICE CLASS RTOS Condition cause : null
2025-01-11 05:22:51,905 [WARN] ConditionMgr:1039 - genDependencies : Invalid condition id : UX DEVICE CLASS RTOS Condition cause : null
2025-01-11 05:22:51,907 [WARN] ConditionMgr:1039 - genDependencies : Invalid condition id : UX DEVICE CLASS RTOS Condition cause : null
2025-01-11 05:22:51,907 [WARN] ConditionMgr:1039 - genDependencies : Invalid condition id : UX DEVICE CLASS RTOS Condition cause : null
2025-01-11 05:22:51,907 [WARN] ConditionMgr:1039 - genDependencies : Invalid condition id : UX DEVICE CLASS RTOS Condition cause : null
2025-01-11 05:22:51,939 [WARN] PackLoader:240 - Cannot read IP mode file for STMicroelectronics.X-CUBE-FREERTOS.1.3.0
2025-01-11 05:22:51,981 [WARN] PackLoader:240 - Cannot read IP mode file for STMicroelectronics.X-CUBE-NFC7.1.0.1
2025-01-11 05:22:52,018 [WARN] PackLoader:240 - Cannot read IP mode file for STMicroelectronics.X-CUBE-NFC7.1.0.0
2025-01-11 05:22:52,069 [WARN] PackLoader:240 - Cannot read IP mode file for wolfSSL.I-CUBE-wolfTPM.3.2.0
2025-01-11 05:22:52,106 [WARN] PackLoader:240 - Cannot read IP mode file for STMicroelectronics.X-CUBE-NFC6.3.0.0
2025-01-11 05:22:52,162 [WARN] PackLoader:240 - Cannot read IP mode file for STMicroelectronics.X-CUBE-EEPRMA1.4.1.0
2025-01-11 05:22:52,214 [WARN] PackLoader:240 - Cannot read IP mode file for STMicroelectronics.X-CUBE-AI.8.1.0
2025-01-11 05:22:52,290 [WARN] ConditionMgr:438 - getConditionDescription Invalid condition id : LAN8742 Phy interface Condition cause : null
2025-01-11 05:22:52,291 [WARN] PackLoader:240 - Cannot read IP mode file for STMicroelectronics.X-CUBE-AZRTOS-L4.2.0.0
2025-01-11 05:22:52,293 [WARN] ConditionMgr:1039 - genDependencies : Invalid condition id : LAN8742 Phy interface Condition cause : null
2025-01-11 05:22:52,295 [WARN] ConditionMgr:1039 - genDependencies : Invalid condition id : LAN8742 Phy interface Condition cause : null
2025-01-11 05:22:52,296 [WARN] ConditionMgr:1039 - genDependencies : Invalid condition id : LAN8742 Phy interface Condition cause : null
2025-01-11 05:22:52,331 [WARN] PackLoader:240 - Cannot read IP mode file for STMicroelectronics.X-CUBE-SFXS2LP1.4.0.0
2025-01-11 05:22:52,353 [WARN] PackLoader:240 - Cannot read IP mode file for STMicroelectronics.X-CUBE-ISPU.1.1.0
2025-01-11 05:22:52,421 [WARN] PackLoader:240 - Cannot read IP mode file for STMicroelectronics.X-CUBE-AZRTOS-H7.3.3.0
2025-01-11 05:22:52,447 [WARN] PackLoader:240 - Cannot read IP mode file for STMicroelectronics.X-CUBE-AI.8.0.0
2025-01-11 05:22:52,475 [WARN] PackLoader:240 - Cannot read IP mode file for STMicroelectronics.X-CUBE-IPS.3.0.0
2025-01-11 05:22:52,520 [WARN] ConditionMgr:438 - getConditionDescription Invalid condition id : UX DEVICE CLASS RTOS Condition cause : null
2025-01-11 05:22:52,521 [WARN] ConditionMgr:438 - getConditionDescription Invalid condition id : UX DEVICE CLASS RTOS Condition cause : null
2025-01-11 05:22:52,522 [WARN] PackLoader:240 - Cannot read IP mode file for STMicroelectronics.X-CUBE-AZRTOS-WB.2.0.0
2025-01-11 05:22:52,523 [WARN] ConditionMgr:1039 - genDependencies : Invalid condition id : UX DEVICE CLASS RTOS Condition cause : null
2025-01-11 05:22:52,523 [WARN] ConditionMgr:1039 - genDependencies : Invalid condition id : UX DEVICE CLASS RTOS Condition cause : null
2025-01-11 05:22:52,523 [WARN] ConditionMgr:1039 - genDependencies : Invalid condition id : UX DEVICE CLASS RTOS Condition cause : null
2025-01-11 05:22:52,523 [WARN] ConditionMgr:1039 - genDependencies : Invalid condition id : UX DEVICE CLASS RTOS Condition cause : null
2025-01-11 05:22:52,523 [WARN] ConditionMgr:1039 - genDependencies : Invalid condition id : UX DEVICE CLASS RTOS Condition cause : null
2025-01-11 05:22:52,548 [WARN] PackLoader:240 - Cannot read IP mode file for STMicroelectronics.X-CUBE-FREERTOS.1.0.1
2025-01-11 05:22:52,570 [WARN] PackLoader:240 - Cannot read IP mode file for STMicroelectronics.X-CUBE-GNSS1.7.0.0
2025-01-11 05:22:52,595 [WARN] PackLoader:240 - Cannot read IP mode file for STMicroelectronics.X-CUBE-GNSS1.7.0.1
2025-01-11 05:22:52,624 [WARN] PackLoader:240 - Cannot read IP mode file for STMicroelectronics.FP-SNS-STBOX1.2.0.0
2025-01-11 05:22:52,663 [WARN] PackLoader:240 - Cannot read IP mode file for STMicroelectronics.X-CUBE-AZRTOS-L5.1.1.0
2025-01-11 05:22:52,696 [WARN] PackLoader:240 - Cannot read IP mode file for STMicroelectronics.X-CUBE-SUBG2.5.0.0
2025-01-11 05:22:52,736 [WARN] PackLoader:240 - Cannot read IP mode file for STMicroelectronics.X-CUBE-AZRTOS-G4.2.0.0
2025-01-11 05:22:52,766 [WARN] PackLoader:240 - Cannot read IP mode file for STMicroelectronics.X-CUBE-TOF1.3.3.0
2025-01-11 05:22:52,822 [WARN] PackLoader:240 - Cannot read IP mode file for Infineon.AIROC-Wi-Fi-Bluetooth-STM32.1.5.1
2025-01-11 05:22:52,846 [WARN] PackLoader:240 - Cannot read IP mode file for STMicroelectronics.FP-SNS-MOTENVWB1.1.3.1
2025-01-11 05:22:52,893 [WARN] PackLoader:240 - Cannot read IP mode file for STMicroelectronics.X-CUBE-AZRTOS-G4.1.0.0
2025-01-11 05:22:52,948 [WARN] PackLoader:240 - Cannot read IP mode file for STMicroelectronics.X-CUBE-AZRTOS-L4.1.0.0
2025-01-11 05:22:52,978 [WARN] PackLoader:240 - Cannot read IP mode file for STMicroelectronics.X-CUBE-ISPU.2.0.0
2025-01-11 05:22:53,005 [ERROR] Engine:466 - C:\Users\ahmed\.stm32cubemx\thirdparties\pdsc\STMicroelectronics.X-CUBE-IPS.3.1.0.pdsc: PDSC version is not supported
2025-01-11 05:22:53,030 [WARN] PackLoader:240 - Cannot read IP mode file for STMicroelectronics.X-CUBE-ALS.1.0.2
2025-01-11 05:22:53,127 [WARN] PackLoader:240 - Cannot read IP mode file for STMicroelectronics.X-CUBE-MEMS1.10.0.0
2025-01-11 05:22:53,295 [WARN] PackLoader:240 - Cannot read IP mode file for STMicroelectronics.X-CUBE-FREERTOS.1.1.0
2025-01-11 05:22:53,319 [WARN] PackLoader:240 - Cannot read IP mode file for STMicroelectronics.X-CUBE-TOUCHGFX.4.24.0
2025-01-11 05:22:53,343 [WARN] PackLoader:240 - Cannot read IP mode file for STMicroelectronics.X-CUBE-TOUCHGFX.4.24.2
2025-01-11 05:22:53,377 [WARN] PackLoader:240 - Cannot read IP mode file for STMicroelectronics.X-CUBE-AZRTOS-WL.1.0.0
2025-01-11 05:22:53,400 [WARN] PackLoader:240 - Cannot read IP mode file for STMicroelectronics.X-CUBE-TOUCHGFX.4.24.1
2025-01-11 05:22:53,427 [WARN] PackLoader:240 - Cannot read IP mode file for portGmbH.I-Cube-SoM-uGOAL.1.1.0
2025-01-11 05:22:53,448 [WARN] PackLoader:240 - Cannot read IP mode file for STMicroelectronics.X-CUBE-ALS.1.0.1
2025-01-11 05:22:53,488 [WARN] PackLoader:240 - Cannot read IP mode file for STMicroelectronics.X-CUBE-AZRTOS-WB.1.1.0
2025-01-11 05:22:53,533 [WARN] PackLoader:240 - Cannot read IP mode file for STMicroelectronics.X-CUBE-AZRTOS-H7RS.1.0.0
2025-01-11 05:22:53,551 [WARN] PackLoader:240 - Cannot read IP mode file for STMicroelectronics.FP-ATR-ASTRA1.2.0.0
2025-01-11 05:22:53,581 [WARN] PackLoader:240 - Cannot read IP mode file for STMicroelectronics.X-CUBE-TOF1.3.4.2
2025-01-11 05:22:53,625 [WARN] PackLoader:240 - Cannot read IP mode file for STMicroelectronics.X-CUBE-TOF1.3.4.0
2025-01-11 05:22:53,668 [WARN] PackLoader:240 - Cannot read IP mode file for STMicroelectronics.X-CUBE-TOF1.3.4.1
2025-01-11 05:22:53,733 [WARN] PackLoader:240 - Cannot read IP mode file for STMicroelectronics.X-CUBE-AZRTOS-H7.3.2.0
2025-01-11 05:22:53,761 [WARN] PackLoader:240 - Cannot read IP mode file for wolfSSL.I-CUBE-wolfSSH.1.4.17
2025-01-11 05:22:53,763 [INFO] ThirdParty:978 - Integrity check success = true
2025-01-11 05:22:53,763 [INFO] IntegrityCheckThread:100 - exiting critical section [integrity check]
2025-01-11 05:22:53,763 [INFO] IntegrityCheckThread:103 - End integrity checks thread
2025-01-11 05:22:56,505 [INFO] WebApp:161 - Instantiating new browser for Auth
2025-01-11 05:22:57,532 [INFO] WebApp:780 - Register for checkConnection events
2025-01-11 05:22:57,533 [INFO] WebApp:414 - Apply proxy settings
2025-01-11 05:22:57,533 [INFO] WebApp:499 - Chromium requires no authentication
2025-01-11 05:22:57,546 [INFO] WebApp:442 - Direct internet connection detected
2025-01-11 05:22:57,841 [INFO] WebApp:192 - Starting web application
2025-01-11 05:22:57,841 [INFO] WebApp:544 - Web application path used C:\ST\STM32CubeIDE_1.14.1\STM32CubeIDE\plugins\com.st.stm32cube.common.mx_6.10.0.202311202037\db\plugins\mcufinder\reactClient1\index.html
2025-01-11 05:23:19,188 [ERROR] LogOutputStream:75 - [STDERR_REDIRECT] SLF4J: Failed to load class "org.slf4j.impl.StaticLoggerBinder".
2025-01-11 05:23:19,190 [ERROR] LogOutputStream:75 - [STDERR_REDIRECT] SLF4J: Defaulting to no-operation (NOP) logger implementation
2025-01-11 05:23:19,193 [ERROR] LogOutputStream:75 - [STDERR_REDIRECT] SLF4J: See http://www.slf4j.org/codes.html#StaticLoggerBinder for further details.
2025-01-11 06:37:42,290 [ERROR] ConfigurationRetriever:142 - IOException on connection: Connect timed out
