2024-12-31 06:30:12,581 [INFO] Activator:176 - 


2024-12-31 06:30:12,592 [INFO] Activator:177 - !SESSION log4j initialized
2024-12-31 06:30:20,411 [INFO] LogOutputStream:77 - [STDOUT_REDIRECT] 
2024-12-31 06:30:49,043 [INFO] ApplicationProperties:184 - Using Application install path: C:\ST\STM32CubeIDE_1.14.1\STM32CubeIDE\plugins\com.st.stm32cube.common.mx_6.10.0.202311202037
2024-12-31 06:30:49,069 [INFO] DbMcusXml:78 - Set database path to: C:\ST\STM32CubeIDE_1.14.1\STM32CubeIDE\plugins\com.st.stm32cube.common.mx_6.10.0.202311202037\\db\/mcu/
2024-12-31 06:30:49,069 [INFO] ApiDb:274 - Set plugin database path to: C:\ST\STM32CubeIDE_1.14.1\STM32CubeIDE\plugins\com.st.stm32cube.common.mx_6.10.0.202311202037\\db\/plugins/boardmanager/
2024-12-31 06:30:49,069 [WARN] ApiDb:259 - Overriding images path with different value:  => C:\ST\STM32CubeIDE_1.14.1\STM32CubeIDE\plugins\com.st.stm32cube.common.mx_6.10.0.202311202037\\db\/plugins/mcufinder/images/
2024-12-31 06:30:49,082 [INFO] ApiDb:250 - Set database path to: C:\Users\ahmed\.stmcufinder\plugins\mcufinder//mcu/
2024-12-31 06:30:49,083 [INFO] DbMcusAds:125 - Set database path to: C:\Users\ahmed\.stmcufinder\plugins\mcufinder//mcu/
2024-12-31 06:31:01,090 [INFO] CrossReferenceDbSqlite:203 - Set database path to: C:\Users\ahmed\.stmcufinder\plugins\mcufinder//mcu/cs/
2024-12-31 06:31:01,238 [INFO] RulesReader:64 - Compatibility file has been processed (297 Rules)
2024-12-31 06:31:01,338 [INFO] DbMcusXml:78 - Set database path to: C:\ST\STM32CubeIDE_1.14.1\STM32CubeIDE\plugins\com.st.stm32cube.common.mx_6.10.0.202311202037\\db\/mcu/
2024-12-31 06:31:01,338 [INFO] ApiDb:274 - Set plugin database path to: C:\ST\STM32CubeIDE_1.14.1\STM32CubeIDE\plugins\com.st.stm32cube.common.mx_6.10.0.202311202037\\db\/plugins/boardmanager/
2024-12-31 06:31:01,338 [INFO] ApiDb:261 - Set plugin images path to: C:\ST\STM32CubeIDE_1.14.1\STM32CubeIDE\plugins\com.st.stm32cube.common.mx_6.10.0.202311202037\\db\/plugins/mcufinder/images/
2024-12-31 06:31:01,338 [WARN] DbFile:41 - Overriding database path with different value: C:\Users\ahmed\.stmcufinder\plugins\mcufinder/ => C:\Users\ahmed\.stmcufinder\plugins\mcufinder
2024-12-31 06:31:01,338 [INFO] ApiDb:250 - Set database path to: C:\Users\ahmed\.stmcufinder\plugins\mcufinder//mcu/
2024-12-31 06:31:01,338 [WARN] DbFile:41 - Overriding database path with different value: C:\Users\ahmed\.stmcufinder\plugins\mcufinder/ => C:\Users\ahmed\.stmcufinder\plugins\mcufinder
2024-12-31 06:31:01,338 [INFO] DbMcusAds:125 - Set database path to: C:\Users\ahmed\.stmcufinder\plugins\mcufinder//mcu/
2024-12-31 06:31:01,338 [WARN] DbFile:41 - Overriding database path with different value: C:\Users\ahmed\.stmcufinder\plugins\mcufinder/ => C:\Users\ahmed\.stmcufinder\plugins\mcufinder
2024-12-31 06:31:01,338 [WARN] DbFile:41 - Overriding database path with different value: C:\Users\ahmed\.stmcufinder\plugins\mcufinder/ => C:\Users\ahmed\.stmcufinder\plugins\mcufinder
2024-12-31 06:31:01,338 [INFO] CrossReferenceDbSqlite:203 - Set database path to: C:\Users\ahmed\.stmcufinder\plugins\mcufinder//mcu/cs/
2024-12-31 06:31:01,431 [INFO] MainPanel:264 - HeapMemory: 268435456
2024-12-31 06:31:01,545 [INFO] DbMcusXml:78 - Set database path to: C:\ST\STM32CubeIDE_1.14.1\STM32CubeIDE\plugins\com.st.stm32cube.common.mx_6.10.0.202311202037\\db\/mcu/
2024-12-31 06:31:01,545 [INFO] ApiDb:274 - Set plugin database path to: C:\ST\STM32CubeIDE_1.14.1\STM32CubeIDE\plugins\com.st.stm32cube.common.mx_6.10.0.202311202037\\db\/plugins/boardmanager/
2024-12-31 06:31:01,545 [INFO] ApiDb:261 - Set plugin images path to: C:\ST\STM32CubeIDE_1.14.1\STM32CubeIDE\plugins\com.st.stm32cube.common.mx_6.10.0.202311202037\\db\/plugins/mcufinder/images/
2024-12-31 06:31:01,546 [WARN] DbFile:41 - Overriding database path with different value: C:\Users\ahmed\.stmcufinder\plugins\mcufinder/ => C:\Users\ahmed\.stmcufinder\plugins\mcufinder
2024-12-31 06:31:01,546 [INFO] ApiDb:250 - Set database path to: C:\Users\ahmed\.stmcufinder\plugins\mcufinder//mcu/
2024-12-31 06:31:01,546 [WARN] DbFile:41 - Overriding database path with different value: C:\Users\ahmed\.stmcufinder\plugins\mcufinder/ => C:\Users\ahmed\.stmcufinder\plugins\mcufinder
2024-12-31 06:31:01,546 [INFO] DbMcusAds:125 - Set database path to: C:\Users\ahmed\.stmcufinder\plugins\mcufinder//mcu/
2024-12-31 06:31:01,546 [WARN] DbFile:41 - Overriding database path with different value: C:\Users\ahmed\.stmcufinder\plugins\mcufinder/ => C:\Users\ahmed\.stmcufinder\plugins\mcufinder
2024-12-31 06:31:01,546 [WARN] DbFile:41 - Overriding database path with different value: C:\Users\ahmed\.stmcufinder\plugins\mcufinder/ => C:\Users\ahmed\.stmcufinder\plugins\mcufinder
2024-12-31 06:31:01,547 [INFO] CrossReferenceDbSqlite:203 - Set database path to: C:\Users\ahmed\.stmcufinder\plugins\mcufinder//mcu/cs/
2024-12-31 06:31:01,567 [INFO] ApplicationProperties:184 - Using Application install path: C:\ST\STM32CubeIDE_1.14.1\STM32CubeIDE\plugins\com.st.stm32cube.common.mx_6.10.0.202311202037
2024-12-31 06:31:01,569 [INFO] PluginManage:196 - Search for loadable plugins [exclusion list=, ]
2024-12-31 06:31:01,571 [INFO] PluginManage:310 - Check plugin analytics
2024-12-31 06:31:06,721 [INFO] AnalyticsPlugin:253 - Accepted Software Licenses: 
2024-12-31 06:31:06,721 [INFO] AnalyticsPlugin:255 - Accepted CMSIS Pack Licenses: 
2024-12-31 06:31:06,721 [INFO] AnalyticsPlugin:257 - Accepted Firmware Licenses: FW.F4.1.28.0,FW.F4.1.27.0
2024-12-31 06:31:06,724 [INFO] PluginManage:359 - Loaded plugin analytics (category:tool,tabindex:-1)
2024-12-31 06:31:06,724 [INFO] PluginManage:310 - Check plugin cadmodel
2024-12-31 06:31:06,742 [INFO] CADModel:105 - Init CAD model plugin
2024-12-31 06:31:06,743 [INFO] PluginManage:359 - Loaded plugin cadmodel (category:power,tabindex:5)
2024-12-31 06:31:06,743 [INFO] PluginManage:310 - Check plugin clock
2024-12-31 06:31:06,765 [INFO] PluginManage:359 - Loaded plugin clock (category:base,tabindex:2)
2024-12-31 06:31:06,765 [INFO] PluginManage:310 - Check plugin ddr
2024-12-31 06:31:06,769 [INFO] PluginManage:359 - Loaded plugin ddr (category:tool,tabindex:6)
2024-12-31 06:31:06,769 [INFO] PluginManage:310 - Check plugin filemanager
2024-12-31 06:31:06,921 [INFO] PluginManage:359 - Loaded plugin filemanager (category:base,tabindex:10)
2024-12-31 06:31:06,921 [INFO] PluginManage:310 - Check plugin ipmanager
2024-12-31 06:31:06,932 [INFO] PluginManage:359 - Loaded plugin ipmanager (category:base,tabindex:5)
2024-12-31 06:31:06,932 [INFO] PluginManage:310 - Check plugin lpbam
2024-12-31 06:31:06,950 [INFO] PluginManage:359 - Loaded plugin lpbam (category:base,tabindex:0)
2024-12-31 06:31:06,951 [INFO] PluginManage:310 - Check plugin memorymap
2024-12-31 06:31:06,978 [INFO] PluginManage:359 - Loaded plugin memorymap (category:base,tabindex:4)
2024-12-31 06:31:06,978 [INFO] PluginManage:310 - Check plugin pinoutandconfiguration
2024-12-31 06:31:06,996 [INFO] PluginManage:359 - Loaded plugin pinoutandconfiguration (category:base,tabindex:1)
2024-12-31 06:31:06,997 [INFO] PluginManage:310 - Check plugin pinoutconfig
2024-12-31 06:31:07,093 [WARN] SupportedApi:132 - Cannot load RTOS API schema: s4s-elt-must-match.1: The content of 'definitions' must match (annotation?, (simpleType | complexType)?, (unique | key | keyref)*)). A problem was found starting at: attribute.
2024-12-31 06:31:07,220 [INFO] PluginManage:359 - Loaded plugin pinoutconfig (category:base,tabindex:0)
2024-12-31 06:31:07,220 [INFO] PluginManage:310 - Check plugin power
2024-12-31 06:31:07,245 [INFO] PluginManage:359 - Loaded plugin power (category:power,tabindex:4)
2024-12-31 06:31:07,245 [INFO] PluginManage:310 - Check plugin projectmanager
2024-12-31 06:31:07,261 [INFO] PluginManage:359 - Loaded plugin projectmanager (category:projectmanager,tabindex:3)
2024-12-31 06:31:07,261 [INFO] PluginManage:310 - Check plugin thirdparty
2024-12-31 06:31:07,548 [WARN] IntegrityCheckThread:84 - waiting for thirdparty lock release [integrity check]
2024-12-31 06:31:07,548 [INFO] IntegrityCheckThread:86 - entering critical section [integrity check]
2024-12-31 06:31:07,549 [INFO] PluginManage:359 - Loaded plugin thirdparty (category:base,tabindex:-1)
2024-12-31 06:31:07,549 [INFO] PluginManage:310 - Check plugin tools
2024-12-31 06:31:07,549 [INFO] ThirdPartyUpdaterWithRetryManager:70 - Updater plugin not ready yet. [1/15]
2024-12-31 06:31:07,595 [INFO] PluginManage:359 - Loaded plugin tools (category:base,tabindex:7)
2024-12-31 06:31:07,595 [INFO] PluginManage:310 - Check plugin tutovideos
2024-12-31 06:31:07,816 [INFO] PluginManage:359 - Loaded plugin tutovideos (category:base,tabindex:-1)
2024-12-31 06:31:07,817 [INFO] PluginManage:310 - Check plugin updater
2024-12-31 06:31:07,831 [INFO] PluginManage:359 - Loaded plugin updater (category:base,tabindex:12)
2024-12-31 06:31:07,831 [INFO] PluginManage:310 - Check plugin userauth
2024-12-31 06:31:07,838 [INFO] UserAuth:114 - Init User Auth plugin
2024-12-31 06:31:07,838 [INFO] PluginManage:359 - Loaded plugin userauth (category:base,tabindex:14)
2024-12-31 06:31:07,839 [INFO] PluginManage:283 - PluginManage : Loaded plugins [17]
2024-12-31 06:31:08,079 [INFO] PinOutPanel:1499 - setPackage(No Configuration,No Configuration)
2024-12-31 06:31:08,160 [INFO] CADModel:165 - CPN selected for project level
2024-12-31 06:31:08,161 [INFO] CADModel:114 - Register for checkConnection events
2024-12-31 06:31:08,193 [INFO] IPUIPlugin:80 - create IPUIPlugin
2024-12-31 06:31:08,193 [INFO] PluginManager:220 - loadIPPluginJar : add adc
2024-12-31 06:31:08,239 [INFO] IPUIPlugin:80 - create IPUIPlugin
2024-12-31 06:31:08,239 [INFO] PluginManager:220 - loadIPPluginJar : add aes
2024-12-31 06:31:08,299 [INFO] IPUIPlugin:80 - create IPUIPlugin
2024-12-31 06:31:08,299 [INFO] PluginManager:220 - loadIPPluginJar : add can
2024-12-31 06:31:08,346 [INFO] IPUIPlugin:80 - create IPUIPlugin
2024-12-31 06:31:08,346 [INFO] PluginManager:220 - loadIPPluginJar : add comp
2024-12-31 06:31:08,403 [INFO] IPUIPlugin:80 - create IPUIPlugin
2024-12-31 06:31:08,403 [INFO] PluginManager:220 - loadIPPluginJar : add cryp
2024-12-31 06:31:08,443 [INFO] IPUIPlugin:80 - create IPUIPlugin
2024-12-31 06:31:08,443 [INFO] PluginManager:220 - loadIPPluginJar : add dfsdm
2024-12-31 06:31:08,462 [INFO] IPUIPlugin:80 - create IPUIPlugin
2024-12-31 06:31:08,462 [INFO] PluginManager:220 - loadIPPluginJar : add dma
2024-12-31 06:31:08,524 [INFO] IPUIPlugin:80 - create IPUIPlugin
2024-12-31 06:31:08,524 [INFO] PluginManager:220 - loadIPPluginJar : add dma3
2024-12-31 06:31:08,555 [INFO] IPUIPlugin:80 - create IPUIPlugin
2024-12-31 06:31:08,555 [INFO] PluginManager:220 - loadIPPluginJar : add fatfs
2024-12-31 06:31:08,610 [INFO] IPUIPlugin:80 - create IPUIPlugin
2024-12-31 06:31:08,610 [INFO] PluginManager:220 - loadIPPluginJar : add fmc
2024-12-31 06:31:08,630 [INFO] IPUIPlugin:80 - create IPUIPlugin
2024-12-31 06:31:08,630 [INFO] PluginManager:220 - loadIPPluginJar : add freertos
2024-12-31 06:31:08,655 [INFO] IPUIPlugin:80 - create IPUIPlugin
2024-12-31 06:31:08,656 [INFO] PluginManager:220 - loadIPPluginJar : add genericplugin
2024-12-31 06:31:08,769 [INFO] IPUIPlugin:80 - create IPUIPlugin
2024-12-31 06:31:08,769 [INFO] PluginManager:220 - loadIPPluginJar : add gfxmmu
2024-12-31 06:31:08,929 [INFO] IPUIPlugin:80 - create IPUIPlugin
2024-12-31 06:31:08,929 [INFO] PluginManager:220 - loadIPPluginJar : add gic
2024-12-31 06:31:08,943 [INFO] IPUIPlugin:80 - create IPUIPlugin
2024-12-31 06:31:08,943 [INFO] PluginManager:220 - loadIPPluginJar : add gpio
2024-12-31 06:31:09,041 [INFO] IPUIPlugin:80 - create IPUIPlugin
2024-12-31 06:31:09,041 [INFO] PluginManager:220 - loadIPPluginJar : add gtzc
2024-12-31 06:31:09,083 [INFO] IPUIPlugin:80 - create IPUIPlugin
2024-12-31 06:31:09,083 [INFO] PluginManager:220 - loadIPPluginJar : add hash
2024-12-31 06:31:09,145 [INFO] IPUIPlugin:80 - create IPUIPlugin
2024-12-31 06:31:09,145 [INFO] PluginManager:220 - loadIPPluginJar : add i2c
2024-12-31 06:31:09,189 [INFO] IPUIPlugin:80 - create IPUIPlugin
2024-12-31 06:31:09,189 [INFO] PluginManager:220 - loadIPPluginJar : add i2s
2024-12-31 06:31:09,234 [INFO] IPUIPlugin:80 - create IPUIPlugin
2024-12-31 06:31:09,234 [INFO] PluginManager:220 - loadIPPluginJar : add i3c
2024-12-31 06:31:09,346 [INFO] IPUIPlugin:80 - create IPUIPlugin
2024-12-31 06:31:09,346 [INFO] PluginManager:220 - loadIPPluginJar : add ipddr
2024-12-31 06:31:09,453 [INFO] IPUIPlugin:80 - create IPUIPlugin
2024-12-31 06:31:09,453 [INFO] PluginManager:220 - loadIPPluginJar : add linkedlist
2024-12-31 06:31:09,495 [INFO] IPUIPlugin:80 - create IPUIPlugin
2024-12-31 06:31:09,495 [INFO] PluginManager:220 - loadIPPluginJar : add lorawan
2024-12-31 06:31:09,536 [INFO] IPUIPlugin:80 - create IPUIPlugin
2024-12-31 06:31:09,536 [INFO] PluginManager:220 - loadIPPluginJar : add ltdc
2024-12-31 06:31:09,552 [INFO] IPUIPlugin:80 - create IPUIPlugin
2024-12-31 06:31:09,552 [INFO] PluginManager:220 - loadIPPluginJar : add mdma
2024-12-31 06:31:09,567 [INFO] IPUIPlugin:80 - create IPUIPlugin
2024-12-31 06:31:09,568 [INFO] PluginManager:220 - loadIPPluginJar : add nvic
2024-12-31 06:31:09,611 [INFO] IPUIPlugin:80 - create IPUIPlugin
2024-12-31 06:31:09,611 [INFO] PluginManager:220 - loadIPPluginJar : add opamp
2024-12-31 06:31:09,681 [INFO] IPUIPlugin:80 - create IPUIPlugin
2024-12-31 06:31:09,681 [INFO] PluginManager:220 - loadIPPluginJar : add openamp
2024-12-31 06:31:09,729 [INFO] IPUIPlugin:80 - create IPUIPlugin
2024-12-31 06:31:09,729 [INFO] PluginManager:220 - loadIPPluginJar : add pdm2pcm
2024-12-31 06:31:09,745 [INFO] IPUIPlugin:80 - create IPUIPlugin
2024-12-31 06:31:09,747 [INFO] PluginManager:220 - loadIPPluginJar : add plateformsettings
2024-12-31 06:31:09,773 [INFO] IPUIPlugin:80 - create IPUIPlugin
2024-12-31 06:31:09,773 [INFO] PluginManager:220 - loadIPPluginJar : add quadspi
2024-12-31 06:31:09,788 [INFO] IPUIPlugin:80 - create IPUIPlugin
2024-12-31 06:31:09,788 [INFO] PluginManager:220 - loadIPPluginJar : add resmgrutility
2024-12-31 06:31:09,848 [INFO] IPUIPlugin:80 - create IPUIPlugin
2024-12-31 06:31:09,848 [INFO] PluginManager:220 - loadIPPluginJar : add sai
2024-12-31 06:31:09,895 [INFO] IPUIPlugin:80 - create IPUIPlugin
2024-12-31 06:31:09,895 [INFO] PluginManager:220 - loadIPPluginJar : add spi
2024-12-31 06:31:09,971 [INFO] IPUIPlugin:80 - create IPUIPlugin
2024-12-31 06:31:09,972 [INFO] PluginManager:220 - loadIPPluginJar : add stm32_wpan
2024-12-31 06:31:09,998 [INFO] IPUIPlugin:80 - create IPUIPlugin
2024-12-31 06:31:09,998 [INFO] PluginManager:220 - loadIPPluginJar : add tim
2024-12-31 06:31:10,059 [INFO] IPUIPlugin:80 - create IPUIPlugin
2024-12-31 06:31:10,059 [INFO] PluginManager:220 - loadIPPluginJar : add touchsensing
2024-12-31 06:31:10,087 [INFO] IPUIPlugin:80 - create IPUIPlugin
2024-12-31 06:31:10,088 [INFO] PluginManager:220 - loadIPPluginJar : add tracer_emb
2024-12-31 06:31:10,118 [INFO] IPUIPlugin:80 - create IPUIPlugin
2024-12-31 06:31:10,118 [INFO] PluginManager:220 - loadIPPluginJar : add ts
2024-12-31 06:31:10,145 [INFO] IPUIPlugin:80 - create IPUIPlugin
2024-12-31 06:31:10,145 [INFO] PluginManager:220 - loadIPPluginJar : add tsc
2024-12-31 06:31:10,170 [INFO] IPUIPlugin:80 - create IPUIPlugin
2024-12-31 06:31:10,171 [INFO] PluginManager:220 - loadIPPluginJar : add ucpd
2024-12-31 06:31:10,217 [INFO] IPUIPlugin:80 - create IPUIPlugin
2024-12-31 06:31:10,217 [INFO] PluginManager:220 - loadIPPluginJar : add usart
2024-12-31 06:31:10,265 [INFO] IPUIPlugin:80 - create IPUIPlugin
2024-12-31 06:31:10,265 [INFO] PluginManager:220 - loadIPPluginJar : add usbx
2024-12-31 06:31:10,386 [INFO] CADModel:165 - CPN selected for project level
2024-12-31 06:31:10,386 [INFO] CADModel:114 - Register for checkConnection events
2024-12-31 06:31:10,387 [FATAL] Updater:308 - Updater called before beeing initialized
2024-12-31 06:31:10,388 [ERROR] CADModel:125 - Updater not yet initialized, retry later 
2024-12-31 06:31:10,546 [INFO] CADModel:165 - CPN selected for project level
2024-12-31 06:31:10,546 [INFO] CADModel:114 - Register for checkConnection events
2024-12-31 06:31:10,546 [FATAL] Updater:308 - Updater called before beeing initialized
2024-12-31 06:31:10,546 [ERROR] CADModel:125 - Updater not yet initialized, retry later 
2024-12-31 06:31:10,550 [INFO] ThirdPartyUpdaterWithRetryManager:70 - Updater plugin not ready yet. [2/15]
2024-12-31 06:31:10,550 [FATAL] Updater:308 - Updater called before beeing initialized
2024-12-31 06:31:10,697 [FATAL] Updater:308 - Updater called before beeing initialized
2024-12-31 06:31:10,709 [INFO] DbMcusAds:53 - JSON generation date=Fri Sep 20 15:04:23 CEST 2024 (1726837463113)
2024-12-31 06:31:10,709 [FATAL] Updater:308 - Updater called before beeing initialized
2024-12-31 06:31:10,799 [WARN] DetailPanel:346 - Failed to get advertising image, set to default
2024-12-31 06:31:10,874 [FATAL] Updater:308 - Updater called before beeing initialized
2024-12-31 06:31:10,876 [FATAL] Updater:308 - Updater called before beeing initialized
2024-12-31 06:31:10,878 [FATAL] Updater:308 - Updater called before beeing initialized
2024-12-31 06:31:10,878 [WARN] DetailPanel:346 - Failed to get advertising image, set to default
2024-12-31 06:31:10,878 [FATAL] Updater:308 - Updater called before beeing initialized
2024-12-31 06:31:10,936 [ERROR] Updater:1120 - MainUpdater not yet initialized. External WinMGr cannot be set.
2024-12-31 06:31:10,952 [INFO] Updater:1056 - Updater Version found : 6.10.0
2024-12-31 06:31:10,971 [INFO] ApplicationProperties:184 - Using Application install path: C:\ST\STM32CubeIDE_1.14.1\STM32CubeIDE\plugins\com.st.stm32cube.common.mx_6.10.0.202311202037
2024-12-31 06:31:12,565 [ERROR] LogOutputStream:75 - [STDERR_REDIRECT] Dec 31, 2024 6:31:12 AM java.util.prefs.WindowsPreferences <init>
2024-12-31 06:31:12,566 [ERROR] LogOutputStream:75 - [STDERR_REDIRECT] WARNING: Could not open/create prefs root node Software\JavaSoft\Prefs at root 0xffffffff80000002. Windows RegCreateKeyEx(...) returned error code 5.
2024-12-31 06:31:12,566 [ERROR] LogOutputStream:75 - [STDERR_REDIRECT] 
2024-12-31 06:31:12,917 [INFO] MainUpdater:2873 - connection check result : 10
2024-12-31 06:31:12,918 [INFO] MainUpdater:290 - Updater Check For Update Now.
2024-12-31 06:31:12,918 [INFO] MicroXplorer:498 - Change Database Version : DB.6.0.100
2024-12-31 06:31:12,937 [INFO] McuFinderGlobals:63 - Set McuFinder mode to 2 (CubeIDE integrated)
2024-12-31 06:31:13,071 [INFO] UserAuth:404 - Internet connection configuration mode: 1
2024-12-31 06:31:13,101 [INFO] JxBrowserEngine:152 - Initiate JxBrowser Engine with user profile folder
2024-12-31 06:31:13,168 [INFO] CheckServerUpdateThread:120 - End of CheckServer Thread
2024-12-31 06:31:13,911 [WARN] PackLoader:240 - Cannot read IP mode file for STMicroelectronics.FP-SNS-MOTENVWB1.1.4.0
2024-12-31 06:31:13,927 [WARN] PackLoader:240 - Cannot read IP mode file for STMicroelectronics.FP-ATR-ASTRA1.2.0.1
2024-12-31 06:31:13,946 [WARN] PackLoader:240 - Cannot read IP mode file for STMicroelectronics.X-CUBE-SMBUS.2.1.0
2024-12-31 06:31:13,963 [WARN] PackLoader:240 - Cannot read IP mode file for STMicroelectronics.X-CUBE-WB05N.1.1.0
2024-12-31 06:31:13,978 [WARN] PackLoader:240 - Cannot read IP mode file for STMicroelectronics.X-CUBE-TOUCHGFX.4.23.1
2024-12-31 06:31:13,990 [WARN] PackLoader:240 - Cannot read IP mode file for STMicroelectronics.X-CUBE-TOUCHGFX.4.23.0
2024-12-31 06:31:14,004 [WARN] PackLoader:240 - Cannot read IP mode file for STMicroelectronics.X-CUBE-TOUCHGFX.4.23.2
2024-12-31 06:31:14,044 [WARN] PackLoader:240 - Cannot read IP mode file for STMicroelectronics.X-CUBE-AZRTOS-F7.1.1.0
2024-12-31 06:31:14,066 [WARN] PackLoader:240 - Cannot read IP mode file for STMicroelectronics.FP-SNS-MOTENV1.4.3.2
2024-12-31 06:31:14,159 [WARN] PackLoader:240 - Cannot read IP mode file for STMicroelectronics.X-CUBE-MEMS1.11.0.0
2024-12-31 06:31:14,307 [WARN] PackLoader:240 - Cannot read IP mode file for STMicroelectronics.X-CUBE-BLE1.6.2.4
2024-12-31 06:31:14,330 [WARN] PackLoader:240 - Cannot read IP mode file for STMicroelectronics.FP-SNS-FLIGHT1.5.0.2
2024-12-31 06:31:14,355 [WARN] PackLoader:240 - Cannot read IP mode file for STMicroelectronics.X-CUBE-DISPLAY.3.0.0
2024-12-31 06:31:14,377 [WARN] PackLoader:240 - Cannot read IP mode file for STMicroelectronics.X-CUBE-BLE1.7.0.0
2024-12-31 06:31:14,399 [WARN] PackLoader:240 - Cannot read IP mode file for STMicroelectronics.X-CUBE-NFC10.1.0.0
2024-12-31 06:31:14,434 [WARN] PackLoader:240 - Cannot read IP mode file for STMicroelectronics.X-CUBE-BLEMGR.4.0.0
2024-12-31 06:31:14,471 [WARN] PackLoader:240 - Cannot read IP mode file for emotas.I-CUBE-CANOPEN.1.3.0
2024-12-31 06:31:14,498 [WARN] PackLoader:240 - Cannot read IP mode file for STMicroelectronics.X-CUBE-BLEMGR.3.1.0
2024-12-31 06:31:14,526 [WARN] PackLoader:240 - Cannot read IP mode file for STMicroelectronics.FP-SNS-SMARTAG2.1.2.0
2024-12-31 06:31:14,637 [WARN] PackLoader:240 - Cannot read IP mode file for STMicroelectronics.X-CUBE-MEMS1.11.1.0
2024-12-31 06:31:14,783 [INFO] LogOutputStream:77 - [STDOUT_REDIRECT] 1 : Invalid condition id : UX_CORESTACK_Condition cause : null
2024-12-31 06:31:14,783 [INFO] LogOutputStream:77 - [STDOUT_REDIRECT] 1 : Invalid condition id : UX_CORESTACK_Condition cause : null
2024-12-31 06:31:14,784 [INFO] LogOutputStream:77 - [STDOUT_REDIRECT] 1 : Invalid condition id : UX_CORESTACK_Condition cause : null
2024-12-31 06:31:14,785 [INFO] LogOutputStream:77 - [STDOUT_REDIRECT] 1 : Invalid condition id : UX_CORESTACK_Condition cause : null
2024-12-31 06:31:14,786 [INFO] LogOutputStream:77 - [STDOUT_REDIRECT] 1 : Invalid condition id : UX_CORESTACK_Condition cause : null
2024-12-31 06:31:14,788 [WARN] PackLoader:240 - Cannot read IP mode file for STMicroelectronics.X-CUBE-AZRTOS-WL.2.0.0
2024-12-31 06:31:14,807 [WARN] PackLoader:240 - Cannot read IP mode file for STMicroelectronics.FP-SNS-MOTENV1.5.0.0
2024-12-31 06:31:14,824 [WARN] PackLoader:240 - Cannot read IP mode file for wolfSSL.I-CUBE-wolfMQTT.1.19.0
2024-12-31 06:31:14,848 [WARN] PackLoader:240 - Cannot read IP mode file for WES.I-CUBE-Cesium.1.3.0
2024-12-31 06:31:14,867 [WARN] PackLoader:240 - Cannot read IP mode file for STMicroelectronics.X-CUBE-BLE2.3.3.0
2024-12-31 06:31:14,890 [WARN] PackLoader:240 - Cannot read IP mode file for STMicroelectronics.X-CUBE-NFC9.1.0.0
2024-12-31 06:31:14,911 [WARN] PackLoader:240 - Cannot read IP mode file for STMicroelectronics.X-CUBE-TCPP.4.1.0
2024-12-31 06:31:14,928 [WARN] PackLoader:240 - Cannot read IP mode file for STMicroelectronics.X-CUBE-TOUCHGFX.4.21.3
2024-12-31 06:31:14,944 [WARN] PackLoader:240 - Cannot read IP mode file for STMicroelectronics.X-CUBE-ALGOBUILD.1.3.0
2024-12-31 06:31:14,972 [WARN] PackLoader:240 - Cannot read IP mode file for STMicroelectronics.X-CUBE-AZRTOS-G0.1.1.0
2024-12-31 06:31:14,995 [WARN] PackLoader:240 - Cannot read IP mode file for STMicroelectronics.X-CUBE-SAFEA1.1.2.2
2024-12-31 06:31:15,011 [WARN] PackLoader:240 - Cannot read IP mode file for STMicroelectronics.X-CUBE-NFC4.3.0.0
2024-12-31 06:31:15,027 [WARN] PackLoader:240 - Cannot read IP mode file for wolfSSL.I-CUBE-wolfMQTT.1.18.0
2024-12-31 06:31:15,051 [WARN] PackLoader:240 - Cannot read IP mode file for EmbeddedOffice.I-CUBE-FS-RTOS.1.0.1
2024-12-31 06:31:15,052 [ERROR] ConditionMgr:805 - Attr not supported : Dmpu
2024-12-31 06:31:15,052 [ERROR] ConditionMgr:805 - Attr not supported : Dmpu
2024-12-31 06:31:15,052 [ERROR] ConditionMgr:805 - Attr not supported : Dmpu
2024-12-31 06:31:15,052 [ERROR] ConditionMgr:805 - Attr not supported : Dmpu
2024-12-31 06:31:15,052 [ERROR] ConditionMgr:805 - Attr not supported : Dmpu
2024-12-31 06:31:15,052 [ERROR] ConditionMgr:805 - Attr not supported : Dmpu
2024-12-31 06:31:15,052 [ERROR] ConditionMgr:805 - Attr not supported : Dmpu
2024-12-31 06:31:15,052 [ERROR] ConditionMgr:805 - Attr not supported : Dmpu
2024-12-31 06:31:15,052 [ERROR] ConditionMgr:805 - Attr not supported : Dmpu
2024-12-31 06:31:15,052 [ERROR] ConditionMgr:805 - Attr not supported : Dmpu
2024-12-31 06:31:15,052 [ERROR] ConditionMgr:805 - Attr not supported : Dmpu
2024-12-31 06:31:15,052 [ERROR] ConditionMgr:805 - Attr not supported : Dmpu
2024-12-31 06:31:15,052 [ERROR] ConditionMgr:805 - Attr not supported : Dmpu
2024-12-31 06:31:15,052 [ERROR] ConditionMgr:805 - Attr not supported : Dmpu
2024-12-31 06:31:15,052 [ERROR] ConditionMgr:805 - Attr not supported : Dmpu
2024-12-31 06:31:15,052 [ERROR] ConditionMgr:805 - Attr not supported : Dmpu
2024-12-31 06:31:15,052 [ERROR] ConditionMgr:805 - Attr not supported : Dmpu
2024-12-31 06:31:15,052 [ERROR] ConditionMgr:805 - Attr not supported : Dmpu
2024-12-31 06:31:15,053 [ERROR] ConditionMgr:805 - Attr not supported : Dmpu
2024-12-31 06:31:15,053 [ERROR] ConditionMgr:805 - Attr not supported : Dmpu
2024-12-31 06:31:15,053 [ERROR] ConditionMgr:805 - Attr not supported : Dmpu
2024-12-31 06:31:15,053 [ERROR] ConditionMgr:805 - Attr not supported : Dmpu
2024-12-31 06:31:15,053 [ERROR] ConditionMgr:805 - Attr not supported : Dmpu
2024-12-31 06:31:15,053 [ERROR] ConditionMgr:805 - Attr not supported : Dmpu
2024-12-31 06:31:15,053 [ERROR] ConditionMgr:805 - Attr not supported : Dmpu
2024-12-31 06:31:15,053 [ERROR] ConditionMgr:805 - Attr not supported : Dmpu
2024-12-31 06:31:15,053 [ERROR] ConditionMgr:805 - Attr not supported : Dmpu
2024-12-31 06:31:15,053 [ERROR] ConditionMgr:805 - Attr not supported : Dmpu
2024-12-31 06:31:15,053 [ERROR] ConditionMgr:805 - Attr not supported : Dmpu
2024-12-31 06:31:15,053 [ERROR] ConditionMgr:805 - Attr not supported : Dmpu
2024-12-31 06:31:15,053 [ERROR] ConditionMgr:805 - Attr not supported : Dmpu
2024-12-31 06:31:15,053 [ERROR] ConditionMgr:805 - Attr not supported : Dmpu
2024-12-31 06:31:15,053 [ERROR] ConditionMgr:805 - Attr not supported : Dmpu
2024-12-31 06:31:15,053 [ERROR] ConditionMgr:805 - Attr not supported : Dmpu
2024-12-31 06:31:15,053 [ERROR] ConditionMgr:805 - Attr not supported : Dmpu
2024-12-31 06:31:15,053 [ERROR] ConditionMgr:805 - Attr not supported : Dmpu
2024-12-31 06:31:15,053 [ERROR] ConditionMgr:805 - Attr not supported : Dmpu
2024-12-31 06:31:15,053 [ERROR] ConditionMgr:805 - Attr not supported : Dmpu
2024-12-31 06:31:15,053 [ERROR] ConditionMgr:805 - Attr not supported : Dmpu
2024-12-31 06:31:15,053 [ERROR] ConditionMgr:805 - Attr not supported : Dmpu
2024-12-31 06:31:15,053 [ERROR] ConditionMgr:805 - Attr not supported : Dmpu
2024-12-31 06:31:15,053 [ERROR] ConditionMgr:805 - Attr not supported : Dmpu
2024-12-31 06:31:15,053 [ERROR] ConditionMgr:805 - Attr not supported : Dmpu
2024-12-31 06:31:15,053 [ERROR] ConditionMgr:805 - Attr not supported : Dmpu
2024-12-31 06:31:15,054 [ERROR] ConditionMgr:805 - Attr not supported : Dmpu
2024-12-31 06:31:15,054 [ERROR] ConditionMgr:805 - Attr not supported : Dmpu
2024-12-31 06:31:15,054 [ERROR] ConditionMgr:805 - Attr not supported : Dmpu
2024-12-31 06:31:15,054 [ERROR] ConditionMgr:805 - Attr not supported : Dmpu
2024-12-31 06:31:15,054 [ERROR] ConditionMgr:805 - Attr not supported : Dmpu
2024-12-31 06:31:15,054 [ERROR] ConditionMgr:805 - Attr not supported : Dmpu
2024-12-31 06:31:15,054 [ERROR] ConditionMgr:805 - Attr not supported : Dmpu
2024-12-31 06:31:15,054 [ERROR] ConditionMgr:805 - Attr not supported : Dmpu
2024-12-31 06:31:15,054 [ERROR] ConditionMgr:805 - Attr not supported : Dmpu
2024-12-31 06:31:15,054 [ERROR] ConditionMgr:805 - Attr not supported : Dmpu
2024-12-31 06:31:15,054 [ERROR] ConditionMgr:805 - Attr not supported : Dmpu
2024-12-31 06:31:15,054 [ERROR] ConditionMgr:805 - Attr not supported : Dmpu
2024-12-31 06:31:15,054 [ERROR] ConditionMgr:805 - Attr not supported : Dmpu
2024-12-31 06:31:15,054 [ERROR] ConditionMgr:805 - Attr not supported : Dmpu
2024-12-31 06:31:15,054 [ERROR] ConditionMgr:805 - Attr not supported : Dmpu
2024-12-31 06:31:15,054 [ERROR] ConditionMgr:805 - Attr not supported : Dmpu
2024-12-31 06:31:15,054 [ERROR] ConditionMgr:805 - Attr not supported : Dmpu
2024-12-31 06:31:15,054 [ERROR] ConditionMgr:805 - Attr not supported : Dmpu
2024-12-31 06:31:15,054 [ERROR] ConditionMgr:805 - Attr not supported : Dmpu
2024-12-31 06:31:15,054 [ERROR] ConditionMgr:805 - Attr not supported : Dmpu
2024-12-31 06:31:15,076 [WARN] PackLoader:240 - Cannot read IP mode file for STMicroelectronics.X-CUBE-BLEMGR.3.0.0
2024-12-31 06:31:15,096 [ERROR] Engine:466 - C:\Users\ahmed\.stm32cubemx\thirdparties\pdsc\STMicroelectronics.X-CUBE-TCPP.4.2.0.pdsc: PDSC version is not supported
2024-12-31 06:31:15,118 [WARN] PackLoader:240 - Cannot read IP mode file for RealThread.X-CUBE-RT-Thread_Nano.4.1.1
2024-12-31 06:31:15,138 [WARN] PackLoader:240 - Cannot read IP mode file for STMicroelectronics.FP-ATR-SIGFOX1.3.2.0
2024-12-31 06:31:15,160 [WARN] ConditionMgr:438 - getConditionDescription Invalid condition id : Cortex-A Device cause : null
2024-12-31 06:31:15,212 [WARN] ConditionMgr:1039 - genDependencies : Invalid condition id : Cortex-A Device cause : null
2024-12-31 06:31:15,212 [WARN] ConditionMgr:1039 - genDependencies : Invalid condition id : Cortex-A Device cause : null
2024-12-31 06:31:15,212 [WARN] ConditionMgr:1039 - genDependencies : Invalid condition id : Cortex-A Device cause : null
2024-12-31 06:31:15,238 [WARN] PackLoader:240 - Cannot read IP mode file for STMicroelectronics.X-CUBE-EEPRMA1.5.1.0
2024-12-31 06:31:15,305 [WARN] PackLoader:240 - Cannot read IP mode file for STMicroelectronics.X-CUBE-MEMS1.9.5.0
2024-12-31 06:31:15,470 [WARN] PackLoader:240 - Cannot read IP mode file for SEGGER.I-CUBE-embOS.1.3.1
2024-12-31 06:31:15,526 [WARN] PackLoader:240 - Cannot read IP mode file for STMicroelectronics.X-CUBE-ALGOBUILD.1.4.0
2024-12-31 06:31:15,546 [WARN] PackLoader:240 - Cannot read IP mode file for STMicroelectronics.X-CUBE-AI.9.1.0
2024-12-31 06:31:15,563 [WARN] PackLoader:240 - Cannot read IP mode file for STMicroelectronics.X-CUBE-GNSS1.6.0.0
2024-12-31 06:31:15,604 [WARN] PackLoader:240 - Cannot read IP mode file for STMicroelectronics.X-CUBE-AZRTOS-F4.1.1.0
2024-12-31 06:31:15,628 [WARN] PackLoader:240 - Cannot read IP mode file for wolfSSL.I-CUBE-wolfSSL.5.6.0
2024-12-31 06:31:15,650 [WARN] PackLoader:240 - Cannot read IP mode file for STMicroelectronics.X-CUBE-ISPU.2.1.0
2024-12-31 06:31:15,669 [WARN] PackLoader:240 - Cannot read IP mode file for STMicroelectronics.X-CUBE-FREERTOS.1.2.0
2024-12-31 06:31:15,682 [WARN] PackLoader:240 - Cannot read IP mode file for wolfSSL.I-CUBE-wolfSSL.5.6.6
2024-12-31 06:31:15,712 [WARN] PackLoader:240 - Cannot read IP mode file for STMicroelectronics.X-CUBE-AZRTOS-L5.2.0.0
2024-12-31 06:31:15,732 [WARN] PackLoader:240 - Cannot read IP mode file for STMicroelectronics.X-CUBE-EEPRMA1.4.2.0
2024-12-31 06:31:15,755 [WARN] PackLoader:240 - Cannot read IP mode file for STMicroelectronics.X-CUBE-NFC6.3.1.0
2024-12-31 06:31:15,778 [WARN] PackLoader:240 - Cannot read IP mode file for ITTIA_DB.I-CUBE-ITTIADB.8.8.0
2024-12-31 06:31:15,796 [WARN] PackLoader:240 - Cannot read IP mode file for emotas.I-CUBE-CANOPEN.1.1.3
2024-12-31 06:31:15,812 [WARN] PackLoader:240 - Cannot read IP mode file for STMicroelectronics.X-CUBE-BLEMGR.2.0.0
2024-12-31 06:31:15,832 [WARN] PackLoader:240 - Cannot read IP mode file for STMicroelectronics.X-CUBE-DPower.1.2.0
2024-12-31 06:31:15,906 [WARN] PackLoader:240 - Cannot read IP mode file for STMicroelectronics.X-CUBE-AI.9.0.0
2024-12-31 06:31:15,943 [WARN] ConditionMgr:438 - getConditionDescription Invalid condition id : UX DEVICE CLASS RTOS Condition cause : null
2024-12-31 06:31:15,943 [WARN] ConditionMgr:438 - getConditionDescription Invalid condition id : UX DEVICE CLASS RTOS Condition cause : null
2024-12-31 06:31:15,944 [WARN] PackLoader:240 - Cannot read IP mode file for STMicroelectronics.X-CUBE-AZRTOS-H7.3.1.0
2024-12-31 06:31:15,946 [WARN] ConditionMgr:1039 - genDependencies : Invalid condition id : UX DEVICE CLASS RTOS Condition cause : null
2024-12-31 06:31:15,946 [WARN] ConditionMgr:1039 - genDependencies : Invalid condition id : UX DEVICE CLASS RTOS Condition cause : null
2024-12-31 06:31:15,946 [WARN] ConditionMgr:1039 - genDependencies : Invalid condition id : UX DEVICE CLASS RTOS Condition cause : null
2024-12-31 06:31:15,946 [WARN] ConditionMgr:1039 - genDependencies : Invalid condition id : UX DEVICE CLASS RTOS Condition cause : null
2024-12-31 06:31:15,946 [WARN] ConditionMgr:1039 - genDependencies : Invalid condition id : UX DEVICE CLASS RTOS Condition cause : null
2024-12-31 06:31:15,971 [WARN] PackLoader:240 - Cannot read IP mode file for STMicroelectronics.X-CUBE-FREERTOS.1.3.0
2024-12-31 06:31:15,996 [WARN] PackLoader:240 - Cannot read IP mode file for STMicroelectronics.X-CUBE-NFC7.1.0.1
2024-12-31 06:31:16,017 [WARN] PackLoader:240 - Cannot read IP mode file for STMicroelectronics.X-CUBE-NFC7.1.0.0
2024-12-31 06:31:16,036 [WARN] PackLoader:240 - Cannot read IP mode file for wolfSSL.I-CUBE-wolfTPM.3.2.0
2024-12-31 06:31:16,058 [WARN] PackLoader:240 - Cannot read IP mode file for STMicroelectronics.X-CUBE-NFC6.3.0.0
2024-12-31 06:31:16,075 [WARN] PackLoader:240 - Cannot read IP mode file for STMicroelectronics.X-CUBE-EEPRMA1.4.1.0
2024-12-31 06:31:16,090 [WARN] PackLoader:240 - Cannot read IP mode file for STMicroelectronics.X-CUBE-AI.8.1.0
2024-12-31 06:31:16,121 [WARN] ConditionMgr:438 - getConditionDescription Invalid condition id : LAN8742 Phy interface Condition cause : null
2024-12-31 06:31:16,121 [WARN] PackLoader:240 - Cannot read IP mode file for STMicroelectronics.X-CUBE-AZRTOS-L4.2.0.0
2024-12-31 06:31:16,122 [WARN] ConditionMgr:1039 - genDependencies : Invalid condition id : LAN8742 Phy interface Condition cause : null
2024-12-31 06:31:16,123 [WARN] ConditionMgr:1039 - genDependencies : Invalid condition id : LAN8742 Phy interface Condition cause : null
2024-12-31 06:31:16,123 [WARN] ConditionMgr:1039 - genDependencies : Invalid condition id : LAN8742 Phy interface Condition cause : null
2024-12-31 06:31:16,146 [WARN] PackLoader:240 - Cannot read IP mode file for STMicroelectronics.X-CUBE-SFXS2LP1.4.0.0
2024-12-31 06:31:16,163 [WARN] PackLoader:240 - Cannot read IP mode file for STMicroelectronics.X-CUBE-ISPU.1.1.0
2024-12-31 06:31:16,202 [WARN] PackLoader:240 - Cannot read IP mode file for STMicroelectronics.X-CUBE-AZRTOS-H7.3.3.0
2024-12-31 06:31:16,222 [WARN] PackLoader:240 - Cannot read IP mode file for STMicroelectronics.X-CUBE-AI.8.0.0
2024-12-31 06:31:16,244 [WARN] PackLoader:240 - Cannot read IP mode file for STMicroelectronics.X-CUBE-IPS.3.0.0
2024-12-31 06:31:16,279 [WARN] ConditionMgr:438 - getConditionDescription Invalid condition id : UX DEVICE CLASS RTOS Condition cause : null
2024-12-31 06:31:16,280 [WARN] ConditionMgr:438 - getConditionDescription Invalid condition id : UX DEVICE CLASS RTOS Condition cause : null
2024-12-31 06:31:16,281 [WARN] PackLoader:240 - Cannot read IP mode file for STMicroelectronics.X-CUBE-AZRTOS-WB.2.0.0
2024-12-31 06:31:16,281 [WARN] ConditionMgr:1039 - genDependencies : Invalid condition id : UX DEVICE CLASS RTOS Condition cause : null
2024-12-31 06:31:16,281 [WARN] ConditionMgr:1039 - genDependencies : Invalid condition id : UX DEVICE CLASS RTOS Condition cause : null
2024-12-31 06:31:16,281 [WARN] ConditionMgr:1039 - genDependencies : Invalid condition id : UX DEVICE CLASS RTOS Condition cause : null
2024-12-31 06:31:16,281 [WARN] ConditionMgr:1039 - genDependencies : Invalid condition id : UX DEVICE CLASS RTOS Condition cause : null
2024-12-31 06:31:16,281 [WARN] ConditionMgr:1039 - genDependencies : Invalid condition id : UX DEVICE CLASS RTOS Condition cause : null
2024-12-31 06:31:16,296 [WARN] PackLoader:240 - Cannot read IP mode file for STMicroelectronics.X-CUBE-FREERTOS.1.0.1
2024-12-31 06:31:16,318 [WARN] PackLoader:240 - Cannot read IP mode file for STMicroelectronics.X-CUBE-GNSS1.7.0.0
2024-12-31 06:31:16,336 [WARN] PackLoader:240 - Cannot read IP mode file for STMicroelectronics.X-CUBE-GNSS1.7.0.1
2024-12-31 06:31:16,354 [WARN] PackLoader:240 - Cannot read IP mode file for STMicroelectronics.FP-SNS-STBOX1.2.0.0
2024-12-31 06:31:16,383 [WARN] PackLoader:240 - Cannot read IP mode file for STMicroelectronics.X-CUBE-AZRTOS-L5.1.1.0
2024-12-31 06:31:16,410 [WARN] PackLoader:240 - Cannot read IP mode file for STMicroelectronics.X-CUBE-SUBG2.5.0.0
2024-12-31 06:31:16,441 [WARN] PackLoader:240 - Cannot read IP mode file for STMicroelectronics.X-CUBE-AZRTOS-G4.2.0.0
2024-12-31 06:31:16,465 [WARN] PackLoader:240 - Cannot read IP mode file for STMicroelectronics.X-CUBE-TOF1.3.3.0
2024-12-31 06:31:16,496 [WARN] PackLoader:240 - Cannot read IP mode file for Infineon.AIROC-Wi-Fi-Bluetooth-STM32.1.5.1
2024-12-31 06:31:16,513 [WARN] PackLoader:240 - Cannot read IP mode file for STMicroelectronics.FP-SNS-MOTENVWB1.1.3.1
2024-12-31 06:31:16,554 [WARN] PackLoader:240 - Cannot read IP mode file for STMicroelectronics.X-CUBE-AZRTOS-G4.1.0.0
2024-12-31 06:31:16,589 [WARN] PackLoader:240 - Cannot read IP mode file for STMicroelectronics.X-CUBE-AZRTOS-L4.1.0.0
2024-12-31 06:31:16,610 [WARN] PackLoader:240 - Cannot read IP mode file for STMicroelectronics.X-CUBE-ISPU.2.0.0
2024-12-31 06:31:16,633 [WARN] PackLoader:240 - Cannot read IP mode file for STMicroelectronics.X-CUBE-ALS.1.0.2
2024-12-31 06:31:16,696 [WARN] PackLoader:240 - Cannot read IP mode file for STMicroelectronics.X-CUBE-MEMS1.10.0.0
2024-12-31 06:31:16,827 [WARN] PackLoader:240 - Cannot read IP mode file for STMicroelectronics.X-CUBE-FREERTOS.1.1.0
2024-12-31 06:31:16,843 [WARN] PackLoader:240 - Cannot read IP mode file for STMicroelectronics.X-CUBE-TOUCHGFX.4.24.0
2024-12-31 06:31:16,872 [WARN] PackLoader:240 - Cannot read IP mode file for STMicroelectronics.X-CUBE-AZRTOS-WL.1.0.0
2024-12-31 06:31:16,892 [WARN] PackLoader:240 - Cannot read IP mode file for STMicroelectronics.X-CUBE-TOUCHGFX.4.24.1
2024-12-31 06:31:16,910 [WARN] PackLoader:240 - Cannot read IP mode file for portGmbH.I-Cube-SoM-uGOAL.1.1.0
2024-12-31 06:31:16,923 [WARN] PackLoader:240 - Cannot read IP mode file for STMicroelectronics.X-CUBE-ALS.1.0.1
2024-12-31 06:31:16,946 [WARN] PackLoader:240 - Cannot read IP mode file for STMicroelectronics.X-CUBE-AZRTOS-WB.1.1.0
2024-12-31 06:31:16,976 [WARN] PackLoader:240 - Cannot read IP mode file for STMicroelectronics.X-CUBE-AZRTOS-H7RS.1.0.0
2024-12-31 06:31:16,996 [WARN] PackLoader:240 - Cannot read IP mode file for STMicroelectronics.FP-ATR-ASTRA1.2.0.0
2024-12-31 06:31:17,020 [WARN] PackLoader:240 - Cannot read IP mode file for STMicroelectronics.X-CUBE-TOF1.3.4.2
2024-12-31 06:31:17,052 [WARN] PackLoader:240 - Cannot read IP mode file for STMicroelectronics.X-CUBE-TOF1.3.4.0
2024-12-31 06:31:17,080 [WARN] PackLoader:240 - Cannot read IP mode file for STMicroelectronics.X-CUBE-TOF1.3.4.1
2024-12-31 06:31:17,132 [WARN] PackLoader:240 - Cannot read IP mode file for STMicroelectronics.X-CUBE-AZRTOS-H7.3.2.0
2024-12-31 06:31:17,146 [WARN] PackLoader:240 - Cannot read IP mode file for wolfSSL.I-CUBE-wolfSSH.1.4.17
2024-12-31 06:31:17,146 [INFO] ThirdParty:978 - Integrity check success = true
2024-12-31 06:31:17,146 [INFO] IntegrityCheckThread:100 - exiting critical section [integrity check]
2024-12-31 06:31:17,146 [INFO] IntegrityCheckThread:103 - End integrity checks thread
2024-12-31 06:31:20,447 [INFO] WebApp:161 - Instantiating new browser for Auth
2024-12-31 06:31:21,374 [INFO] WebApp:780 - Register for checkConnection events
2024-12-31 06:31:21,374 [INFO] WebApp:414 - Apply proxy settings
2024-12-31 06:31:21,374 [INFO] WebApp:499 - Chromium requires no authentication
2024-12-31 06:31:21,389 [INFO] WebApp:442 - Direct internet connection detected
2024-12-31 06:31:21,692 [INFO] WebApp:192 - Starting web application
2024-12-31 06:31:21,692 [INFO] WebApp:544 - Web application path used C:\ST\STM32CubeIDE_1.14.1\STM32CubeIDE\plugins\com.st.stm32cube.common.mx_6.10.0.202311202037\db\plugins\mcufinder\reactClient1\index.html
2024-12-31 06:31:42,954 [ERROR] LogOutputStream:75 - [STDERR_REDIRECT] SLF4J: Failed to load class "org.slf4j.impl.StaticLoggerBinder".
2024-12-31 06:31:42,955 [ERROR] LogOutputStream:75 - [STDERR_REDIRECT] SLF4J: Defaulting to no-operation (NOP) logger implementation
2024-12-31 06:31:42,956 [ERROR] LogOutputStream:75 - [STDERR_REDIRECT] SLF4J: See http://www.slf4j.org/codes.html#StaticLoggerBinder for further details.
2024-12-31 09:37:49,811 [ERROR] LogOutputStream:75 - [STDERR_REDIRECT] 
