2025-01-19 14:16:23,141 [INFO] Activator:176 - 


2025-01-19 14:16:23,152 [INFO] Activator:177 - !SESSION log4j initialized
2025-01-19 14:16:35,589 [INFO] LogOutputStream:77 - [STDOUT_REDIRECT] 
2025-01-19 14:16:46,818 [INFO] ApplicationProperties:184 - Using Application install path: C:\ST\STM32CubeIDE_1.14.1\STM32CubeIDE\plugins\com.st.stm32cube.common.mx_6.10.0.202311202037
2025-01-19 14:16:46,845 [INFO] DbMcusXml:78 - Set database path to: C:\ST\STM32CubeIDE_1.14.1\STM32CubeIDE\plugins\com.st.stm32cube.common.mx_6.10.0.202311202037\\db\/mcu/
2025-01-19 14:16:46,845 [INFO] ApiDb:274 - Set plugin database path to: C:\ST\STM32CubeIDE_1.14.1\STM32CubeIDE\plugins\com.st.stm32cube.common.mx_6.10.0.202311202037\\db\/plugins/boardmanager/
2025-01-19 14:16:46,845 [WARN] ApiDb:259 - Overriding images path with different value:  => C:\ST\STM32CubeIDE_1.14.1\STM32CubeIDE\plugins\com.st.stm32cube.common.mx_6.10.0.202311202037\\db\/plugins/mcufinder/images/
2025-01-19 14:16:46,854 [INFO] ApiDb:250 - Set database path to: C:\Users\ahmed\.stmcufinder\plugins\mcufinder//mcu/
2025-01-19 14:16:46,856 [INFO] DbMcusAds:125 - Set database path to: C:\Users\ahmed\.stmcufinder\plugins\mcufinder//mcu/
2025-01-19 14:16:46,863 [INFO] CrossReferenceDbSqlite:203 - Set database path to: C:\Users\ahmed\.stmcufinder\plugins\mcufinder//mcu/cs/
2025-01-19 14:16:46,996 [INFO] RulesReader:64 - Compatibility file has been processed (297 Rules)
2025-01-19 14:16:47,096 [INFO] DbMcusXml:78 - Set database path to: C:\ST\STM32CubeIDE_1.14.1\STM32CubeIDE\plugins\com.st.stm32cube.common.mx_6.10.0.202311202037\\db\/mcu/
2025-01-19 14:16:47,096 [INFO] ApiDb:274 - Set plugin database path to: C:\ST\STM32CubeIDE_1.14.1\STM32CubeIDE\plugins\com.st.stm32cube.common.mx_6.10.0.202311202037\\db\/plugins/boardmanager/
2025-01-19 14:16:47,096 [INFO] ApiDb:261 - Set plugin images path to: C:\ST\STM32CubeIDE_1.14.1\STM32CubeIDE\plugins\com.st.stm32cube.common.mx_6.10.0.202311202037\\db\/plugins/mcufinder/images/
2025-01-19 14:16:47,096 [WARN] DbFile:41 - Overriding database path with different value: C:\Users\ahmed\.stmcufinder\plugins\mcufinder/ => C:\Users\ahmed\.stmcufinder\plugins\mcufinder
2025-01-19 14:16:47,097 [INFO] ApiDb:250 - Set database path to: C:\Users\ahmed\.stmcufinder\plugins\mcufinder//mcu/
2025-01-19 14:16:47,097 [WARN] DbFile:41 - Overriding database path with different value: C:\Users\ahmed\.stmcufinder\plugins\mcufinder/ => C:\Users\ahmed\.stmcufinder\plugins\mcufinder
2025-01-19 14:16:47,097 [INFO] DbMcusAds:125 - Set database path to: C:\Users\ahmed\.stmcufinder\plugins\mcufinder//mcu/
2025-01-19 14:16:47,097 [WARN] DbFile:41 - Overriding database path with different value: C:\Users\ahmed\.stmcufinder\plugins\mcufinder/ => C:\Users\ahmed\.stmcufinder\plugins\mcufinder
2025-01-19 14:16:47,097 [WARN] DbFile:41 - Overriding database path with different value: C:\Users\ahmed\.stmcufinder\plugins\mcufinder/ => C:\Users\ahmed\.stmcufinder\plugins\mcufinder
2025-01-19 14:16:47,097 [INFO] CrossReferenceDbSqlite:203 - Set database path to: C:\Users\ahmed\.stmcufinder\plugins\mcufinder//mcu/cs/
2025-01-19 14:16:47,192 [INFO] MainPanel:264 - HeapMemory: 268435456
2025-01-19 14:16:47,300 [INFO] DbMcusXml:78 - Set database path to: C:\ST\STM32CubeIDE_1.14.1\STM32CubeIDE\plugins\com.st.stm32cube.common.mx_6.10.0.202311202037\\db\/mcu/
2025-01-19 14:16:47,300 [INFO] ApiDb:274 - Set plugin database path to: C:\ST\STM32CubeIDE_1.14.1\STM32CubeIDE\plugins\com.st.stm32cube.common.mx_6.10.0.202311202037\\db\/plugins/boardmanager/
2025-01-19 14:16:47,300 [INFO] ApiDb:261 - Set plugin images path to: C:\ST\STM32CubeIDE_1.14.1\STM32CubeIDE\plugins\com.st.stm32cube.common.mx_6.10.0.202311202037\\db\/plugins/mcufinder/images/
2025-01-19 14:16:47,301 [WARN] DbFile:41 - Overriding database path with different value: C:\Users\ahmed\.stmcufinder\plugins\mcufinder/ => C:\Users\ahmed\.stmcufinder\plugins\mcufinder
2025-01-19 14:16:47,301 [INFO] ApiDb:250 - Set database path to: C:\Users\ahmed\.stmcufinder\plugins\mcufinder//mcu/
2025-01-19 14:16:47,301 [WARN] DbFile:41 - Overriding database path with different value: C:\Users\ahmed\.stmcufinder\plugins\mcufinder/ => C:\Users\ahmed\.stmcufinder\plugins\mcufinder
2025-01-19 14:16:47,301 [INFO] DbMcusAds:125 - Set database path to: C:\Users\ahmed\.stmcufinder\plugins\mcufinder//mcu/
2025-01-19 14:16:47,301 [WARN] DbFile:41 - Overriding database path with different value: C:\Users\ahmed\.stmcufinder\plugins\mcufinder/ => C:\Users\ahmed\.stmcufinder\plugins\mcufinder
2025-01-19 14:16:47,301 [WARN] DbFile:41 - Overriding database path with different value: C:\Users\ahmed\.stmcufinder\plugins\mcufinder/ => C:\Users\ahmed\.stmcufinder\plugins\mcufinder
2025-01-19 14:16:47,301 [INFO] CrossReferenceDbSqlite:203 - Set database path to: C:\Users\ahmed\.stmcufinder\plugins\mcufinder//mcu/cs/
2025-01-19 14:16:47,323 [INFO] ApplicationProperties:184 - Using Application install path: C:\ST\STM32CubeIDE_1.14.1\STM32CubeIDE\plugins\com.st.stm32cube.common.mx_6.10.0.202311202037
2025-01-19 14:16:47,325 [INFO] PluginManage:196 - Search for loadable plugins [exclusion list=, ]
2025-01-19 14:16:47,326 [INFO] PluginManage:310 - Check plugin analytics
2025-01-19 14:16:47,535 [INFO] AnalyticsPlugin:253 - Accepted Software Licenses: 
2025-01-19 14:16:47,536 [INFO] AnalyticsPlugin:255 - Accepted CMSIS Pack Licenses: 
2025-01-19 14:16:47,536 [INFO] AnalyticsPlugin:257 - Accepted Firmware Licenses: FW.F4.1.28.0,FW.F4.1.27.0
2025-01-19 14:16:47,539 [INFO] PluginManage:359 - Loaded plugin analytics (category:tool,tabindex:-1)
2025-01-19 14:16:47,540 [INFO] PluginManage:310 - Check plugin cadmodel
2025-01-19 14:16:47,560 [INFO] CADModel:105 - Init CAD model plugin
2025-01-19 14:16:47,561 [INFO] PluginManage:359 - Loaded plugin cadmodel (category:power,tabindex:5)
2025-01-19 14:16:47,561 [INFO] PluginManage:310 - Check plugin clock
2025-01-19 14:16:47,592 [INFO] PluginManage:359 - Loaded plugin clock (category:base,tabindex:2)
2025-01-19 14:16:47,592 [INFO] PluginManage:310 - Check plugin ddr
2025-01-19 14:16:47,595 [INFO] PluginManage:359 - Loaded plugin ddr (category:tool,tabindex:6)
2025-01-19 14:16:47,595 [INFO] PluginManage:310 - Check plugin filemanager
2025-01-19 14:16:47,736 [INFO] PluginManage:359 - Loaded plugin filemanager (category:base,tabindex:10)
2025-01-19 14:16:47,736 [INFO] PluginManage:310 - Check plugin ipmanager
2025-01-19 14:16:47,745 [INFO] PluginManage:359 - Loaded plugin ipmanager (category:base,tabindex:5)
2025-01-19 14:16:47,745 [INFO] PluginManage:310 - Check plugin lpbam
2025-01-19 14:16:47,764 [INFO] PluginManage:359 - Loaded plugin lpbam (category:base,tabindex:0)
2025-01-19 14:16:47,764 [INFO] PluginManage:310 - Check plugin memorymap
2025-01-19 14:16:47,796 [INFO] PluginManage:359 - Loaded plugin memorymap (category:base,tabindex:4)
2025-01-19 14:16:47,796 [INFO] PluginManage:310 - Check plugin pinoutandconfiguration
2025-01-19 14:16:47,822 [INFO] PluginManage:359 - Loaded plugin pinoutandconfiguration (category:base,tabindex:1)
2025-01-19 14:16:47,822 [INFO] PluginManage:310 - Check plugin pinoutconfig
2025-01-19 14:16:47,918 [WARN] SupportedApi:132 - Cannot load RTOS API schema: s4s-elt-must-match.1: The content of 'definitions' must match (annotation?, (simpleType | complexType)?, (unique | key | keyref)*)). A problem was found starting at: attribute.
2025-01-19 14:16:48,041 [INFO] PluginManage:359 - Loaded plugin pinoutconfig (category:base,tabindex:0)
2025-01-19 14:16:48,041 [INFO] PluginManage:310 - Check plugin power
2025-01-19 14:16:48,069 [INFO] PluginManage:359 - Loaded plugin power (category:power,tabindex:4)
2025-01-19 14:16:48,069 [INFO] PluginManage:310 - Check plugin projectmanager
2025-01-19 14:16:48,083 [INFO] PluginManage:359 - Loaded plugin projectmanager (category:projectmanager,tabindex:3)
2025-01-19 14:16:48,084 [INFO] PluginManage:310 - Check plugin thirdparty
2025-01-19 14:16:48,468 [INFO] PluginManage:359 - Loaded plugin thirdparty (category:base,tabindex:-1)
2025-01-19 14:16:48,468 [INFO] PluginManage:310 - Check plugin tools
2025-01-19 14:16:48,468 [WARN] IntegrityCheckThread:84 - waiting for thirdparty lock release [integrity check]
2025-01-19 14:16:48,469 [INFO] IntegrityCheckThread:86 - entering critical section [integrity check]
2025-01-19 14:16:48,469 [INFO] ThirdPartyUpdaterWithRetryManager:70 - Updater plugin not ready yet. [1/15]
2025-01-19 14:16:48,541 [INFO] PluginManage:359 - Loaded plugin tools (category:base,tabindex:7)
2025-01-19 14:16:48,542 [INFO] PluginManage:310 - Check plugin tutovideos
2025-01-19 14:16:48,776 [INFO] PluginManage:359 - Loaded plugin tutovideos (category:base,tabindex:-1)
2025-01-19 14:16:48,777 [INFO] PluginManage:310 - Check plugin updater
2025-01-19 14:16:48,797 [INFO] PluginManage:359 - Loaded plugin updater (category:base,tabindex:12)
2025-01-19 14:16:48,797 [INFO] PluginManage:310 - Check plugin userauth
2025-01-19 14:16:48,804 [INFO] UserAuth:114 - Init User Auth plugin
2025-01-19 14:16:48,804 [INFO] PluginManage:359 - Loaded plugin userauth (category:base,tabindex:14)
2025-01-19 14:16:48,805 [INFO] PluginManage:283 - PluginManage : Loaded plugins [17]
2025-01-19 14:16:49,019 [INFO] PinOutPanel:1499 - setPackage(No Configuration,No Configuration)
2025-01-19 14:16:49,100 [INFO] CADModel:165 - CPN selected for project level
2025-01-19 14:16:49,100 [INFO] CADModel:114 - Register for checkConnection events
2025-01-19 14:16:49,129 [INFO] IPUIPlugin:80 - create IPUIPlugin
2025-01-19 14:16:49,129 [INFO] PluginManager:220 - loadIPPluginJar : add adc
2025-01-19 14:16:49,213 [INFO] IPUIPlugin:80 - create IPUIPlugin
2025-01-19 14:16:49,213 [INFO] PluginManager:220 - loadIPPluginJar : add aes
2025-01-19 14:16:49,303 [INFO] IPUIPlugin:80 - create IPUIPlugin
2025-01-19 14:16:49,303 [INFO] PluginManager:220 - loadIPPluginJar : add can
2025-01-19 14:16:49,395 [INFO] IPUIPlugin:80 - create IPUIPlugin
2025-01-19 14:16:49,395 [INFO] PluginManager:220 - loadIPPluginJar : add comp
2025-01-19 14:16:49,508 [INFO] IPUIPlugin:80 - create IPUIPlugin
2025-01-19 14:16:49,509 [INFO] PluginManager:220 - loadIPPluginJar : add cryp
2025-01-19 14:16:49,631 [INFO] IPUIPlugin:80 - create IPUIPlugin
2025-01-19 14:16:49,631 [INFO] PluginManager:220 - loadIPPluginJar : add dfsdm
2025-01-19 14:16:49,671 [INFO] IPUIPlugin:80 - create IPUIPlugin
2025-01-19 14:16:49,672 [INFO] PluginManager:220 - loadIPPluginJar : add dma
2025-01-19 14:16:49,809 [INFO] IPUIPlugin:80 - create IPUIPlugin
2025-01-19 14:16:49,809 [INFO] PluginManager:220 - loadIPPluginJar : add dma3
2025-01-19 14:16:49,877 [INFO] IPUIPlugin:80 - create IPUIPlugin
2025-01-19 14:16:49,877 [INFO] PluginManager:220 - loadIPPluginJar : add fatfs
2025-01-19 14:16:50,056 [INFO] IPUIPlugin:80 - create IPUIPlugin
2025-01-19 14:16:50,056 [INFO] PluginManager:220 - loadIPPluginJar : add fmc
2025-01-19 14:16:50,099 [INFO] IPUIPlugin:80 - create IPUIPlugin
2025-01-19 14:16:50,100 [INFO] PluginManager:220 - loadIPPluginJar : add freertos
2025-01-19 14:16:50,129 [INFO] IPUIPlugin:80 - create IPUIPlugin
2025-01-19 14:16:50,129 [INFO] PluginManager:220 - loadIPPluginJar : add genericplugin
2025-01-19 14:16:50,490 [INFO] IPUIPlugin:80 - create IPUIPlugin
2025-01-19 14:16:50,490 [INFO] PluginManager:220 - loadIPPluginJar : add gfxmmu
2025-01-19 14:16:50,933 [INFO] IPUIPlugin:80 - create IPUIPlugin
2025-01-19 14:16:50,933 [INFO] PluginManager:220 - loadIPPluginJar : add gic
2025-01-19 14:16:50,964 [INFO] IPUIPlugin:80 - create IPUIPlugin
2025-01-19 14:16:50,964 [INFO] PluginManager:220 - loadIPPluginJar : add gpio
2025-01-19 14:16:51,336 [INFO] IPUIPlugin:80 - create IPUIPlugin
2025-01-19 14:16:51,336 [INFO] PluginManager:220 - loadIPPluginJar : add gtzc
2025-01-19 14:16:51,471 [INFO] ThirdPartyUpdaterWithRetryManager:70 - Updater plugin not ready yet. [2/15]
2025-01-19 14:16:51,487 [INFO] IPUIPlugin:80 - create IPUIPlugin
2025-01-19 14:16:51,487 [INFO] PluginManager:220 - loadIPPluginJar : add hash
2025-01-19 14:16:51,741 [INFO] IPUIPlugin:80 - create IPUIPlugin
2025-01-19 14:16:51,741 [INFO] PluginManager:220 - loadIPPluginJar : add i2c
2025-01-19 14:16:51,923 [INFO] IPUIPlugin:80 - create IPUIPlugin
2025-01-19 14:16:51,923 [INFO] PluginManager:220 - loadIPPluginJar : add i2s
2025-01-19 14:16:52,088 [INFO] IPUIPlugin:80 - create IPUIPlugin
2025-01-19 14:16:52,088 [INFO] PluginManager:220 - loadIPPluginJar : add i3c
2025-01-19 14:16:52,683 [INFO] IPUIPlugin:80 - create IPUIPlugin
2025-01-19 14:16:52,684 [INFO] PluginManager:220 - loadIPPluginJar : add ipddr
2025-01-19 14:16:52,962 [INFO] IPUIPlugin:80 - create IPUIPlugin
2025-01-19 14:16:52,963 [INFO] PluginManager:220 - loadIPPluginJar : add linkedlist
2025-01-19 14:16:53,043 [INFO] IPUIPlugin:80 - create IPUIPlugin
2025-01-19 14:16:53,043 [INFO] PluginManager:220 - loadIPPluginJar : add lorawan
2025-01-19 14:16:53,241 [INFO] IPUIPlugin:80 - create IPUIPlugin
2025-01-19 14:16:53,242 [INFO] PluginManager:220 - loadIPPluginJar : add ltdc
2025-01-19 14:16:53,298 [INFO] IPUIPlugin:80 - create IPUIPlugin
2025-01-19 14:16:53,299 [INFO] PluginManager:220 - loadIPPluginJar : add mdma
2025-01-19 14:16:53,348 [INFO] IPUIPlugin:80 - create IPUIPlugin
2025-01-19 14:16:53,349 [INFO] PluginManager:220 - loadIPPluginJar : add nvic
2025-01-19 14:16:53,550 [INFO] IPUIPlugin:80 - create IPUIPlugin
2025-01-19 14:16:53,551 [INFO] PluginManager:220 - loadIPPluginJar : add opamp
2025-01-19 14:16:53,873 [INFO] IPUIPlugin:80 - create IPUIPlugin
2025-01-19 14:16:53,874 [INFO] PluginManager:220 - loadIPPluginJar : add openamp
2025-01-19 14:16:54,103 [INFO] IPUIPlugin:80 - create IPUIPlugin
2025-01-19 14:16:54,104 [INFO] PluginManager:220 - loadIPPluginJar : add pdm2pcm
2025-01-19 14:16:54,137 [INFO] IPUIPlugin:80 - create IPUIPlugin
2025-01-19 14:16:54,144 [INFO] PluginManager:220 - loadIPPluginJar : add plateformsettings
2025-01-19 14:16:54,252 [INFO] IPUIPlugin:80 - create IPUIPlugin
2025-01-19 14:16:54,252 [INFO] PluginManager:220 - loadIPPluginJar : add quadspi
2025-01-19 14:16:54,319 [INFO] IPUIPlugin:80 - create IPUIPlugin
2025-01-19 14:16:54,320 [INFO] PluginManager:220 - loadIPPluginJar : add resmgrutility
2025-01-19 14:16:54,472 [INFO] ThirdPartyUpdaterWithRetryManager:70 - Updater plugin not ready yet. [3/15]
2025-01-19 14:16:54,532 [INFO] IPUIPlugin:80 - create IPUIPlugin
2025-01-19 14:16:54,533 [INFO] PluginManager:220 - loadIPPluginJar : add sai
2025-01-19 14:16:54,724 [INFO] IPUIPlugin:80 - create IPUIPlugin
2025-01-19 14:16:54,725 [INFO] PluginManager:220 - loadIPPluginJar : add spi
2025-01-19 14:16:54,971 [INFO] IPUIPlugin:80 - create IPUIPlugin
2025-01-19 14:16:54,973 [INFO] PluginManager:220 - loadIPPluginJar : add stm32_wpan
2025-01-19 14:16:55,054 [INFO] IPUIPlugin:80 - create IPUIPlugin
2025-01-19 14:16:55,056 [INFO] PluginManager:220 - loadIPPluginJar : add tim
2025-01-19 14:16:55,273 [INFO] IPUIPlugin:80 - create IPUIPlugin
2025-01-19 14:16:55,273 [INFO] PluginManager:220 - loadIPPluginJar : add touchsensing
2025-01-19 14:16:55,364 [INFO] IPUIPlugin:80 - create IPUIPlugin
2025-01-19 14:16:55,365 [INFO] PluginManager:220 - loadIPPluginJar : add tracer_emb
2025-01-19 14:16:55,472 [INFO] IPUIPlugin:80 - create IPUIPlugin
2025-01-19 14:16:55,472 [INFO] PluginManager:220 - loadIPPluginJar : add ts
2025-01-19 14:16:55,570 [INFO] IPUIPlugin:80 - create IPUIPlugin
2025-01-19 14:16:55,570 [INFO] PluginManager:220 - loadIPPluginJar : add tsc
2025-01-19 14:16:55,664 [INFO] IPUIPlugin:80 - create IPUIPlugin
2025-01-19 14:16:55,664 [INFO] PluginManager:220 - loadIPPluginJar : add ucpd
2025-01-19 14:16:55,872 [INFO] IPUIPlugin:80 - create IPUIPlugin
2025-01-19 14:16:55,872 [INFO] PluginManager:220 - loadIPPluginJar : add usart
2025-01-19 14:16:56,088 [INFO] IPUIPlugin:80 - create IPUIPlugin
2025-01-19 14:16:56,088 [INFO] PluginManager:220 - loadIPPluginJar : add usbx
2025-01-19 14:16:56,361 [INFO] CADModel:165 - CPN selected for project level
2025-01-19 14:16:56,361 [INFO] CADModel:114 - Register for checkConnection events
2025-01-19 14:16:56,362 [FATAL] Updater:308 - Updater called before beeing initialized
2025-01-19 14:16:56,362 [ERROR] CADModel:125 - Updater not yet initialized, retry later 
2025-01-19 14:16:56,793 [INFO] CADModel:165 - CPN selected for project level
2025-01-19 14:16:56,793 [INFO] CADModel:114 - Register for checkConnection events
2025-01-19 14:16:56,793 [FATAL] Updater:308 - Updater called before beeing initialized
2025-01-19 14:16:56,793 [ERROR] CADModel:125 - Updater not yet initialized, retry later 
2025-01-19 14:16:56,800 [FATAL] Updater:308 - Updater called before beeing initialized
2025-01-19 14:16:57,142 [FATAL] Updater:308 - Updater called before beeing initialized
2025-01-19 14:16:57,168 [INFO] DbMcusAds:53 - JSON generation date=Fri Sep 20 15:04:23 CEST 2024 (1726837463113)
2025-01-19 14:16:57,169 [FATAL] Updater:308 - Updater called before beeing initialized
2025-01-19 14:16:57,356 [WARN] DetailPanel:346 - Failed to get advertising image, set to default
2025-01-19 14:16:57,474 [INFO] ThirdPartyUpdaterWithRetryManager:70 - Updater plugin not ready yet. [4/15]
2025-01-19 14:16:57,727 [FATAL] Updater:308 - Updater called before beeing initialized
2025-01-19 14:16:57,733 [FATAL] Updater:308 - Updater called before beeing initialized
2025-01-19 14:16:57,733 [FATAL] Updater:308 - Updater called before beeing initialized
2025-01-19 14:16:57,734 [WARN] DetailPanel:346 - Failed to get advertising image, set to default
2025-01-19 14:16:57,737 [FATAL] Updater:308 - Updater called before beeing initialized
2025-01-19 14:16:57,953 [ERROR] Updater:1120 - MainUpdater not yet initialized. External WinMGr cannot be set.
2025-01-19 14:16:57,972 [INFO] Updater:1056 - Updater Version found : 6.10.0
2025-01-19 14:16:58,031 [INFO] ApplicationProperties:184 - Using Application install path: C:\ST\STM32CubeIDE_1.14.1\STM32CubeIDE\plugins\com.st.stm32cube.common.mx_6.10.0.202311202037
2025-01-19 14:16:59,654 [ERROR] LogOutputStream:75 - [STDERR_REDIRECT] Jan 19, 2025 2:16:59 PM java.util.prefs.WindowsPreferences <init>
2025-01-19 14:16:59,659 [ERROR] LogOutputStream:75 - [STDERR_REDIRECT] WARNING: Could not open/create prefs root node Software\JavaSoft\Prefs at root 0xffffffff80000002. Windows RegCreateKeyEx(...) returned error code 5.
2025-01-19 14:16:59,659 [ERROR] LogOutputStream:75 - [STDERR_REDIRECT] 
2025-01-19 14:17:00,401 [INFO] MainUpdater:2873 - connection check result : 10
2025-01-19 14:17:00,401 [INFO] MainUpdater:3567 - Updater definition file requires update
2025-01-19 14:17:00,404 [INFO] MainUpdater:290 - Updater Check For Update Now.
2025-01-19 14:17:00,405 [INFO] MicroXplorer:498 - Change Database Version : DB.6.0.100
2025-01-19 14:17:00,446 [INFO] McuFinderGlobals:63 - Set McuFinder mode to 2 (CubeIDE integrated)
2025-01-19 14:17:00,461 [INFO] ServerAccessManage:473 - Download File updaters.zip
2025-01-19 14:17:00,475 [WARN] MainUpdater:1194 - Updater busy. Cannot search thirdparties
2025-01-19 14:17:00,476 [INFO] ThirdPartyUpdaterWithRetryManager:96 - Updater plugin is busy. [1/15]
2025-01-19 14:17:00,647 [INFO] FileExtend:240 - Unzip File : updaters.zip
2025-01-19 14:17:00,648 [INFO] FileExtend:255 - Standard Zip Deflate
2025-01-19 14:17:00,660 [INFO] UserAuth:404 - Internet connection configuration mode: 1
2025-01-19 14:17:00,778 [INFO] JxBrowserEngine:152 - Initiate JxBrowser Engine with user profile folder
2025-01-19 14:17:01,729 [INFO] ServerAccessManage:473 - Download File PacksControlFlags.xml
2025-01-19 14:17:02,000 [INFO] ServerAccessManage:473 - Download File cubemx.pidx
2025-01-19 14:17:02,311 [INFO] LoadServerUpdatesThread:375 - End of LoadServerUpdate Thread
2025-01-19 14:17:02,989 [INFO] CheckServerUpdateThread:120 - End of CheckServer Thread
2025-01-19 14:17:04,042 [WARN] PackLoader:240 - Cannot read IP mode file for STMicroelectronics.FP-SNS-MOTENVWB1.1.4.0
2025-01-19 14:17:04,070 [WARN] PackLoader:240 - Cannot read IP mode file for STMicroelectronics.FP-ATR-ASTRA1.2.0.1
2025-01-19 14:17:04,099 [WARN] PackLoader:240 - Cannot read IP mode file for STMicroelectronics.X-CUBE-SMBUS.2.1.0
2025-01-19 14:17:04,130 [WARN] PackLoader:240 - Cannot read IP mode file for STMicroelectronics.X-CUBE-WB05N.1.1.0
2025-01-19 14:17:04,160 [WARN] PackLoader:240 - Cannot read IP mode file for STMicroelectronics.X-CUBE-TOUCHGFX.4.23.1
2025-01-19 14:17:04,201 [WARN] PackLoader:240 - Cannot read IP mode file for STMicroelectronics.X-CUBE-TOUCHGFX.4.23.0
2025-01-19 14:17:04,247 [WARN] PackLoader:240 - Cannot read IP mode file for STMicroelectronics.X-CUBE-TOUCHGFX.4.23.2
2025-01-19 14:17:04,334 [WARN] PackLoader:240 - Cannot read IP mode file for STMicroelectronics.X-CUBE-AZRTOS-F7.1.1.0
2025-01-19 14:17:04,368 [WARN] PackLoader:240 - Cannot read IP mode file for STMicroelectronics.FP-SNS-MOTENV1.4.3.2
2025-01-19 14:17:04,556 [WARN] PackLoader:240 - Cannot read IP mode file for STMicroelectronics.X-CUBE-MEMS1.11.0.0
2025-01-19 14:17:05,066 [WARN] PackLoader:240 - Cannot read IP mode file for STMicroelectronics.X-CUBE-BLE1.6.2.4
2025-01-19 14:17:05,175 [WARN] PackLoader:240 - Cannot read IP mode file for STMicroelectronics.FP-SNS-FLIGHT1.5.0.2
2025-01-19 14:17:05,240 [WARN] PackLoader:240 - Cannot read IP mode file for STMicroelectronics.X-CUBE-DISPLAY.3.0.0
2025-01-19 14:17:05,325 [WARN] PackLoader:240 - Cannot read IP mode file for STMicroelectronics.X-CUBE-BLE1.7.0.0
2025-01-19 14:17:05,384 [WARN] PackLoader:240 - Cannot read IP mode file for STMicroelectronics.X-CUBE-NFC10.1.0.0
2025-01-19 14:17:05,447 [WARN] PackLoader:240 - Cannot read IP mode file for STMicroelectronics.X-CUBE-BLEMGR.4.0.0
2025-01-19 14:17:05,499 [WARN] PackLoader:240 - Cannot read IP mode file for emotas.I-CUBE-CANOPEN.1.3.0
2025-01-19 14:17:05,551 [WARN] PackLoader:240 - Cannot read IP mode file for STMicroelectronics.X-CUBE-BLEMGR.3.1.0
2025-01-19 14:17:05,578 [WARN] PackLoader:240 - Cannot read IP mode file for STMicroelectronics.FP-SNS-SMARTAG2.1.2.0
2025-01-19 14:17:05,749 [WARN] PackLoader:240 - Cannot read IP mode file for STMicroelectronics.X-CUBE-MEMS1.11.1.0
2025-01-19 14:17:06,035 [INFO] LogOutputStream:77 - [STDOUT_REDIRECT] 1 : Invalid condition id : UX_CORESTACK_Condition cause : null
2025-01-19 14:17:06,035 [INFO] LogOutputStream:77 - [STDOUT_REDIRECT] 1 : Invalid condition id : UX_CORESTACK_Condition cause : null
2025-01-19 14:17:06,040 [INFO] LogOutputStream:77 - [STDOUT_REDIRECT] 1 : Invalid condition id : UX_CORESTACK_Condition cause : null
2025-01-19 14:17:06,043 [INFO] LogOutputStream:77 - [STDOUT_REDIRECT] 1 : Invalid condition id : UX_CORESTACK_Condition cause : null
2025-01-19 14:17:06,048 [INFO] LogOutputStream:77 - [STDOUT_REDIRECT] 1 : Invalid condition id : UX_CORESTACK_Condition cause : null
2025-01-19 14:17:06,059 [WARN] PackLoader:240 - Cannot read IP mode file for STMicroelectronics.X-CUBE-AZRTOS-WL.2.0.0
2025-01-19 14:17:06,084 [WARN] PackLoader:240 - Cannot read IP mode file for STMicroelectronics.FP-SNS-MOTENV1.5.0.0
2025-01-19 14:17:06,140 [WARN] PackLoader:240 - Cannot read IP mode file for wolfSSL.I-CUBE-wolfMQTT.1.19.0
2025-01-19 14:17:06,195 [WARN] PackLoader:240 - Cannot read IP mode file for WES.I-CUBE-Cesium.1.3.0
2025-01-19 14:17:06,225 [WARN] PackLoader:240 - Cannot read IP mode file for STMicroelectronics.X-CUBE-BLE2.3.3.0
2025-01-19 14:17:06,275 [WARN] PackLoader:240 - Cannot read IP mode file for STMicroelectronics.X-CUBE-NFC9.1.0.0
2025-01-19 14:17:06,308 [WARN] PackLoader:240 - Cannot read IP mode file for STMicroelectronics.X-CUBE-TCPP.4.1.0
2025-01-19 14:17:06,363 [WARN] PackLoader:240 - Cannot read IP mode file for STMicroelectronics.X-CUBE-TOUCHGFX.4.21.3
2025-01-19 14:17:06,424 [WARN] PackLoader:240 - Cannot read IP mode file for STMicroelectronics.X-CUBE-ALGOBUILD.1.3.0
2025-01-19 14:17:06,484 [WARN] PackLoader:240 - Cannot read IP mode file for STMicroelectronics.X-CUBE-AZRTOS-G0.1.1.0
2025-01-19 14:17:06,532 [WARN] PackLoader:240 - Cannot read IP mode file for STMicroelectronics.X-CUBE-SAFEA1.1.2.2
2025-01-19 14:17:06,589 [WARN] PackLoader:240 - Cannot read IP mode file for STMicroelectronics.X-CUBE-NFC4.3.0.0
2025-01-19 14:17:06,610 [WARN] PackLoader:240 - Cannot read IP mode file for wolfSSL.I-CUBE-wolfMQTT.1.18.0
2025-01-19 14:17:06,646 [WARN] PackLoader:240 - Cannot read IP mode file for EmbeddedOffice.I-CUBE-FS-RTOS.1.0.1
2025-01-19 14:17:06,646 [ERROR] ConditionMgr:805 - Attr not supported : Dmpu
2025-01-19 14:17:06,647 [ERROR] ConditionMgr:805 - Attr not supported : Dmpu
2025-01-19 14:17:06,647 [ERROR] ConditionMgr:805 - Attr not supported : Dmpu
2025-01-19 14:17:06,647 [ERROR] ConditionMgr:805 - Attr not supported : Dmpu
2025-01-19 14:17:06,647 [ERROR] ConditionMgr:805 - Attr not supported : Dmpu
2025-01-19 14:17:06,647 [ERROR] ConditionMgr:805 - Attr not supported : Dmpu
2025-01-19 14:17:06,647 [ERROR] ConditionMgr:805 - Attr not supported : Dmpu
2025-01-19 14:17:06,648 [ERROR] ConditionMgr:805 - Attr not supported : Dmpu
2025-01-19 14:17:06,648 [ERROR] ConditionMgr:805 - Attr not supported : Dmpu
2025-01-19 14:17:06,648 [ERROR] ConditionMgr:805 - Attr not supported : Dmpu
2025-01-19 14:17:06,648 [ERROR] ConditionMgr:805 - Attr not supported : Dmpu
2025-01-19 14:17:06,648 [ERROR] ConditionMgr:805 - Attr not supported : Dmpu
2025-01-19 14:17:06,648 [ERROR] ConditionMgr:805 - Attr not supported : Dmpu
2025-01-19 14:17:06,648 [ERROR] ConditionMgr:805 - Attr not supported : Dmpu
2025-01-19 14:17:06,648 [ERROR] ConditionMgr:805 - Attr not supported : Dmpu
2025-01-19 14:17:06,648 [ERROR] ConditionMgr:805 - Attr not supported : Dmpu
2025-01-19 14:17:06,648 [ERROR] ConditionMgr:805 - Attr not supported : Dmpu
2025-01-19 14:17:06,648 [ERROR] ConditionMgr:805 - Attr not supported : Dmpu
2025-01-19 14:17:06,648 [ERROR] ConditionMgr:805 - Attr not supported : Dmpu
2025-01-19 14:17:06,648 [ERROR] ConditionMgr:805 - Attr not supported : Dmpu
2025-01-19 14:17:06,648 [ERROR] ConditionMgr:805 - Attr not supported : Dmpu
2025-01-19 14:17:06,648 [ERROR] ConditionMgr:805 - Attr not supported : Dmpu
2025-01-19 14:17:06,649 [ERROR] ConditionMgr:805 - Attr not supported : Dmpu
2025-01-19 14:17:06,649 [ERROR] ConditionMgr:805 - Attr not supported : Dmpu
2025-01-19 14:17:06,649 [ERROR] ConditionMgr:805 - Attr not supported : Dmpu
2025-01-19 14:17:06,649 [ERROR] ConditionMgr:805 - Attr not supported : Dmpu
2025-01-19 14:17:06,649 [ERROR] ConditionMgr:805 - Attr not supported : Dmpu
2025-01-19 14:17:06,649 [ERROR] ConditionMgr:805 - Attr not supported : Dmpu
2025-01-19 14:17:06,649 [ERROR] ConditionMgr:805 - Attr not supported : Dmpu
2025-01-19 14:17:06,649 [ERROR] ConditionMgr:805 - Attr not supported : Dmpu
2025-01-19 14:17:06,649 [ERROR] ConditionMgr:805 - Attr not supported : Dmpu
2025-01-19 14:17:06,649 [ERROR] ConditionMgr:805 - Attr not supported : Dmpu
2025-01-19 14:17:06,649 [ERROR] ConditionMgr:805 - Attr not supported : Dmpu
2025-01-19 14:17:06,649 [ERROR] ConditionMgr:805 - Attr not supported : Dmpu
2025-01-19 14:17:06,649 [ERROR] ConditionMgr:805 - Attr not supported : Dmpu
2025-01-19 14:17:06,649 [ERROR] ConditionMgr:805 - Attr not supported : Dmpu
2025-01-19 14:17:06,649 [ERROR] ConditionMgr:805 - Attr not supported : Dmpu
2025-01-19 14:17:06,650 [ERROR] ConditionMgr:805 - Attr not supported : Dmpu
2025-01-19 14:17:06,650 [ERROR] ConditionMgr:805 - Attr not supported : Dmpu
2025-01-19 14:17:06,650 [ERROR] ConditionMgr:805 - Attr not supported : Dmpu
2025-01-19 14:17:06,650 [ERROR] ConditionMgr:805 - Attr not supported : Dmpu
2025-01-19 14:17:06,650 [ERROR] ConditionMgr:805 - Attr not supported : Dmpu
2025-01-19 14:17:06,650 [ERROR] ConditionMgr:805 - Attr not supported : Dmpu
2025-01-19 14:17:06,650 [ERROR] ConditionMgr:805 - Attr not supported : Dmpu
2025-01-19 14:17:06,650 [ERROR] ConditionMgr:805 - Attr not supported : Dmpu
2025-01-19 14:17:06,650 [ERROR] ConditionMgr:805 - Attr not supported : Dmpu
2025-01-19 14:17:06,651 [ERROR] ConditionMgr:805 - Attr not supported : Dmpu
2025-01-19 14:17:06,651 [ERROR] ConditionMgr:805 - Attr not supported : Dmpu
2025-01-19 14:17:06,652 [ERROR] ConditionMgr:805 - Attr not supported : Dmpu
2025-01-19 14:17:06,652 [ERROR] ConditionMgr:805 - Attr not supported : Dmpu
2025-01-19 14:17:06,652 [ERROR] ConditionMgr:805 - Attr not supported : Dmpu
2025-01-19 14:17:06,652 [ERROR] ConditionMgr:805 - Attr not supported : Dmpu
2025-01-19 14:17:06,652 [ERROR] ConditionMgr:805 - Attr not supported : Dmpu
2025-01-19 14:17:06,652 [ERROR] ConditionMgr:805 - Attr not supported : Dmpu
2025-01-19 14:17:06,652 [ERROR] ConditionMgr:805 - Attr not supported : Dmpu
2025-01-19 14:17:06,652 [ERROR] ConditionMgr:805 - Attr not supported : Dmpu
2025-01-19 14:17:06,652 [ERROR] ConditionMgr:805 - Attr not supported : Dmpu
2025-01-19 14:17:06,652 [ERROR] ConditionMgr:805 - Attr not supported : Dmpu
2025-01-19 14:17:06,652 [ERROR] ConditionMgr:805 - Attr not supported : Dmpu
2025-01-19 14:17:06,652 [ERROR] ConditionMgr:805 - Attr not supported : Dmpu
2025-01-19 14:17:06,652 [ERROR] ConditionMgr:805 - Attr not supported : Dmpu
2025-01-19 14:17:06,652 [ERROR] ConditionMgr:805 - Attr not supported : Dmpu
2025-01-19 14:17:06,652 [ERROR] ConditionMgr:805 - Attr not supported : Dmpu
2025-01-19 14:17:06,652 [ERROR] ConditionMgr:805 - Attr not supported : Dmpu
2025-01-19 14:17:06,714 [WARN] PackLoader:240 - Cannot read IP mode file for STMicroelectronics.X-CUBE-BLEMGR.3.0.0
2025-01-19 14:17:06,763 [ERROR] Engine:466 - C:\Users\ahmed\.stm32cubemx\thirdparties\pdsc\STMicroelectronics.X-CUBE-TCPP.4.2.0.pdsc: PDSC version is not supported
2025-01-19 14:17:06,805 [WARN] PackLoader:240 - Cannot read IP mode file for RealThread.X-CUBE-RT-Thread_Nano.4.1.1
2025-01-19 14:17:06,849 [WARN] PackLoader:240 - Cannot read IP mode file for STMicroelectronics.FP-ATR-SIGFOX1.3.2.0
2025-01-19 14:17:06,870 [WARN] ConditionMgr:438 - getConditionDescription Invalid condition id : Cortex-A Device cause : null
2025-01-19 14:17:06,921 [WARN] ConditionMgr:1039 - genDependencies : Invalid condition id : Cortex-A Device cause : null
2025-01-19 14:17:06,921 [WARN] ConditionMgr:1039 - genDependencies : Invalid condition id : Cortex-A Device cause : null
2025-01-19 14:17:06,922 [WARN] ConditionMgr:1039 - genDependencies : Invalid condition id : Cortex-A Device cause : null
2025-01-19 14:17:06,952 [WARN] PackLoader:240 - Cannot read IP mode file for STMicroelectronics.X-CUBE-EEPRMA1.5.1.0
2025-01-19 14:17:07,182 [WARN] PackLoader:240 - Cannot read IP mode file for STMicroelectronics.X-CUBE-MEMS1.9.5.0
2025-01-19 14:17:07,503 [WARN] PackLoader:240 - Cannot read IP mode file for SEGGER.I-CUBE-embOS.1.3.1
2025-01-19 14:17:07,653 [WARN] PackLoader:240 - Cannot read IP mode file for STMicroelectronics.X-CUBE-ALGOBUILD.1.4.0
2025-01-19 14:17:07,702 [WARN] PackLoader:240 - Cannot read IP mode file for STMicroelectronics.X-CUBE-AI.9.1.0
2025-01-19 14:17:07,729 [WARN] PackLoader:240 - Cannot read IP mode file for STMicroelectronics.X-CUBE-GNSS1.6.0.0
2025-01-19 14:17:07,771 [WARN] PackLoader:240 - Cannot read IP mode file for STMicroelectronics.X-CUBE-AZRTOS-F4.1.1.0
2025-01-19 14:17:07,798 [WARN] PackLoader:240 - Cannot read IP mode file for wolfSSL.I-CUBE-wolfSSL.5.6.0
2025-01-19 14:17:07,824 [WARN] PackLoader:240 - Cannot read IP mode file for STMicroelectronics.X-CUBE-ISPU.2.1.0
2025-01-19 14:17:07,849 [WARN] PackLoader:240 - Cannot read IP mode file for STMicroelectronics.X-CUBE-FREERTOS.1.2.0
2025-01-19 14:17:07,872 [WARN] PackLoader:240 - Cannot read IP mode file for wolfSSL.I-CUBE-wolfSSL.5.6.6
2025-01-19 14:17:07,921 [WARN] PackLoader:240 - Cannot read IP mode file for STMicroelectronics.X-CUBE-AZRTOS-L5.2.0.0
2025-01-19 14:17:07,952 [WARN] PackLoader:240 - Cannot read IP mode file for STMicroelectronics.X-CUBE-EEPRMA1.4.2.0
2025-01-19 14:17:07,981 [WARN] PackLoader:240 - Cannot read IP mode file for STMicroelectronics.X-CUBE-NFC6.3.1.0
2025-01-19 14:17:08,007 [WARN] PackLoader:240 - Cannot read IP mode file for ITTIA_DB.I-CUBE-ITTIADB.8.8.0
2025-01-19 14:17:08,029 [WARN] PackLoader:240 - Cannot read IP mode file for emotas.I-CUBE-CANOPEN.1.1.3
2025-01-19 14:17:08,052 [WARN] PackLoader:240 - Cannot read IP mode file for STMicroelectronics.X-CUBE-BLEMGR.2.0.0
2025-01-19 14:17:08,082 [WARN] PackLoader:240 - Cannot read IP mode file for STMicroelectronics.X-CUBE-DPower.1.2.0
2025-01-19 14:17:08,109 [WARN] PackLoader:240 - Cannot read IP mode file for STMicroelectronics.X-CUBE-AI.9.0.0
2025-01-19 14:17:08,157 [WARN] ConditionMgr:438 - getConditionDescription Invalid condition id : UX DEVICE CLASS RTOS Condition cause : null
2025-01-19 14:17:08,158 [WARN] ConditionMgr:438 - getConditionDescription Invalid condition id : UX DEVICE CLASS RTOS Condition cause : null
2025-01-19 14:17:08,160 [WARN] PackLoader:240 - Cannot read IP mode file for STMicroelectronics.X-CUBE-AZRTOS-H7.3.1.0
2025-01-19 14:17:08,161 [WARN] ConditionMgr:1039 - genDependencies : Invalid condition id : UX DEVICE CLASS RTOS Condition cause : null
2025-01-19 14:17:08,162 [WARN] ConditionMgr:1039 - genDependencies : Invalid condition id : UX DEVICE CLASS RTOS Condition cause : null
2025-01-19 14:17:08,175 [WARN] ConditionMgr:1039 - genDependencies : Invalid condition id : UX DEVICE CLASS RTOS Condition cause : null
2025-01-19 14:17:08,176 [WARN] ConditionMgr:1039 - genDependencies : Invalid condition id : UX DEVICE CLASS RTOS Condition cause : null
2025-01-19 14:17:08,176 [WARN] ConditionMgr:1039 - genDependencies : Invalid condition id : UX DEVICE CLASS RTOS Condition cause : null
2025-01-19 14:17:08,201 [WARN] PackLoader:240 - Cannot read IP mode file for STMicroelectronics.X-CUBE-FREERTOS.1.3.0
2025-01-19 14:17:08,228 [WARN] PackLoader:240 - Cannot read IP mode file for STMicroelectronics.X-CUBE-NFC7.1.0.1
2025-01-19 14:17:08,256 [WARN] PackLoader:240 - Cannot read IP mode file for STMicroelectronics.X-CUBE-NFC7.1.0.0
2025-01-19 14:17:08,282 [WARN] PackLoader:240 - Cannot read IP mode file for wolfSSL.I-CUBE-wolfTPM.3.2.0
2025-01-19 14:17:08,307 [WARN] PackLoader:240 - Cannot read IP mode file for STMicroelectronics.X-CUBE-NFC6.3.0.0
2025-01-19 14:17:08,331 [WARN] PackLoader:240 - Cannot read IP mode file for STMicroelectronics.X-CUBE-EEPRMA1.4.1.0
2025-01-19 14:17:08,355 [WARN] PackLoader:240 - Cannot read IP mode file for STMicroelectronics.X-CUBE-AI.8.1.0
2025-01-19 14:17:08,398 [WARN] ConditionMgr:438 - getConditionDescription Invalid condition id : LAN8742 Phy interface Condition cause : null
2025-01-19 14:17:08,399 [WARN] PackLoader:240 - Cannot read IP mode file for STMicroelectronics.X-CUBE-AZRTOS-L4.2.0.0
2025-01-19 14:17:08,400 [WARN] ConditionMgr:1039 - genDependencies : Invalid condition id : LAN8742 Phy interface Condition cause : null
2025-01-19 14:17:08,401 [WARN] ConditionMgr:1039 - genDependencies : Invalid condition id : LAN8742 Phy interface Condition cause : null
2025-01-19 14:17:08,401 [WARN] ConditionMgr:1039 - genDependencies : Invalid condition id : LAN8742 Phy interface Condition cause : null
2025-01-19 14:17:08,438 [WARN] PackLoader:240 - Cannot read IP mode file for STMicroelectronics.X-CUBE-SFXS2LP1.4.0.0
2025-01-19 14:17:08,460 [WARN] PackLoader:240 - Cannot read IP mode file for STMicroelectronics.X-CUBE-ISPU.1.1.0
2025-01-19 14:17:08,525 [WARN] PackLoader:240 - Cannot read IP mode file for STMicroelectronics.X-CUBE-AZRTOS-H7.3.3.0
2025-01-19 14:17:08,551 [WARN] PackLoader:240 - Cannot read IP mode file for STMicroelectronics.X-CUBE-AI.8.0.0
2025-01-19 14:17:08,581 [WARN] PackLoader:240 - Cannot read IP mode file for STMicroelectronics.X-CUBE-IPS.3.0.0
2025-01-19 14:17:08,620 [WARN] ConditionMgr:438 - getConditionDescription Invalid condition id : UX DEVICE CLASS RTOS Condition cause : null
2025-01-19 14:17:08,620 [WARN] ConditionMgr:438 - getConditionDescription Invalid condition id : UX DEVICE CLASS RTOS Condition cause : null
2025-01-19 14:17:08,622 [WARN] PackLoader:240 - Cannot read IP mode file for STMicroelectronics.X-CUBE-AZRTOS-WB.2.0.0
2025-01-19 14:17:08,622 [WARN] ConditionMgr:1039 - genDependencies : Invalid condition id : UX DEVICE CLASS RTOS Condition cause : null
2025-01-19 14:17:08,622 [WARN] ConditionMgr:1039 - genDependencies : Invalid condition id : UX DEVICE CLASS RTOS Condition cause : null
2025-01-19 14:17:08,624 [WARN] ConditionMgr:1039 - genDependencies : Invalid condition id : UX DEVICE CLASS RTOS Condition cause : null
2025-01-19 14:17:08,624 [WARN] ConditionMgr:1039 - genDependencies : Invalid condition id : UX DEVICE CLASS RTOS Condition cause : null
2025-01-19 14:17:08,624 [WARN] ConditionMgr:1039 - genDependencies : Invalid condition id : UX DEVICE CLASS RTOS Condition cause : null
2025-01-19 14:17:08,645 [WARN] PackLoader:240 - Cannot read IP mode file for STMicroelectronics.X-CUBE-FREERTOS.1.0.1
2025-01-19 14:17:08,670 [WARN] PackLoader:240 - Cannot read IP mode file for STMicroelectronics.X-CUBE-GNSS1.7.0.0
2025-01-19 14:17:08,695 [WARN] PackLoader:240 - Cannot read IP mode file for STMicroelectronics.X-CUBE-GNSS1.7.0.1
2025-01-19 14:17:08,721 [WARN] PackLoader:240 - Cannot read IP mode file for STMicroelectronics.FP-SNS-STBOX1.2.0.0
2025-01-19 14:17:08,760 [WARN] PackLoader:240 - Cannot read IP mode file for STMicroelectronics.X-CUBE-AZRTOS-L5.1.1.0
2025-01-19 14:17:08,792 [WARN] PackLoader:240 - Cannot read IP mode file for STMicroelectronics.X-CUBE-SUBG2.5.0.0
2025-01-19 14:17:08,834 [WARN] PackLoader:240 - Cannot read IP mode file for STMicroelectronics.X-CUBE-AZRTOS-G4.2.0.0
2025-01-19 14:17:08,866 [WARN] PackLoader:240 - Cannot read IP mode file for STMicroelectronics.X-CUBE-TOF1.3.3.0
2025-01-19 14:17:08,915 [WARN] PackLoader:240 - Cannot read IP mode file for Infineon.AIROC-Wi-Fi-Bluetooth-STM32.1.5.1
2025-01-19 14:17:08,939 [WARN] PackLoader:240 - Cannot read IP mode file for STMicroelectronics.FP-SNS-MOTENVWB1.1.3.1
2025-01-19 14:17:08,972 [WARN] PackLoader:240 - Cannot read IP mode file for STMicroelectronics.X-CUBE-AZRTOS-G4.1.0.0
2025-01-19 14:17:09,018 [WARN] PackLoader:240 - Cannot read IP mode file for STMicroelectronics.X-CUBE-AZRTOS-L4.1.0.0
2025-01-19 14:17:09,048 [WARN] PackLoader:240 - Cannot read IP mode file for STMicroelectronics.X-CUBE-ISPU.2.0.0
2025-01-19 14:17:09,073 [ERROR] Engine:466 - C:\Users\ahmed\.stm32cubemx\thirdparties\pdsc\STMicroelectronics.X-CUBE-IPS.3.1.0.pdsc: PDSC version is not supported
2025-01-19 14:17:09,095 [WARN] PackLoader:240 - Cannot read IP mode file for STMicroelectronics.X-CUBE-ALS.1.0.2
2025-01-19 14:17:09,172 [WARN] PackLoader:240 - Cannot read IP mode file for STMicroelectronics.X-CUBE-MEMS1.10.0.0
2025-01-19 14:17:09,316 [WARN] PackLoader:240 - Cannot read IP mode file for STMicroelectronics.X-CUBE-FREERTOS.1.1.0
2025-01-19 14:17:09,340 [WARN] PackLoader:240 - Cannot read IP mode file for STMicroelectronics.X-CUBE-TOUCHGFX.4.24.0
2025-01-19 14:17:09,360 [WARN] PackLoader:240 - Cannot read IP mode file for STMicroelectronics.X-CUBE-TOUCHGFX.4.24.2
2025-01-19 14:17:09,392 [WARN] PackLoader:240 - Cannot read IP mode file for STMicroelectronics.X-CUBE-AZRTOS-WL.1.0.0
2025-01-19 14:17:09,414 [WARN] PackLoader:240 - Cannot read IP mode file for STMicroelectronics.X-CUBE-TOUCHGFX.4.24.1
2025-01-19 14:17:09,438 [WARN] PackLoader:240 - Cannot read IP mode file for portGmbH.I-Cube-SoM-uGOAL.1.1.0
2025-01-19 14:17:09,458 [WARN] PackLoader:240 - Cannot read IP mode file for STMicroelectronics.X-CUBE-ALS.1.0.1
2025-01-19 14:17:09,492 [WARN] PackLoader:240 - Cannot read IP mode file for STMicroelectronics.X-CUBE-AZRTOS-WB.1.1.0
2025-01-19 14:17:09,536 [WARN] PackLoader:240 - Cannot read IP mode file for STMicroelectronics.X-CUBE-AZRTOS-H7RS.1.0.0
2025-01-19 14:17:09,559 [WARN] PackLoader:240 - Cannot read IP mode file for STMicroelectronics.FP-ATR-ASTRA1.2.0.0
2025-01-19 14:17:09,592 [WARN] PackLoader:240 - Cannot read IP mode file for STMicroelectronics.X-CUBE-TOF1.3.4.2
2025-01-19 14:17:09,636 [WARN] PackLoader:240 - Cannot read IP mode file for STMicroelectronics.X-CUBE-TOF1.3.4.0
2025-01-19 14:17:09,670 [WARN] PackLoader:240 - Cannot read IP mode file for STMicroelectronics.X-CUBE-TOF1.3.4.1
2025-01-19 14:17:09,722 [WARN] PackLoader:240 - Cannot read IP mode file for STMicroelectronics.X-CUBE-AZRTOS-H7.3.2.0
2025-01-19 14:17:09,744 [WARN] PackLoader:240 - Cannot read IP mode file for wolfSSL.I-CUBE-wolfSSH.1.4.17
2025-01-19 14:17:09,745 [INFO] ThirdParty:978 - Integrity check success = true
2025-01-19 14:17:09,745 [INFO] IntegrityCheckThread:100 - exiting critical section [integrity check]
2025-01-19 14:17:09,745 [INFO] IntegrityCheckThread:103 - End integrity checks thread
2025-01-19 14:17:12,959 [INFO] WebApp:161 - Instantiating new browser for Auth
2025-01-19 14:17:13,841 [INFO] WebApp:780 - Register for checkConnection events
2025-01-19 14:17:13,842 [INFO] WebApp:414 - Apply proxy settings
2025-01-19 14:17:13,842 [INFO] WebApp:499 - Chromium requires no authentication
2025-01-19 14:17:13,855 [INFO] WebApp:442 - Direct internet connection detected
2025-01-19 14:17:14,112 [INFO] WebApp:192 - Starting web application
2025-01-19 14:17:14,112 [INFO] WebApp:544 - Web application path used C:\ST\STM32CubeIDE_1.14.1\STM32CubeIDE\plugins\com.st.stm32cube.common.mx_6.10.0.202311202037\db\plugins\mcufinder\reactClient1\index.html
2025-01-19 14:17:35,461 [ERROR] LogOutputStream:75 - [STDERR_REDIRECT] SLF4J: Failed to load class "org.slf4j.impl.StaticLoggerBinder".
2025-01-19 14:17:35,462 [ERROR] LogOutputStream:75 - [STDERR_REDIRECT] SLF4J: Defaulting to no-operation (NOP) logger implementation
2025-01-19 14:17:35,463 [ERROR] LogOutputStream:75 - [STDERR_REDIRECT] SLF4J: See http://www.slf4j.org/codes.html#StaticLoggerBinder for further details.
2025-01-19 23:22:46,346 [INFO] WebApp:354 - JxBrowser engine has been closed 
