2025-01-08 18:10:13,326 [INFO] Activator:176 - 


2025-01-08 18:10:13,337 [INFO] Activator:177 - !SESSION log4j initialized
2025-01-08 18:10:21,890 [INFO] LogOutputStream:77 - [STDOUT_REDIRECT] 
2025-01-08 18:10:48,913 [INFO] ApplicationProperties:184 - Using Application install path: C:\ST\STM32CubeIDE_1.14.1\STM32CubeIDE\plugins\com.st.stm32cube.common.mx_6.10.0.202311202037
2025-01-08 18:10:48,945 [INFO] DbMcusXml:78 - Set database path to: C:\ST\STM32CubeIDE_1.14.1\STM32CubeIDE\plugins\com.st.stm32cube.common.mx_6.10.0.202311202037\\db\/mcu/
2025-01-08 18:10:48,945 [INFO] ApiDb:274 - Set plugin database path to: C:\ST\STM32CubeIDE_1.14.1\STM32CubeIDE\plugins\com.st.stm32cube.common.mx_6.10.0.202311202037\\db\/plugins/boardmanager/
2025-01-08 18:10:48,945 [WARN] ApiDb:259 - Overriding images path with different value:  => C:\ST\STM32CubeIDE_1.14.1\STM32CubeIDE\plugins\com.st.stm32cube.common.mx_6.10.0.202311202037\\db\/plugins/mcufinder/images/
2025-01-08 18:10:48,959 [INFO] ApiDb:250 - Set database path to: C:\Users\ahmed\.stmcufinder\plugins\mcufinder//mcu/
2025-01-08 18:10:48,960 [INFO] DbMcusAds:125 - Set database path to: C:\Users\ahmed\.stmcufinder\plugins\mcufinder//mcu/
2025-01-08 18:11:00,001 [INFO] CrossReferenceDbSqlite:203 - Set database path to: C:\Users\ahmed\.stmcufinder\plugins\mcufinder//mcu/cs/
2025-01-08 18:11:00,140 [INFO] RulesReader:64 - Compatibility file has been processed (297 Rules)
2025-01-08 18:11:00,242 [INFO] DbMcusXml:78 - Set database path to: C:\ST\STM32CubeIDE_1.14.1\STM32CubeIDE\plugins\com.st.stm32cube.common.mx_6.10.0.202311202037\\db\/mcu/
2025-01-08 18:11:00,242 [INFO] ApiDb:274 - Set plugin database path to: C:\ST\STM32CubeIDE_1.14.1\STM32CubeIDE\plugins\com.st.stm32cube.common.mx_6.10.0.202311202037\\db\/plugins/boardmanager/
2025-01-08 18:11:00,242 [INFO] ApiDb:261 - Set plugin images path to: C:\ST\STM32CubeIDE_1.14.1\STM32CubeIDE\plugins\com.st.stm32cube.common.mx_6.10.0.202311202037\\db\/plugins/mcufinder/images/
2025-01-08 18:11:00,242 [WARN] DbFile:41 - Overriding database path with different value: C:\Users\ahmed\.stmcufinder\plugins\mcufinder/ => C:\Users\ahmed\.stmcufinder\plugins\mcufinder
2025-01-08 18:11:00,242 [INFO] ApiDb:250 - Set database path to: C:\Users\ahmed\.stmcufinder\plugins\mcufinder//mcu/
2025-01-08 18:11:00,242 [WARN] DbFile:41 - Overriding database path with different value: C:\Users\ahmed\.stmcufinder\plugins\mcufinder/ => C:\Users\ahmed\.stmcufinder\plugins\mcufinder
2025-01-08 18:11:00,242 [INFO] DbMcusAds:125 - Set database path to: C:\Users\ahmed\.stmcufinder\plugins\mcufinder//mcu/
2025-01-08 18:11:00,242 [WARN] DbFile:41 - Overriding database path with different value: C:\Users\ahmed\.stmcufinder\plugins\mcufinder/ => C:\Users\ahmed\.stmcufinder\plugins\mcufinder
2025-01-08 18:11:00,242 [WARN] DbFile:41 - Overriding database path with different value: C:\Users\ahmed\.stmcufinder\plugins\mcufinder/ => C:\Users\ahmed\.stmcufinder\plugins\mcufinder
2025-01-08 18:11:00,243 [INFO] CrossReferenceDbSqlite:203 - Set database path to: C:\Users\ahmed\.stmcufinder\plugins\mcufinder//mcu/cs/
2025-01-08 18:11:00,381 [INFO] MainPanel:264 - HeapMemory: 268435456
2025-01-08 18:11:00,574 [INFO] DbMcusXml:78 - Set database path to: C:\ST\STM32CubeIDE_1.14.1\STM32CubeIDE\plugins\com.st.stm32cube.common.mx_6.10.0.202311202037\\db\/mcu/
2025-01-08 18:11:00,574 [INFO] ApiDb:274 - Set plugin database path to: C:\ST\STM32CubeIDE_1.14.1\STM32CubeIDE\plugins\com.st.stm32cube.common.mx_6.10.0.202311202037\\db\/plugins/boardmanager/
2025-01-08 18:11:00,574 [INFO] ApiDb:261 - Set plugin images path to: C:\ST\STM32CubeIDE_1.14.1\STM32CubeIDE\plugins\com.st.stm32cube.common.mx_6.10.0.202311202037\\db\/plugins/mcufinder/images/
2025-01-08 18:11:00,575 [WARN] DbFile:41 - Overriding database path with different value: C:\Users\ahmed\.stmcufinder\plugins\mcufinder/ => C:\Users\ahmed\.stmcufinder\plugins\mcufinder
2025-01-08 18:11:00,575 [INFO] ApiDb:250 - Set database path to: C:\Users\ahmed\.stmcufinder\plugins\mcufinder//mcu/
2025-01-08 18:11:00,575 [WARN] DbFile:41 - Overriding database path with different value: C:\Users\ahmed\.stmcufinder\plugins\mcufinder/ => C:\Users\ahmed\.stmcufinder\plugins\mcufinder
2025-01-08 18:11:00,575 [INFO] DbMcusAds:125 - Set database path to: C:\Users\ahmed\.stmcufinder\plugins\mcufinder//mcu/
2025-01-08 18:11:00,577 [WARN] DbFile:41 - Overriding database path with different value: C:\Users\ahmed\.stmcufinder\plugins\mcufinder/ => C:\Users\ahmed\.stmcufinder\plugins\mcufinder
2025-01-08 18:11:00,577 [WARN] DbFile:41 - Overriding database path with different value: C:\Users\ahmed\.stmcufinder\plugins\mcufinder/ => C:\Users\ahmed\.stmcufinder\plugins\mcufinder
2025-01-08 18:11:00,577 [INFO] CrossReferenceDbSqlite:203 - Set database path to: C:\Users\ahmed\.stmcufinder\plugins\mcufinder//mcu/cs/
2025-01-08 18:11:00,621 [INFO] ApplicationProperties:184 - Using Application install path: C:\ST\STM32CubeIDE_1.14.1\STM32CubeIDE\plugins\com.st.stm32cube.common.mx_6.10.0.202311202037
2025-01-08 18:11:00,625 [INFO] PluginManage:196 - Search for loadable plugins [exclusion list=, ]
2025-01-08 18:11:00,628 [INFO] PluginManage:310 - Check plugin analytics
2025-01-08 18:11:05,828 [INFO] AnalyticsPlugin:253 - Accepted Software Licenses: 
2025-01-08 18:11:05,828 [INFO] AnalyticsPlugin:255 - Accepted CMSIS Pack Licenses: 
2025-01-08 18:11:05,829 [INFO] AnalyticsPlugin:257 - Accepted Firmware Licenses: FW.F4.1.28.0,FW.F4.1.27.0
2025-01-08 18:11:05,832 [INFO] PluginManage:359 - Loaded plugin analytics (category:tool,tabindex:-1)
2025-01-08 18:11:05,832 [INFO] PluginManage:310 - Check plugin cadmodel
2025-01-08 18:11:05,855 [INFO] CADModel:105 - Init CAD model plugin
2025-01-08 18:11:05,856 [INFO] PluginManage:359 - Loaded plugin cadmodel (category:power,tabindex:5)
2025-01-08 18:11:05,856 [INFO] PluginManage:310 - Check plugin clock
2025-01-08 18:11:05,885 [INFO] PluginManage:359 - Loaded plugin clock (category:base,tabindex:2)
2025-01-08 18:11:05,885 [INFO] PluginManage:310 - Check plugin ddr
2025-01-08 18:11:05,890 [INFO] PluginManage:359 - Loaded plugin ddr (category:tool,tabindex:6)
2025-01-08 18:11:05,890 [INFO] PluginManage:310 - Check plugin filemanager
2025-01-08 18:11:06,084 [INFO] PluginManage:359 - Loaded plugin filemanager (category:base,tabindex:10)
2025-01-08 18:11:06,084 [INFO] PluginManage:310 - Check plugin ipmanager
2025-01-08 18:11:06,093 [INFO] PluginManage:359 - Loaded plugin ipmanager (category:base,tabindex:5)
2025-01-08 18:11:06,093 [INFO] PluginManage:310 - Check plugin lpbam
2025-01-08 18:11:06,119 [INFO] PluginManage:359 - Loaded plugin lpbam (category:base,tabindex:0)
2025-01-08 18:11:06,119 [INFO] PluginManage:310 - Check plugin memorymap
2025-01-08 18:11:06,158 [INFO] PluginManage:359 - Loaded plugin memorymap (category:base,tabindex:4)
2025-01-08 18:11:06,158 [INFO] PluginManage:310 - Check plugin pinoutandconfiguration
2025-01-08 18:11:06,183 [INFO] PluginManage:359 - Loaded plugin pinoutandconfiguration (category:base,tabindex:1)
2025-01-08 18:11:06,183 [INFO] PluginManage:310 - Check plugin pinoutconfig
2025-01-08 18:11:06,297 [WARN] SupportedApi:132 - Cannot load RTOS API schema: s4s-elt-must-match.1: The content of 'definitions' must match (annotation?, (simpleType | complexType)?, (unique | key | keyref)*)). A problem was found starting at: attribute.
2025-01-08 18:11:06,468 [INFO] PluginManage:359 - Loaded plugin pinoutconfig (category:base,tabindex:0)
2025-01-08 18:11:06,469 [INFO] PluginManage:310 - Check plugin power
2025-01-08 18:11:06,499 [INFO] PluginManage:359 - Loaded plugin power (category:power,tabindex:4)
2025-01-08 18:11:06,499 [INFO] PluginManage:310 - Check plugin projectmanager
2025-01-08 18:11:06,517 [INFO] PluginManage:359 - Loaded plugin projectmanager (category:projectmanager,tabindex:3)
2025-01-08 18:11:06,517 [INFO] PluginManage:310 - Check plugin thirdparty
2025-01-08 18:11:06,880 [INFO] PluginManage:359 - Loaded plugin thirdparty (category:base,tabindex:-1)
2025-01-08 18:11:06,880 [WARN] IntegrityCheckThread:84 - waiting for thirdparty lock release [integrity check]
2025-01-08 18:11:06,880 [INFO] PluginManage:310 - Check plugin tools
2025-01-08 18:11:06,880 [INFO] IntegrityCheckThread:86 - entering critical section [integrity check]
2025-01-08 18:11:06,881 [INFO] ThirdPartyUpdaterWithRetryManager:70 - Updater plugin not ready yet. [1/15]
2025-01-08 18:11:06,937 [INFO] PluginManage:359 - Loaded plugin tools (category:base,tabindex:7)
2025-01-08 18:11:06,937 [INFO] PluginManage:310 - Check plugin tutovideos
2025-01-08 18:11:07,238 [INFO] PluginManage:359 - Loaded plugin tutovideos (category:base,tabindex:-1)
2025-01-08 18:11:07,238 [INFO] PluginManage:310 - Check plugin updater
2025-01-08 18:11:07,254 [INFO] PluginManage:359 - Loaded plugin updater (category:base,tabindex:12)
2025-01-08 18:11:07,254 [INFO] PluginManage:310 - Check plugin userauth
2025-01-08 18:11:07,264 [INFO] UserAuth:114 - Init User Auth plugin
2025-01-08 18:11:07,264 [INFO] PluginManage:359 - Loaded plugin userauth (category:base,tabindex:14)
2025-01-08 18:11:07,266 [INFO] PluginManage:283 - PluginManage : Loaded plugins [17]
2025-01-08 18:11:07,550 [INFO] PinOutPanel:1499 - setPackage(No Configuration,No Configuration)
2025-01-08 18:11:07,646 [INFO] CADModel:165 - CPN selected for project level
2025-01-08 18:11:07,646 [INFO] CADModel:114 - Register for checkConnection events
2025-01-08 18:11:07,682 [INFO] IPUIPlugin:80 - create IPUIPlugin
2025-01-08 18:11:07,683 [INFO] PluginManager:220 - loadIPPluginJar : add adc
2025-01-08 18:11:07,732 [INFO] IPUIPlugin:80 - create IPUIPlugin
2025-01-08 18:11:07,733 [INFO] PluginManager:220 - loadIPPluginJar : add aes
2025-01-08 18:11:07,804 [INFO] IPUIPlugin:80 - create IPUIPlugin
2025-01-08 18:11:07,804 [INFO] PluginManager:220 - loadIPPluginJar : add can
2025-01-08 18:11:07,836 [INFO] IPUIPlugin:80 - create IPUIPlugin
2025-01-08 18:11:07,836 [INFO] PluginManager:220 - loadIPPluginJar : add comp
2025-01-08 18:11:07,879 [INFO] IPUIPlugin:80 - create IPUIPlugin
2025-01-08 18:11:07,879 [INFO] PluginManager:220 - loadIPPluginJar : add cryp
2025-01-08 18:11:07,934 [INFO] IPUIPlugin:80 - create IPUIPlugin
2025-01-08 18:11:07,934 [INFO] PluginManager:220 - loadIPPluginJar : add dfsdm
2025-01-08 18:11:07,953 [INFO] IPUIPlugin:80 - create IPUIPlugin
2025-01-08 18:11:07,953 [INFO] PluginManager:220 - loadIPPluginJar : add dma
2025-01-08 18:11:08,018 [INFO] IPUIPlugin:80 - create IPUIPlugin
2025-01-08 18:11:08,019 [INFO] PluginManager:220 - loadIPPluginJar : add dma3
2025-01-08 18:11:08,062 [INFO] IPUIPlugin:80 - create IPUIPlugin
2025-01-08 18:11:08,063 [INFO] PluginManager:220 - loadIPPluginJar : add fatfs
2025-01-08 18:11:08,141 [INFO] IPUIPlugin:80 - create IPUIPlugin
2025-01-08 18:11:08,142 [INFO] PluginManager:220 - loadIPPluginJar : add fmc
2025-01-08 18:11:08,171 [INFO] IPUIPlugin:80 - create IPUIPlugin
2025-01-08 18:11:08,171 [INFO] PluginManager:220 - loadIPPluginJar : add freertos
2025-01-08 18:11:08,220 [INFO] IPUIPlugin:80 - create IPUIPlugin
2025-01-08 18:11:08,221 [INFO] PluginManager:220 - loadIPPluginJar : add genericplugin
2025-01-08 18:11:08,455 [INFO] IPUIPlugin:80 - create IPUIPlugin
2025-01-08 18:11:08,455 [INFO] PluginManager:220 - loadIPPluginJar : add gfxmmu
2025-01-08 18:11:08,742 [INFO] IPUIPlugin:80 - create IPUIPlugin
2025-01-08 18:11:08,743 [INFO] PluginManager:220 - loadIPPluginJar : add gic
2025-01-08 18:11:08,773 [INFO] IPUIPlugin:80 - create IPUIPlugin
2025-01-08 18:11:08,773 [INFO] PluginManager:220 - loadIPPluginJar : add gpio
2025-01-08 18:11:08,945 [INFO] IPUIPlugin:80 - create IPUIPlugin
2025-01-08 18:11:08,946 [INFO] PluginManager:220 - loadIPPluginJar : add gtzc
2025-01-08 18:11:09,024 [INFO] IPUIPlugin:80 - create IPUIPlugin
2025-01-08 18:11:09,024 [INFO] PluginManager:220 - loadIPPluginJar : add hash
2025-01-08 18:11:09,092 [INFO] IPUIPlugin:80 - create IPUIPlugin
2025-01-08 18:11:09,093 [INFO] PluginManager:220 - loadIPPluginJar : add i2c
2025-01-08 18:11:09,160 [INFO] IPUIPlugin:80 - create IPUIPlugin
2025-01-08 18:11:09,160 [INFO] PluginManager:220 - loadIPPluginJar : add i2s
2025-01-08 18:11:09,246 [INFO] IPUIPlugin:80 - create IPUIPlugin
2025-01-08 18:11:09,247 [INFO] PluginManager:220 - loadIPPluginJar : add i3c
2025-01-08 18:11:09,447 [INFO] IPUIPlugin:80 - create IPUIPlugin
2025-01-08 18:11:09,447 [INFO] PluginManager:220 - loadIPPluginJar : add ipddr
2025-01-08 18:11:09,594 [INFO] IPUIPlugin:80 - create IPUIPlugin
2025-01-08 18:11:09,594 [INFO] PluginManager:220 - loadIPPluginJar : add linkedlist
2025-01-08 18:11:09,655 [INFO] IPUIPlugin:80 - create IPUIPlugin
2025-01-08 18:11:09,655 [INFO] PluginManager:220 - loadIPPluginJar : add lorawan
2025-01-08 18:11:09,717 [INFO] IPUIPlugin:80 - create IPUIPlugin
2025-01-08 18:11:09,717 [INFO] PluginManager:220 - loadIPPluginJar : add ltdc
2025-01-08 18:11:09,736 [INFO] IPUIPlugin:80 - create IPUIPlugin
2025-01-08 18:11:09,736 [INFO] PluginManager:220 - loadIPPluginJar : add mdma
2025-01-08 18:11:09,753 [INFO] IPUIPlugin:80 - create IPUIPlugin
2025-01-08 18:11:09,753 [INFO] PluginManager:220 - loadIPPluginJar : add nvic
2025-01-08 18:11:09,809 [INFO] IPUIPlugin:80 - create IPUIPlugin
2025-01-08 18:11:09,809 [INFO] PluginManager:220 - loadIPPluginJar : add opamp
2025-01-08 18:11:09,882 [INFO] ThirdPartyUpdaterWithRetryManager:70 - Updater plugin not ready yet. [2/15]
2025-01-08 18:11:09,911 [INFO] IPUIPlugin:80 - create IPUIPlugin
2025-01-08 18:11:09,911 [INFO] PluginManager:220 - loadIPPluginJar : add openamp
2025-01-08 18:11:09,987 [INFO] IPUIPlugin:80 - create IPUIPlugin
2025-01-08 18:11:09,988 [INFO] PluginManager:220 - loadIPPluginJar : add pdm2pcm
2025-01-08 18:11:10,015 [INFO] IPUIPlugin:80 - create IPUIPlugin
2025-01-08 18:11:10,018 [INFO] PluginManager:220 - loadIPPluginJar : add plateformsettings
2025-01-08 18:11:10,049 [INFO] IPUIPlugin:80 - create IPUIPlugin
2025-01-08 18:11:10,049 [INFO] PluginManager:220 - loadIPPluginJar : add quadspi
2025-01-08 18:11:10,068 [INFO] IPUIPlugin:80 - create IPUIPlugin
2025-01-08 18:11:10,069 [INFO] PluginManager:220 - loadIPPluginJar : add resmgrutility
2025-01-08 18:11:10,164 [INFO] IPUIPlugin:80 - create IPUIPlugin
2025-01-08 18:11:10,166 [INFO] PluginManager:220 - loadIPPluginJar : add sai
2025-01-08 18:11:10,213 [INFO] IPUIPlugin:80 - create IPUIPlugin
2025-01-08 18:11:10,213 [INFO] PluginManager:220 - loadIPPluginJar : add spi
2025-01-08 18:11:10,369 [INFO] IPUIPlugin:80 - create IPUIPlugin
2025-01-08 18:11:10,370 [INFO] PluginManager:220 - loadIPPluginJar : add stm32_wpan
2025-01-08 18:11:10,403 [INFO] IPUIPlugin:80 - create IPUIPlugin
2025-01-08 18:11:10,403 [INFO] PluginManager:220 - loadIPPluginJar : add tim
2025-01-08 18:11:10,529 [INFO] IPUIPlugin:80 - create IPUIPlugin
2025-01-08 18:11:10,529 [INFO] PluginManager:220 - loadIPPluginJar : add touchsensing
2025-01-08 18:11:10,557 [INFO] IPUIPlugin:80 - create IPUIPlugin
2025-01-08 18:11:10,557 [INFO] PluginManager:220 - loadIPPluginJar : add tracer_emb
2025-01-08 18:11:10,588 [INFO] IPUIPlugin:80 - create IPUIPlugin
2025-01-08 18:11:10,588 [INFO] PluginManager:220 - loadIPPluginJar : add ts
2025-01-08 18:11:10,621 [INFO] IPUIPlugin:80 - create IPUIPlugin
2025-01-08 18:11:10,621 [INFO] PluginManager:220 - loadIPPluginJar : add tsc
2025-01-08 18:11:10,649 [INFO] IPUIPlugin:80 - create IPUIPlugin
2025-01-08 18:11:10,649 [INFO] PluginManager:220 - loadIPPluginJar : add ucpd
2025-01-08 18:11:10,744 [INFO] IPUIPlugin:80 - create IPUIPlugin
2025-01-08 18:11:10,744 [INFO] PluginManager:220 - loadIPPluginJar : add usart
2025-01-08 18:11:10,804 [INFO] IPUIPlugin:80 - create IPUIPlugin
2025-01-08 18:11:10,804 [INFO] PluginManager:220 - loadIPPluginJar : add usbx
2025-01-08 18:11:10,943 [INFO] CADModel:165 - CPN selected for project level
2025-01-08 18:11:10,943 [INFO] CADModel:114 - Register for checkConnection events
2025-01-08 18:11:10,943 [FATAL] Updater:308 - Updater called before beeing initialized
2025-01-08 18:11:10,943 [ERROR] CADModel:125 - Updater not yet initialized, retry later 
2025-01-08 18:11:11,118 [INFO] CADModel:165 - CPN selected for project level
2025-01-08 18:11:11,118 [INFO] CADModel:114 - Register for checkConnection events
2025-01-08 18:11:11,118 [FATAL] Updater:308 - Updater called before beeing initialized
2025-01-08 18:11:11,118 [ERROR] CADModel:125 - Updater not yet initialized, retry later 
2025-01-08 18:11:11,121 [FATAL] Updater:308 - Updater called before beeing initialized
2025-01-08 18:11:11,240 [FATAL] Updater:308 - Updater called before beeing initialized
2025-01-08 18:11:11,252 [INFO] DbMcusAds:53 - JSON generation date=Fri Sep 20 15:04:23 CEST 2024 (1726837463113)
2025-01-08 18:11:11,252 [FATAL] Updater:308 - Updater called before beeing initialized
2025-01-08 18:11:11,354 [WARN] DetailPanel:346 - Failed to get advertising image, set to default
2025-01-08 18:11:11,474 [FATAL] Updater:308 - Updater called before beeing initialized
2025-01-08 18:11:11,477 [FATAL] Updater:308 - Updater called before beeing initialized
2025-01-08 18:11:11,477 [FATAL] Updater:308 - Updater called before beeing initialized
2025-01-08 18:11:11,477 [WARN] DetailPanel:346 - Failed to get advertising image, set to default
2025-01-08 18:11:11,479 [FATAL] Updater:308 - Updater called before beeing initialized
2025-01-08 18:11:11,556 [ERROR] Updater:1120 - MainUpdater not yet initialized. External WinMGr cannot be set.
2025-01-08 18:11:11,569 [INFO] Updater:1056 - Updater Version found : 6.10.0
2025-01-08 18:11:11,593 [INFO] ApplicationProperties:184 - Using Application install path: C:\ST\STM32CubeIDE_1.14.1\STM32CubeIDE\plugins\com.st.stm32cube.common.mx_6.10.0.202311202037
2025-01-08 18:11:12,883 [INFO] ThirdPartyUpdaterWithRetryManager:70 - Updater plugin not ready yet. [3/15]
2025-01-08 18:11:13,199 [ERROR] LogOutputStream:75 - [STDERR_REDIRECT] Jan 08, 2025 6:11:13 PM java.util.prefs.WindowsPreferences <init>
2025-01-08 18:11:13,201 [ERROR] LogOutputStream:75 - [STDERR_REDIRECT] WARNING: Could not open/create prefs root node Software\JavaSoft\Prefs at root 0xffffffff80000002. Windows RegCreateKeyEx(...) returned error code 5.
2025-01-08 18:11:13,202 [ERROR] LogOutputStream:75 - [STDERR_REDIRECT] 
2025-01-08 18:11:13,637 [INFO] MainUpdater:2873 - connection check result : 10
2025-01-08 18:11:13,637 [INFO] MainUpdater:3567 - Updater definition file requires update
2025-01-08 18:11:13,639 [INFO] MainUpdater:290 - Updater Check For Update Now.
2025-01-08 18:11:13,639 [INFO] MicroXplorer:498 - Change Database Version : DB.6.0.100
2025-01-08 18:11:13,661 [INFO] McuFinderGlobals:63 - Set McuFinder mode to 2 (CubeIDE integrated)
2025-01-08 18:11:13,682 [INFO] ServerAccessManage:473 - Download File updaters.zip
2025-01-08 18:11:13,798 [INFO] FileExtend:240 - Unzip File : updaters.zip
2025-01-08 18:11:13,798 [INFO] FileExtend:255 - Standard Zip Deflate
2025-01-08 18:11:13,859 [INFO] UserAuth:404 - Internet connection configuration mode: 1
2025-01-08 18:11:13,903 [INFO] JxBrowserEngine:152 - Initiate JxBrowser Engine with user profile folder
2025-01-08 18:11:14,589 [INFO] ServerAccessManage:473 - Download File PacksControlFlags.xml
2025-01-08 18:11:14,794 [INFO] ServerAccessManage:473 - Download File cubemx.pidx
2025-01-08 18:11:15,656 [INFO] ServerAccessManage:473 - Download File STMicroelectronics.X-CUBE-IPS.pdsc
2025-01-08 18:11:15,884 [WARN] MainUpdater:1194 - Updater busy. Cannot search thirdparties
2025-01-08 18:11:15,884 [INFO] ThirdPartyUpdaterWithRetryManager:96 - Updater plugin is busy. [1/15]
2025-01-08 18:11:16,171 [INFO] ServerAccessManage:473 - Download File STMicroelectronics.X-CUBE-TOUCHGFX.pdsc
2025-01-08 18:11:17,800 [WARN] PopulateThirdPartyThread:106 - Error when creating pack: C:/Users/ahmed/.stm32cubemx/thirdparties/pdsc/STMicroelectronics.X-CUBE-IPS.pdsc
2025-01-08 18:11:17,830 [WARN] PackLoader:240 - Cannot read IP mode file for STMicroelectronics.X-CUBE-TOUCHGFX.4.24.2
2025-01-08 18:11:17,831 [INFO] PopulateThirdPartyThread:66 - Ending populate Thread
2025-01-08 18:11:17,832 [INFO] ThirdParty:1030 - CMSIS Pack Vendor :STMicroelectronics X-CUBE-TOUCHGFX 4.24.2
2025-01-08 18:11:17,832 [INFO] LoadServerUpdatesThread:375 - End of LoadServerUpdate Thread
2025-01-08 18:11:18,024 [INFO] CheckServerUpdateThread:120 - End of CheckServer Thread
2025-01-08 18:11:19,160 [WARN] PackLoader:240 - Cannot read IP mode file for STMicroelectronics.FP-SNS-MOTENVWB1.1.4.0
2025-01-08 18:11:19,168 [WARN] PackLoader:240 - Cannot read IP mode file for STMicroelectronics.FP-ATR-ASTRA1.2.0.1
2025-01-08 18:11:19,191 [WARN] PackLoader:240 - Cannot read IP mode file for STMicroelectronics.X-CUBE-SMBUS.2.1.0
2025-01-08 18:11:19,212 [WARN] PackLoader:240 - Cannot read IP mode file for STMicroelectronics.X-CUBE-WB05N.1.1.0
2025-01-08 18:11:19,230 [WARN] PackLoader:240 - Cannot read IP mode file for STMicroelectronics.X-CUBE-TOUCHGFX.4.23.1
2025-01-08 18:11:19,248 [WARN] PackLoader:240 - Cannot read IP mode file for STMicroelectronics.X-CUBE-TOUCHGFX.4.23.0
2025-01-08 18:11:19,264 [WARN] PackLoader:240 - Cannot read IP mode file for STMicroelectronics.X-CUBE-TOUCHGFX.4.23.2
2025-01-08 18:11:19,319 [WARN] PackLoader:240 - Cannot read IP mode file for STMicroelectronics.X-CUBE-AZRTOS-F7.1.1.0
2025-01-08 18:11:19,345 [WARN] PackLoader:240 - Cannot read IP mode file for STMicroelectronics.FP-SNS-MOTENV1.4.3.2
2025-01-08 18:11:19,433 [WARN] PackLoader:240 - Cannot read IP mode file for STMicroelectronics.X-CUBE-MEMS1.11.0.0
2025-01-08 18:11:19,610 [WARN] PackLoader:240 - Cannot read IP mode file for STMicroelectronics.X-CUBE-BLE1.6.2.4
2025-01-08 18:11:19,616 [WARN] PackLoader:240 - Cannot read IP mode file for STMicroelectronics.FP-SNS-FLIGHT1.5.0.2
2025-01-08 18:11:19,639 [WARN] PackLoader:240 - Cannot read IP mode file for STMicroelectronics.X-CUBE-DISPLAY.3.0.0
2025-01-08 18:11:19,671 [WARN] PackLoader:240 - Cannot read IP mode file for STMicroelectronics.X-CUBE-BLE1.7.0.0
2025-01-08 18:11:19,702 [WARN] PackLoader:240 - Cannot read IP mode file for STMicroelectronics.X-CUBE-NFC10.1.0.0
2025-01-08 18:11:19,725 [WARN] PackLoader:240 - Cannot read IP mode file for STMicroelectronics.X-CUBE-BLEMGR.4.0.0
2025-01-08 18:11:19,746 [WARN] PackLoader:240 - Cannot read IP mode file for emotas.I-CUBE-CANOPEN.1.3.0
2025-01-08 18:11:19,768 [WARN] PackLoader:240 - Cannot read IP mode file for STMicroelectronics.X-CUBE-BLEMGR.3.1.0
2025-01-08 18:11:19,786 [WARN] PackLoader:240 - Cannot read IP mode file for STMicroelectronics.FP-SNS-SMARTAG2.1.2.0
2025-01-08 18:11:19,845 [WARN] PackLoader:240 - Cannot read IP mode file for STMicroelectronics.X-CUBE-MEMS1.11.1.0
2025-01-08 18:11:19,953 [INFO] LogOutputStream:77 - [STDOUT_REDIRECT] 1 : Invalid condition id : UX_CORESTACK_Condition cause : null
2025-01-08 18:11:19,954 [INFO] LogOutputStream:77 - [STDOUT_REDIRECT] 1 : Invalid condition id : UX_CORESTACK_Condition cause : null
2025-01-08 18:11:19,955 [INFO] LogOutputStream:77 - [STDOUT_REDIRECT] 1 : Invalid condition id : UX_CORESTACK_Condition cause : null
2025-01-08 18:11:19,956 [INFO] LogOutputStream:77 - [STDOUT_REDIRECT] 1 : Invalid condition id : UX_CORESTACK_Condition cause : null
2025-01-08 18:11:19,957 [INFO] LogOutputStream:77 - [STDOUT_REDIRECT] 1 : Invalid condition id : UX_CORESTACK_Condition cause : null
2025-01-08 18:11:19,958 [WARN] PackLoader:240 - Cannot read IP mode file for STMicroelectronics.X-CUBE-AZRTOS-WL.2.0.0
2025-01-08 18:11:19,977 [WARN] PackLoader:240 - Cannot read IP mode file for STMicroelectronics.FP-SNS-MOTENV1.5.0.0
2025-01-08 18:11:19,986 [WARN] PackLoader:240 - Cannot read IP mode file for wolfSSL.I-CUBE-wolfMQTT.1.19.0
2025-01-08 18:11:20,008 [WARN] PackLoader:240 - Cannot read IP mode file for WES.I-CUBE-Cesium.1.3.0
2025-01-08 18:11:20,027 [WARN] PackLoader:240 - Cannot read IP mode file for STMicroelectronics.X-CUBE-BLE2.3.3.0
2025-01-08 18:11:20,048 [WARN] PackLoader:240 - Cannot read IP mode file for STMicroelectronics.X-CUBE-NFC9.1.0.0
2025-01-08 18:11:20,070 [WARN] PackLoader:240 - Cannot read IP mode file for STMicroelectronics.X-CUBE-TCPP.4.1.0
2025-01-08 18:11:20,090 [WARN] PackLoader:240 - Cannot read IP mode file for STMicroelectronics.X-CUBE-TOUCHGFX.4.21.3
2025-01-08 18:11:20,109 [WARN] PackLoader:240 - Cannot read IP mode file for STMicroelectronics.X-CUBE-ALGOBUILD.1.3.0
2025-01-08 18:11:20,144 [WARN] PackLoader:240 - Cannot read IP mode file for STMicroelectronics.X-CUBE-AZRTOS-G0.1.1.0
2025-01-08 18:11:20,163 [WARN] PackLoader:240 - Cannot read IP mode file for STMicroelectronics.X-CUBE-SAFEA1.1.2.2
2025-01-08 18:11:20,184 [WARN] PackLoader:240 - Cannot read IP mode file for STMicroelectronics.X-CUBE-NFC4.3.0.0
2025-01-08 18:11:20,200 [WARN] PackLoader:240 - Cannot read IP mode file for wolfSSL.I-CUBE-wolfMQTT.1.18.0
2025-01-08 18:11:20,233 [WARN] PackLoader:240 - Cannot read IP mode file for EmbeddedOffice.I-CUBE-FS-RTOS.1.0.1
2025-01-08 18:11:20,233 [ERROR] ConditionMgr:805 - Attr not supported : Dmpu
2025-01-08 18:11:20,234 [ERROR] ConditionMgr:805 - Attr not supported : Dmpu
2025-01-08 18:11:20,234 [ERROR] ConditionMgr:805 - Attr not supported : Dmpu
2025-01-08 18:11:20,234 [ERROR] ConditionMgr:805 - Attr not supported : Dmpu
2025-01-08 18:11:20,234 [ERROR] ConditionMgr:805 - Attr not supported : Dmpu
2025-01-08 18:11:20,234 [ERROR] ConditionMgr:805 - Attr not supported : Dmpu
2025-01-08 18:11:20,234 [ERROR] ConditionMgr:805 - Attr not supported : Dmpu
2025-01-08 18:11:20,234 [ERROR] ConditionMgr:805 - Attr not supported : Dmpu
2025-01-08 18:11:20,234 [ERROR] ConditionMgr:805 - Attr not supported : Dmpu
2025-01-08 18:11:20,234 [ERROR] ConditionMgr:805 - Attr not supported : Dmpu
2025-01-08 18:11:20,234 [ERROR] ConditionMgr:805 - Attr not supported : Dmpu
2025-01-08 18:11:20,234 [ERROR] ConditionMgr:805 - Attr not supported : Dmpu
2025-01-08 18:11:20,234 [ERROR] ConditionMgr:805 - Attr not supported : Dmpu
2025-01-08 18:11:20,234 [ERROR] ConditionMgr:805 - Attr not supported : Dmpu
2025-01-08 18:11:20,234 [ERROR] ConditionMgr:805 - Attr not supported : Dmpu
2025-01-08 18:11:20,234 [ERROR] ConditionMgr:805 - Attr not supported : Dmpu
2025-01-08 18:11:20,234 [ERROR] ConditionMgr:805 - Attr not supported : Dmpu
2025-01-08 18:11:20,234 [ERROR] ConditionMgr:805 - Attr not supported : Dmpu
2025-01-08 18:11:20,234 [ERROR] ConditionMgr:805 - Attr not supported : Dmpu
2025-01-08 18:11:20,234 [ERROR] ConditionMgr:805 - Attr not supported : Dmpu
2025-01-08 18:11:20,234 [ERROR] ConditionMgr:805 - Attr not supported : Dmpu
2025-01-08 18:11:20,234 [ERROR] ConditionMgr:805 - Attr not supported : Dmpu
2025-01-08 18:11:20,234 [ERROR] ConditionMgr:805 - Attr not supported : Dmpu
2025-01-08 18:11:20,234 [ERROR] ConditionMgr:805 - Attr not supported : Dmpu
2025-01-08 18:11:20,234 [ERROR] ConditionMgr:805 - Attr not supported : Dmpu
2025-01-08 18:11:20,234 [ERROR] ConditionMgr:805 - Attr not supported : Dmpu
2025-01-08 18:11:20,234 [ERROR] ConditionMgr:805 - Attr not supported : Dmpu
2025-01-08 18:11:20,234 [ERROR] ConditionMgr:805 - Attr not supported : Dmpu
2025-01-08 18:11:20,235 [ERROR] ConditionMgr:805 - Attr not supported : Dmpu
2025-01-08 18:11:20,235 [ERROR] ConditionMgr:805 - Attr not supported : Dmpu
2025-01-08 18:11:20,235 [ERROR] ConditionMgr:805 - Attr not supported : Dmpu
2025-01-08 18:11:20,235 [ERROR] ConditionMgr:805 - Attr not supported : Dmpu
2025-01-08 18:11:20,235 [ERROR] ConditionMgr:805 - Attr not supported : Dmpu
2025-01-08 18:11:20,235 [ERROR] ConditionMgr:805 - Attr not supported : Dmpu
2025-01-08 18:11:20,235 [ERROR] ConditionMgr:805 - Attr not supported : Dmpu
2025-01-08 18:11:20,235 [ERROR] ConditionMgr:805 - Attr not supported : Dmpu
2025-01-08 18:11:20,235 [ERROR] ConditionMgr:805 - Attr not supported : Dmpu
2025-01-08 18:11:20,235 [ERROR] ConditionMgr:805 - Attr not supported : Dmpu
2025-01-08 18:11:20,235 [ERROR] ConditionMgr:805 - Attr not supported : Dmpu
2025-01-08 18:11:20,235 [ERROR] ConditionMgr:805 - Attr not supported : Dmpu
2025-01-08 18:11:20,235 [ERROR] ConditionMgr:805 - Attr not supported : Dmpu
2025-01-08 18:11:20,235 [ERROR] ConditionMgr:805 - Attr not supported : Dmpu
2025-01-08 18:11:20,235 [ERROR] ConditionMgr:805 - Attr not supported : Dmpu
2025-01-08 18:11:20,235 [ERROR] ConditionMgr:805 - Attr not supported : Dmpu
2025-01-08 18:11:20,235 [ERROR] ConditionMgr:805 - Attr not supported : Dmpu
2025-01-08 18:11:20,236 [ERROR] ConditionMgr:805 - Attr not supported : Dmpu
2025-01-08 18:11:20,236 [ERROR] ConditionMgr:805 - Attr not supported : Dmpu
2025-01-08 18:11:20,236 [ERROR] ConditionMgr:805 - Attr not supported : Dmpu
2025-01-08 18:11:20,236 [ERROR] ConditionMgr:805 - Attr not supported : Dmpu
2025-01-08 18:11:20,236 [ERROR] ConditionMgr:805 - Attr not supported : Dmpu
2025-01-08 18:11:20,236 [ERROR] ConditionMgr:805 - Attr not supported : Dmpu
2025-01-08 18:11:20,236 [ERROR] ConditionMgr:805 - Attr not supported : Dmpu
2025-01-08 18:11:20,236 [ERROR] ConditionMgr:805 - Attr not supported : Dmpu
2025-01-08 18:11:20,236 [ERROR] ConditionMgr:805 - Attr not supported : Dmpu
2025-01-08 18:11:20,236 [ERROR] ConditionMgr:805 - Attr not supported : Dmpu
2025-01-08 18:11:20,236 [ERROR] ConditionMgr:805 - Attr not supported : Dmpu
2025-01-08 18:11:20,236 [ERROR] ConditionMgr:805 - Attr not supported : Dmpu
2025-01-08 18:11:20,236 [ERROR] ConditionMgr:805 - Attr not supported : Dmpu
2025-01-08 18:11:20,236 [ERROR] ConditionMgr:805 - Attr not supported : Dmpu
2025-01-08 18:11:20,236 [ERROR] ConditionMgr:805 - Attr not supported : Dmpu
2025-01-08 18:11:20,236 [ERROR] ConditionMgr:805 - Attr not supported : Dmpu
2025-01-08 18:11:20,236 [ERROR] ConditionMgr:805 - Attr not supported : Dmpu
2025-01-08 18:11:20,236 [ERROR] ConditionMgr:805 - Attr not supported : Dmpu
2025-01-08 18:11:20,236 [ERROR] ConditionMgr:805 - Attr not supported : Dmpu
2025-01-08 18:11:20,261 [WARN] PackLoader:240 - Cannot read IP mode file for STMicroelectronics.X-CUBE-BLEMGR.3.0.0
2025-01-08 18:11:20,284 [ERROR] Engine:466 - C:\Users\ahmed\.stm32cubemx\thirdparties\pdsc\STMicroelectronics.X-CUBE-TCPP.4.2.0.pdsc: PDSC version is not supported
2025-01-08 18:11:20,306 [WARN] PackLoader:240 - Cannot read IP mode file for RealThread.X-CUBE-RT-Thread_Nano.4.1.1
2025-01-08 18:11:20,312 [WARN] PackLoader:240 - Cannot read IP mode file for STMicroelectronics.FP-ATR-SIGFOX1.3.2.0
2025-01-08 18:11:20,318 [WARN] ConditionMgr:438 - getConditionDescription Invalid condition id : Cortex-A Device cause : null
2025-01-08 18:11:20,351 [WARN] ConditionMgr:1039 - genDependencies : Invalid condition id : Cortex-A Device cause : null
2025-01-08 18:11:20,351 [WARN] ConditionMgr:1039 - genDependencies : Invalid condition id : Cortex-A Device cause : null
2025-01-08 18:11:20,351 [WARN] ConditionMgr:1039 - genDependencies : Invalid condition id : Cortex-A Device cause : null
2025-01-08 18:11:20,374 [WARN] PackLoader:240 - Cannot read IP mode file for STMicroelectronics.X-CUBE-EEPRMA1.5.1.0
2025-01-08 18:11:20,434 [WARN] PackLoader:240 - Cannot read IP mode file for STMicroelectronics.X-CUBE-MEMS1.9.5.0
2025-01-08 18:11:20,567 [WARN] PackLoader:240 - Cannot read IP mode file for SEGGER.I-CUBE-embOS.1.3.1
2025-01-08 18:11:20,623 [WARN] PackLoader:240 - Cannot read IP mode file for STMicroelectronics.X-CUBE-ALGOBUILD.1.4.0
2025-01-08 18:11:20,642 [WARN] PackLoader:240 - Cannot read IP mode file for STMicroelectronics.X-CUBE-AI.9.1.0
2025-01-08 18:11:20,662 [WARN] PackLoader:240 - Cannot read IP mode file for STMicroelectronics.X-CUBE-GNSS1.6.0.0
2025-01-08 18:11:20,695 [WARN] PackLoader:240 - Cannot read IP mode file for STMicroelectronics.X-CUBE-AZRTOS-F4.1.1.0
2025-01-08 18:11:20,713 [WARN] PackLoader:240 - Cannot read IP mode file for wolfSSL.I-CUBE-wolfSSL.5.6.0
2025-01-08 18:11:20,730 [WARN] PackLoader:240 - Cannot read IP mode file for STMicroelectronics.X-CUBE-ISPU.2.1.0
2025-01-08 18:11:20,745 [WARN] PackLoader:240 - Cannot read IP mode file for STMicroelectronics.X-CUBE-FREERTOS.1.2.0
2025-01-08 18:11:20,763 [WARN] PackLoader:240 - Cannot read IP mode file for wolfSSL.I-CUBE-wolfSSL.5.6.6
2025-01-08 18:11:20,794 [WARN] PackLoader:240 - Cannot read IP mode file for STMicroelectronics.X-CUBE-AZRTOS-L5.2.0.0
2025-01-08 18:11:20,816 [WARN] PackLoader:240 - Cannot read IP mode file for STMicroelectronics.X-CUBE-EEPRMA1.4.2.0
2025-01-08 18:11:20,839 [WARN] PackLoader:240 - Cannot read IP mode file for STMicroelectronics.X-CUBE-NFC6.3.1.0
2025-01-08 18:11:20,859 [WARN] PackLoader:240 - Cannot read IP mode file for ITTIA_DB.I-CUBE-ITTIADB.8.8.0
2025-01-08 18:11:20,879 [WARN] PackLoader:240 - Cannot read IP mode file for emotas.I-CUBE-CANOPEN.1.1.3
2025-01-08 18:11:20,898 [WARN] PackLoader:240 - Cannot read IP mode file for STMicroelectronics.X-CUBE-BLEMGR.2.0.0
2025-01-08 18:11:20,919 [WARN] PackLoader:240 - Cannot read IP mode file for STMicroelectronics.X-CUBE-DPower.1.2.0
2025-01-08 18:11:20,939 [WARN] PackLoader:240 - Cannot read IP mode file for STMicroelectronics.X-CUBE-AI.9.0.0
2025-01-08 18:11:20,971 [WARN] ConditionMgr:438 - getConditionDescription Invalid condition id : UX DEVICE CLASS RTOS Condition cause : null
2025-01-08 18:11:20,972 [WARN] ConditionMgr:438 - getConditionDescription Invalid condition id : UX DEVICE CLASS RTOS Condition cause : null
2025-01-08 18:11:20,974 [WARN] PackLoader:240 - Cannot read IP mode file for STMicroelectronics.X-CUBE-AZRTOS-H7.3.1.0
2025-01-08 18:11:20,974 [WARN] ConditionMgr:1039 - genDependencies : Invalid condition id : UX DEVICE CLASS RTOS Condition cause : null
2025-01-08 18:11:20,975 [WARN] ConditionMgr:1039 - genDependencies : Invalid condition id : UX DEVICE CLASS RTOS Condition cause : null
2025-01-08 18:11:20,975 [WARN] ConditionMgr:1039 - genDependencies : Invalid condition id : UX DEVICE CLASS RTOS Condition cause : null
2025-01-08 18:11:20,975 [WARN] ConditionMgr:1039 - genDependencies : Invalid condition id : UX DEVICE CLASS RTOS Condition cause : null
2025-01-08 18:11:20,975 [WARN] ConditionMgr:1039 - genDependencies : Invalid condition id : UX DEVICE CLASS RTOS Condition cause : null
2025-01-08 18:11:20,993 [WARN] PackLoader:240 - Cannot read IP mode file for STMicroelectronics.X-CUBE-FREERTOS.1.3.0
2025-01-08 18:11:21,013 [WARN] PackLoader:240 - Cannot read IP mode file for STMicroelectronics.X-CUBE-NFC7.1.0.1
2025-01-08 18:11:21,032 [WARN] PackLoader:240 - Cannot read IP mode file for STMicroelectronics.X-CUBE-NFC7.1.0.0
2025-01-08 18:11:21,038 [WARN] PackLoader:240 - Cannot read IP mode file for wolfSSL.I-CUBE-wolfTPM.3.2.0
2025-01-08 18:11:21,059 [WARN] PackLoader:240 - Cannot read IP mode file for STMicroelectronics.X-CUBE-NFC6.3.0.0
2025-01-08 18:11:21,079 [WARN] PackLoader:240 - Cannot read IP mode file for STMicroelectronics.X-CUBE-EEPRMA1.4.1.0
2025-01-08 18:11:21,097 [WARN] PackLoader:240 - Cannot read IP mode file for STMicroelectronics.X-CUBE-AI.8.1.0
2025-01-08 18:11:21,131 [WARN] ConditionMgr:438 - getConditionDescription Invalid condition id : LAN8742 Phy interface Condition cause : null
2025-01-08 18:11:21,132 [WARN] PackLoader:240 - Cannot read IP mode file for STMicroelectronics.X-CUBE-AZRTOS-L4.2.0.0
2025-01-08 18:11:21,135 [WARN] ConditionMgr:1039 - genDependencies : Invalid condition id : LAN8742 Phy interface Condition cause : null
2025-01-08 18:11:21,135 [WARN] ConditionMgr:1039 - genDependencies : Invalid condition id : LAN8742 Phy interface Condition cause : null
2025-01-08 18:11:21,136 [WARN] ConditionMgr:1039 - genDependencies : Invalid condition id : LAN8742 Phy interface Condition cause : null
2025-01-08 18:11:21,175 [WARN] PackLoader:240 - Cannot read IP mode file for STMicroelectronics.X-CUBE-SFXS2LP1.4.0.0
2025-01-08 18:11:21,193 [WARN] PackLoader:240 - Cannot read IP mode file for STMicroelectronics.X-CUBE-ISPU.1.1.0
2025-01-08 18:11:21,228 [WARN] PackLoader:240 - Cannot read IP mode file for STMicroelectronics.X-CUBE-AZRTOS-H7.3.3.0
2025-01-08 18:11:21,249 [WARN] PackLoader:240 - Cannot read IP mode file for STMicroelectronics.X-CUBE-AI.8.0.0
2025-01-08 18:11:21,271 [WARN] PackLoader:240 - Cannot read IP mode file for STMicroelectronics.X-CUBE-IPS.3.0.0
2025-01-08 18:11:21,302 [WARN] ConditionMgr:438 - getConditionDescription Invalid condition id : UX DEVICE CLASS RTOS Condition cause : null
2025-01-08 18:11:21,303 [WARN] ConditionMgr:438 - getConditionDescription Invalid condition id : UX DEVICE CLASS RTOS Condition cause : null
2025-01-08 18:11:21,304 [WARN] PackLoader:240 - Cannot read IP mode file for STMicroelectronics.X-CUBE-AZRTOS-WB.2.0.0
2025-01-08 18:11:21,305 [WARN] ConditionMgr:1039 - genDependencies : Invalid condition id : UX DEVICE CLASS RTOS Condition cause : null
2025-01-08 18:11:21,305 [WARN] ConditionMgr:1039 - genDependencies : Invalid condition id : UX DEVICE CLASS RTOS Condition cause : null
2025-01-08 18:11:21,305 [WARN] ConditionMgr:1039 - genDependencies : Invalid condition id : UX DEVICE CLASS RTOS Condition cause : null
2025-01-08 18:11:21,305 [WARN] ConditionMgr:1039 - genDependencies : Invalid condition id : UX DEVICE CLASS RTOS Condition cause : null
2025-01-08 18:11:21,305 [WARN] ConditionMgr:1039 - genDependencies : Invalid condition id : UX DEVICE CLASS RTOS Condition cause : null
2025-01-08 18:11:21,322 [WARN] PackLoader:240 - Cannot read IP mode file for STMicroelectronics.X-CUBE-FREERTOS.1.0.1
2025-01-08 18:11:21,339 [WARN] PackLoader:240 - Cannot read IP mode file for STMicroelectronics.X-CUBE-GNSS1.7.0.0
2025-01-08 18:11:21,356 [WARN] PackLoader:240 - Cannot read IP mode file for STMicroelectronics.X-CUBE-GNSS1.7.0.1
2025-01-08 18:11:21,376 [WARN] PackLoader:240 - Cannot read IP mode file for STMicroelectronics.FP-SNS-STBOX1.2.0.0
2025-01-08 18:11:21,402 [WARN] PackLoader:240 - Cannot read IP mode file for STMicroelectronics.X-CUBE-AZRTOS-L5.1.1.0
2025-01-08 18:11:21,422 [WARN] PackLoader:240 - Cannot read IP mode file for STMicroelectronics.X-CUBE-SUBG2.5.0.0
2025-01-08 18:11:21,455 [WARN] PackLoader:240 - Cannot read IP mode file for STMicroelectronics.X-CUBE-AZRTOS-G4.2.0.0
2025-01-08 18:11:21,481 [WARN] PackLoader:240 - Cannot read IP mode file for STMicroelectronics.X-CUBE-TOF1.3.3.0
2025-01-08 18:11:21,523 [WARN] PackLoader:240 - Cannot read IP mode file for Infineon.AIROC-Wi-Fi-Bluetooth-STM32.1.5.1
2025-01-08 18:11:21,646 [WARN] PackLoader:240 - Cannot read IP mode file for STMicroelectronics.FP-SNS-MOTENVWB1.1.3.1
2025-01-08 18:11:21,676 [WARN] PackLoader:240 - Cannot read IP mode file for STMicroelectronics.X-CUBE-AZRTOS-G4.1.0.0
2025-01-08 18:11:21,728 [WARN] PackLoader:240 - Cannot read IP mode file for STMicroelectronics.X-CUBE-AZRTOS-L4.1.0.0
2025-01-08 18:11:21,769 [WARN] PackLoader:240 - Cannot read IP mode file for STMicroelectronics.X-CUBE-ISPU.2.0.0
2025-01-08 18:11:21,772 [ERROR] Engine:466 - C:\Users\ahmed\.stm32cubemx\thirdparties\pdsc\STMicroelectronics.X-CUBE-IPS.3.1.0.pdsc: PDSC version is not supported
2025-01-08 18:11:21,794 [WARN] PackLoader:240 - Cannot read IP mode file for STMicroelectronics.X-CUBE-ALS.1.0.2
2025-01-08 18:11:21,982 [WARN] PackLoader:240 - Cannot read IP mode file for STMicroelectronics.X-CUBE-MEMS1.10.0.0
2025-01-08 18:11:22,185 [WARN] PackLoader:240 - Cannot read IP mode file for STMicroelectronics.X-CUBE-FREERTOS.1.1.0
2025-01-08 18:11:22,207 [WARN] PackLoader:240 - Cannot read IP mode file for STMicroelectronics.X-CUBE-TOUCHGFX.4.24.0
2025-01-08 18:11:22,210 [WARN] PackLoader:240 - Cannot read IP mode file for STMicroelectronics.X-CUBE-TOUCHGFX.4.24.2
2025-01-08 18:11:22,237 [WARN] PackLoader:240 - Cannot read IP mode file for STMicroelectronics.X-CUBE-AZRTOS-WL.1.0.0
2025-01-08 18:11:22,253 [WARN] PackLoader:240 - Cannot read IP mode file for STMicroelectronics.X-CUBE-TOUCHGFX.4.24.1
2025-01-08 18:11:22,271 [WARN] PackLoader:240 - Cannot read IP mode file for portGmbH.I-Cube-SoM-uGOAL.1.1.0
2025-01-08 18:11:22,286 [WARN] PackLoader:240 - Cannot read IP mode file for STMicroelectronics.X-CUBE-ALS.1.0.1
2025-01-08 18:11:22,314 [INFO] WebApp:161 - Instantiating new browser for Auth
2025-01-08 18:11:22,318 [WARN] PackLoader:240 - Cannot read IP mode file for STMicroelectronics.X-CUBE-AZRTOS-WB.1.1.0
2025-01-08 18:11:22,404 [WARN] PackLoader:240 - Cannot read IP mode file for STMicroelectronics.X-CUBE-AZRTOS-H7RS.1.0.0
2025-01-08 18:11:22,426 [WARN] PackLoader:240 - Cannot read IP mode file for STMicroelectronics.FP-ATR-ASTRA1.2.0.0
2025-01-08 18:11:22,460 [WARN] PackLoader:240 - Cannot read IP mode file for STMicroelectronics.X-CUBE-TOF1.3.4.2
2025-01-08 18:11:22,492 [WARN] PackLoader:240 - Cannot read IP mode file for STMicroelectronics.X-CUBE-TOF1.3.4.0
2025-01-08 18:11:22,525 [WARN] PackLoader:240 - Cannot read IP mode file for STMicroelectronics.X-CUBE-TOF1.3.4.1
2025-01-08 18:11:22,585 [WARN] PackLoader:240 - Cannot read IP mode file for STMicroelectronics.X-CUBE-AZRTOS-H7.3.2.0
2025-01-08 18:11:22,597 [WARN] PackLoader:240 - Cannot read IP mode file for wolfSSL.I-CUBE-wolfSSH.1.4.17
2025-01-08 18:11:22,597 [INFO] ThirdParty:978 - Integrity check success = true
2025-01-08 18:11:22,597 [INFO] IntegrityCheckThread:100 - exiting critical section [integrity check]
2025-01-08 18:11:22,597 [INFO] IntegrityCheckThread:103 - End integrity checks thread
2025-01-08 18:11:23,032 [INFO] WebApp:780 - Register for checkConnection events
2025-01-08 18:11:23,032 [INFO] WebApp:414 - Apply proxy settings
2025-01-08 18:11:23,032 [INFO] WebApp:499 - Chromium requires no authentication
2025-01-08 18:11:23,040 [INFO] WebApp:442 - Direct internet connection detected
2025-01-08 18:11:23,286 [INFO] WebApp:192 - Starting web application
2025-01-08 18:11:23,287 [INFO] WebApp:544 - Web application path used C:\ST\STM32CubeIDE_1.14.1\STM32CubeIDE\plugins\com.st.stm32cube.common.mx_6.10.0.202311202037\db\plugins\mcufinder\reactClient1\index.html
2025-01-08 18:11:44,710 [ERROR] LogOutputStream:75 - [STDERR_REDIRECT] SLF4J: Failed to load class "org.slf4j.impl.StaticLoggerBinder".
2025-01-08 18:11:44,713 [ERROR] LogOutputStream:75 - [STDERR_REDIRECT] SLF4J: Defaulting to no-operation (NOP) logger implementation
2025-01-08 18:11:44,714 [ERROR] LogOutputStream:75 - [STDERR_REDIRECT] SLF4J: See http://www.slf4j.org/codes.html#StaticLoggerBinder for further details.
2025-01-08 21:09:42,635 [ERROR] LogOutputStream:75 - [STDERR_REDIRECT] 
