2024-12-24 16:11:23,352 [INFO] Activator:176 - 


2024-12-24 16:11:23,358 [INFO] Activator:177 - !SESSION log4j initialized
2024-12-24 16:11:29,630 [INFO] LogOutputStream:77 - [STDOUT_REDIRECT] 
2024-12-24 16:11:53,946 [INFO] ApplicationProperties:184 - Using Application install path: C:\ST\STM32CubeIDE_1.14.1\STM32CubeIDE\plugins\com.st.stm32cube.common.mx_6.10.0.202311202037
2024-12-24 16:11:53,963 [INFO] DbMcusXml:78 - Set database path to: C:\ST\STM32CubeIDE_1.14.1\STM32CubeIDE\plugins\com.st.stm32cube.common.mx_6.10.0.202311202037\\db\/mcu/
2024-12-24 16:11:53,963 [INFO] ApiDb:274 - Set plugin database path to: C:\ST\STM32CubeIDE_1.14.1\STM32CubeIDE\plugins\com.st.stm32cube.common.mx_6.10.0.202311202037\\db\/plugins/boardmanager/
2024-12-24 16:11:53,963 [WARN] ApiDb:259 - Overriding images path with different value:  => C:\ST\STM32CubeIDE_1.14.1\STM32CubeIDE\plugins\com.st.stm32cube.common.mx_6.10.0.202311202037\\db\/plugins/mcufinder/images/
2024-12-24 16:11:53,979 [INFO] ApiDb:250 - Set database path to: C:\Users\ahmed\.stmcufinder\plugins\mcufinder//mcu/
2024-12-24 16:11:53,981 [INFO] DbMcusAds:125 - Set database path to: C:\Users\ahmed\.stmcufinder\plugins\mcufinder//mcu/
2024-12-24 16:12:05,010 [INFO] CrossReferenceDbSqlite:203 - Set database path to: C:\Users\ahmed\.stmcufinder\plugins\mcufinder//mcu/cs/
2024-12-24 16:12:05,145 [INFO] RulesReader:64 - Compatibility file has been processed (297 Rules)
2024-12-24 16:12:05,237 [INFO] DbMcusXml:78 - Set database path to: C:\ST\STM32CubeIDE_1.14.1\STM32CubeIDE\plugins\com.st.stm32cube.common.mx_6.10.0.202311202037\\db\/mcu/
2024-12-24 16:12:05,237 [INFO] ApiDb:274 - Set plugin database path to: C:\ST\STM32CubeIDE_1.14.1\STM32CubeIDE\plugins\com.st.stm32cube.common.mx_6.10.0.202311202037\\db\/plugins/boardmanager/
2024-12-24 16:12:05,237 [INFO] ApiDb:261 - Set plugin images path to: C:\ST\STM32CubeIDE_1.14.1\STM32CubeIDE\plugins\com.st.stm32cube.common.mx_6.10.0.202311202037\\db\/plugins/mcufinder/images/
2024-12-24 16:12:05,238 [WARN] DbFile:41 - Overriding database path with different value: C:\Users\ahmed\.stmcufinder\plugins\mcufinder/ => C:\Users\ahmed\.stmcufinder\plugins\mcufinder
2024-12-24 16:12:05,238 [INFO] ApiDb:250 - Set database path to: C:\Users\ahmed\.stmcufinder\plugins\mcufinder//mcu/
2024-12-24 16:12:05,238 [WARN] DbFile:41 - Overriding database path with different value: C:\Users\ahmed\.stmcufinder\plugins\mcufinder/ => C:\Users\ahmed\.stmcufinder\plugins\mcufinder
2024-12-24 16:12:05,238 [INFO] DbMcusAds:125 - Set database path to: C:\Users\ahmed\.stmcufinder\plugins\mcufinder//mcu/
2024-12-24 16:12:05,238 [WARN] DbFile:41 - Overriding database path with different value: C:\Users\ahmed\.stmcufinder\plugins\mcufinder/ => C:\Users\ahmed\.stmcufinder\plugins\mcufinder
2024-12-24 16:12:05,238 [WARN] DbFile:41 - Overriding database path with different value: C:\Users\ahmed\.stmcufinder\plugins\mcufinder/ => C:\Users\ahmed\.stmcufinder\plugins\mcufinder
2024-12-24 16:12:05,238 [INFO] CrossReferenceDbSqlite:203 - Set database path to: C:\Users\ahmed\.stmcufinder\plugins\mcufinder//mcu/cs/
2024-12-24 16:12:05,329 [INFO] MainPanel:264 - HeapMemory: 268435456
2024-12-24 16:12:05,438 [INFO] DbMcusXml:78 - Set database path to: C:\ST\STM32CubeIDE_1.14.1\STM32CubeIDE\plugins\com.st.stm32cube.common.mx_6.10.0.202311202037\\db\/mcu/
2024-12-24 16:12:05,438 [INFO] ApiDb:274 - Set plugin database path to: C:\ST\STM32CubeIDE_1.14.1\STM32CubeIDE\plugins\com.st.stm32cube.common.mx_6.10.0.202311202037\\db\/plugins/boardmanager/
2024-12-24 16:12:05,438 [INFO] ApiDb:261 - Set plugin images path to: C:\ST\STM32CubeIDE_1.14.1\STM32CubeIDE\plugins\com.st.stm32cube.common.mx_6.10.0.202311202037\\db\/plugins/mcufinder/images/
2024-12-24 16:12:05,438 [WARN] DbFile:41 - Overriding database path with different value: C:\Users\ahmed\.stmcufinder\plugins\mcufinder/ => C:\Users\ahmed\.stmcufinder\plugins\mcufinder
2024-12-24 16:12:05,438 [INFO] ApiDb:250 - Set database path to: C:\Users\ahmed\.stmcufinder\plugins\mcufinder//mcu/
2024-12-24 16:12:05,438 [WARN] DbFile:41 - Overriding database path with different value: C:\Users\ahmed\.stmcufinder\plugins\mcufinder/ => C:\Users\ahmed\.stmcufinder\plugins\mcufinder
2024-12-24 16:12:05,438 [INFO] DbMcusAds:125 - Set database path to: C:\Users\ahmed\.stmcufinder\plugins\mcufinder//mcu/
2024-12-24 16:12:05,438 [WARN] DbFile:41 - Overriding database path with different value: C:\Users\ahmed\.stmcufinder\plugins\mcufinder/ => C:\Users\ahmed\.stmcufinder\plugins\mcufinder
2024-12-24 16:12:05,438 [WARN] DbFile:41 - Overriding database path with different value: C:\Users\ahmed\.stmcufinder\plugins\mcufinder/ => C:\Users\ahmed\.stmcufinder\plugins\mcufinder
2024-12-24 16:12:05,438 [INFO] CrossReferenceDbSqlite:203 - Set database path to: C:\Users\ahmed\.stmcufinder\plugins\mcufinder//mcu/cs/
2024-12-24 16:12:05,461 [INFO] ApplicationProperties:184 - Using Application install path: C:\ST\STM32CubeIDE_1.14.1\STM32CubeIDE\plugins\com.st.stm32cube.common.mx_6.10.0.202311202037
2024-12-24 16:12:05,464 [INFO] PluginManage:196 - Search for loadable plugins [exclusion list=, ]
2024-12-24 16:12:05,466 [INFO] PluginManage:310 - Check plugin analytics
2024-12-24 16:12:10,595 [INFO] AnalyticsPlugin:253 - Accepted Software Licenses: 
2024-12-24 16:12:10,595 [INFO] AnalyticsPlugin:255 - Accepted CMSIS Pack Licenses: 
2024-12-24 16:12:10,595 [INFO] AnalyticsPlugin:257 - Accepted Firmware Licenses: FW.F4.1.28.0,FW.F4.1.27.0
2024-12-24 16:12:10,597 [INFO] PluginManage:359 - Loaded plugin analytics (category:tool,tabindex:-1)
2024-12-24 16:12:10,597 [INFO] PluginManage:310 - Check plugin cadmodel
2024-12-24 16:12:10,613 [INFO] CADModel:105 - Init CAD model plugin
2024-12-24 16:12:10,613 [INFO] PluginManage:359 - Loaded plugin cadmodel (category:power,tabindex:5)
2024-12-24 16:12:10,613 [INFO] PluginManage:310 - Check plugin clock
2024-12-24 16:12:10,640 [INFO] PluginManage:359 - Loaded plugin clock (category:base,tabindex:2)
2024-12-24 16:12:10,640 [INFO] PluginManage:310 - Check plugin ddr
2024-12-24 16:12:10,643 [INFO] PluginManage:359 - Loaded plugin ddr (category:tool,tabindex:6)
2024-12-24 16:12:10,643 [INFO] PluginManage:310 - Check plugin filemanager
2024-12-24 16:12:10,786 [INFO] PluginManage:359 - Loaded plugin filemanager (category:base,tabindex:10)
2024-12-24 16:12:10,786 [INFO] PluginManage:310 - Check plugin ipmanager
2024-12-24 16:12:10,795 [INFO] PluginManage:359 - Loaded plugin ipmanager (category:base,tabindex:5)
2024-12-24 16:12:10,795 [INFO] PluginManage:310 - Check plugin lpbam
2024-12-24 16:12:10,814 [INFO] PluginManage:359 - Loaded plugin lpbam (category:base,tabindex:0)
2024-12-24 16:12:10,814 [INFO] PluginManage:310 - Check plugin memorymap
2024-12-24 16:12:10,843 [INFO] PluginManage:359 - Loaded plugin memorymap (category:base,tabindex:4)
2024-12-24 16:12:10,843 [INFO] PluginManage:310 - Check plugin pinoutandconfiguration
2024-12-24 16:12:10,862 [INFO] PluginManage:359 - Loaded plugin pinoutandconfiguration (category:base,tabindex:1)
2024-12-24 16:12:10,863 [INFO] PluginManage:310 - Check plugin pinoutconfig
2024-12-24 16:12:10,957 [WARN] SupportedApi:132 - Cannot load RTOS API schema: s4s-elt-must-match.1: The content of 'definitions' must match (annotation?, (simpleType | complexType)?, (unique | key | keyref)*)). A problem was found starting at: attribute.
2024-12-24 16:12:11,093 [INFO] PluginManage:359 - Loaded plugin pinoutconfig (category:base,tabindex:0)
2024-12-24 16:12:11,093 [INFO] PluginManage:310 - Check plugin power
2024-12-24 16:12:11,114 [INFO] PluginManage:359 - Loaded plugin power (category:power,tabindex:4)
2024-12-24 16:12:11,114 [INFO] PluginManage:310 - Check plugin projectmanager
2024-12-24 16:12:11,127 [INFO] PluginManage:359 - Loaded plugin projectmanager (category:projectmanager,tabindex:3)
2024-12-24 16:12:11,127 [INFO] PluginManage:310 - Check plugin thirdparty
2024-12-24 16:12:11,412 [INFO] PluginManage:359 - Loaded plugin thirdparty (category:base,tabindex:-1)
2024-12-24 16:12:11,412 [WARN] IntegrityCheckThread:84 - waiting for thirdparty lock release [integrity check]
2024-12-24 16:12:11,413 [INFO] PluginManage:310 - Check plugin tools
2024-12-24 16:12:11,413 [INFO] IntegrityCheckThread:86 - entering critical section [integrity check]
2024-12-24 16:12:11,413 [INFO] ThirdPartyUpdaterWithRetryManager:70 - Updater plugin not ready yet. [1/15]
2024-12-24 16:12:11,451 [INFO] PluginManage:359 - Loaded plugin tools (category:base,tabindex:7)
2024-12-24 16:12:11,451 [INFO] PluginManage:310 - Check plugin tutovideos
2024-12-24 16:12:11,670 [INFO] PluginManage:359 - Loaded plugin tutovideos (category:base,tabindex:-1)
2024-12-24 16:12:11,671 [INFO] PluginManage:310 - Check plugin updater
2024-12-24 16:12:11,685 [INFO] PluginManage:359 - Loaded plugin updater (category:base,tabindex:12)
2024-12-24 16:12:11,685 [INFO] PluginManage:310 - Check plugin userauth
2024-12-24 16:12:11,691 [INFO] UserAuth:114 - Init User Auth plugin
2024-12-24 16:12:11,691 [INFO] PluginManage:359 - Loaded plugin userauth (category:base,tabindex:14)
2024-12-24 16:12:11,691 [INFO] PluginManage:283 - PluginManage : Loaded plugins [17]
2024-12-24 16:12:11,915 [INFO] PinOutPanel:1499 - setPackage(No Configuration,No Configuration)
2024-12-24 16:12:11,989 [INFO] CADModel:165 - CPN selected for project level
2024-12-24 16:12:11,989 [INFO] CADModel:114 - Register for checkConnection events
2024-12-24 16:12:12,014 [INFO] IPUIPlugin:80 - create IPUIPlugin
2024-12-24 16:12:12,014 [INFO] PluginManager:220 - loadIPPluginJar : add adc
2024-12-24 16:12:12,052 [INFO] IPUIPlugin:80 - create IPUIPlugin
2024-12-24 16:12:12,052 [INFO] PluginManager:220 - loadIPPluginJar : add aes
2024-12-24 16:12:12,096 [INFO] IPUIPlugin:80 - create IPUIPlugin
2024-12-24 16:12:12,096 [INFO] PluginManager:220 - loadIPPluginJar : add can
2024-12-24 16:12:12,124 [INFO] IPUIPlugin:80 - create IPUIPlugin
2024-12-24 16:12:12,125 [INFO] PluginManager:220 - loadIPPluginJar : add comp
2024-12-24 16:12:12,160 [INFO] IPUIPlugin:80 - create IPUIPlugin
2024-12-24 16:12:12,161 [INFO] PluginManager:220 - loadIPPluginJar : add cryp
2024-12-24 16:12:12,192 [INFO] IPUIPlugin:80 - create IPUIPlugin
2024-12-24 16:12:12,193 [INFO] PluginManager:220 - loadIPPluginJar : add dfsdm
2024-12-24 16:12:12,207 [INFO] IPUIPlugin:80 - create IPUIPlugin
2024-12-24 16:12:12,207 [INFO] PluginManager:220 - loadIPPluginJar : add dma
2024-12-24 16:12:12,251 [INFO] IPUIPlugin:80 - create IPUIPlugin
2024-12-24 16:12:12,251 [INFO] PluginManager:220 - loadIPPluginJar : add dma3
2024-12-24 16:12:12,277 [INFO] IPUIPlugin:80 - create IPUIPlugin
2024-12-24 16:12:12,277 [INFO] PluginManager:220 - loadIPPluginJar : add fatfs
2024-12-24 16:12:12,328 [INFO] IPUIPlugin:80 - create IPUIPlugin
2024-12-24 16:12:12,328 [INFO] PluginManager:220 - loadIPPluginJar : add fmc
2024-12-24 16:12:12,345 [INFO] IPUIPlugin:80 - create IPUIPlugin
2024-12-24 16:12:12,345 [INFO] PluginManager:220 - loadIPPluginJar : add freertos
2024-12-24 16:12:12,371 [INFO] IPUIPlugin:80 - create IPUIPlugin
2024-12-24 16:12:12,371 [INFO] PluginManager:220 - loadIPPluginJar : add genericplugin
2024-12-24 16:12:12,479 [INFO] IPUIPlugin:80 - create IPUIPlugin
2024-12-24 16:12:12,479 [INFO] PluginManager:220 - loadIPPluginJar : add gfxmmu
2024-12-24 16:12:12,628 [INFO] IPUIPlugin:80 - create IPUIPlugin
2024-12-24 16:12:12,628 [INFO] PluginManager:220 - loadIPPluginJar : add gic
2024-12-24 16:12:12,642 [INFO] IPUIPlugin:80 - create IPUIPlugin
2024-12-24 16:12:12,642 [INFO] PluginManager:220 - loadIPPluginJar : add gpio
2024-12-24 16:12:12,728 [INFO] IPUIPlugin:80 - create IPUIPlugin
2024-12-24 16:12:12,729 [INFO] PluginManager:220 - loadIPPluginJar : add gtzc
2024-12-24 16:12:12,767 [INFO] IPUIPlugin:80 - create IPUIPlugin
2024-12-24 16:12:12,767 [INFO] PluginManager:220 - loadIPPluginJar : add hash
2024-12-24 16:12:12,828 [INFO] IPUIPlugin:80 - create IPUIPlugin
2024-12-24 16:12:12,828 [INFO] PluginManager:220 - loadIPPluginJar : add i2c
2024-12-24 16:12:12,872 [INFO] IPUIPlugin:80 - create IPUIPlugin
2024-12-24 16:12:12,872 [INFO] PluginManager:220 - loadIPPluginJar : add i2s
2024-12-24 16:12:12,912 [INFO] IPUIPlugin:80 - create IPUIPlugin
2024-12-24 16:12:12,913 [INFO] PluginManager:220 - loadIPPluginJar : add i3c
2024-12-24 16:12:13,017 [INFO] IPUIPlugin:80 - create IPUIPlugin
2024-12-24 16:12:13,017 [INFO] PluginManager:220 - loadIPPluginJar : add ipddr
2024-12-24 16:12:13,108 [INFO] IPUIPlugin:80 - create IPUIPlugin
2024-12-24 16:12:13,108 [INFO] PluginManager:220 - loadIPPluginJar : add linkedlist
2024-12-24 16:12:13,145 [INFO] IPUIPlugin:80 - create IPUIPlugin
2024-12-24 16:12:13,145 [INFO] PluginManager:220 - loadIPPluginJar : add lorawan
2024-12-24 16:12:13,183 [INFO] IPUIPlugin:80 - create IPUIPlugin
2024-12-24 16:12:13,184 [INFO] PluginManager:220 - loadIPPluginJar : add ltdc
2024-12-24 16:12:13,198 [INFO] IPUIPlugin:80 - create IPUIPlugin
2024-12-24 16:12:13,199 [INFO] PluginManager:220 - loadIPPluginJar : add mdma
2024-12-24 16:12:13,213 [INFO] IPUIPlugin:80 - create IPUIPlugin
2024-12-24 16:12:13,213 [INFO] PluginManager:220 - loadIPPluginJar : add nvic
2024-12-24 16:12:13,257 [INFO] IPUIPlugin:80 - create IPUIPlugin
2024-12-24 16:12:13,257 [INFO] PluginManager:220 - loadIPPluginJar : add opamp
2024-12-24 16:12:13,330 [INFO] IPUIPlugin:80 - create IPUIPlugin
2024-12-24 16:12:13,330 [INFO] PluginManager:220 - loadIPPluginJar : add openamp
2024-12-24 16:12:13,380 [INFO] IPUIPlugin:80 - create IPUIPlugin
2024-12-24 16:12:13,380 [INFO] PluginManager:220 - loadIPPluginJar : add pdm2pcm
2024-12-24 16:12:13,395 [INFO] IPUIPlugin:80 - create IPUIPlugin
2024-12-24 16:12:13,398 [INFO] PluginManager:220 - loadIPPluginJar : add plateformsettings
2024-12-24 16:12:13,427 [INFO] IPUIPlugin:80 - create IPUIPlugin
2024-12-24 16:12:13,427 [INFO] PluginManager:220 - loadIPPluginJar : add quadspi
2024-12-24 16:12:13,443 [INFO] IPUIPlugin:80 - create IPUIPlugin
2024-12-24 16:12:13,443 [INFO] PluginManager:220 - loadIPPluginJar : add resmgrutility
2024-12-24 16:12:13,497 [INFO] IPUIPlugin:80 - create IPUIPlugin
2024-12-24 16:12:13,497 [INFO] PluginManager:220 - loadIPPluginJar : add sai
2024-12-24 16:12:13,543 [INFO] IPUIPlugin:80 - create IPUIPlugin
2024-12-24 16:12:13,543 [INFO] PluginManager:220 - loadIPPluginJar : add spi
2024-12-24 16:12:13,621 [INFO] IPUIPlugin:80 - create IPUIPlugin
2024-12-24 16:12:13,621 [INFO] PluginManager:220 - loadIPPluginJar : add stm32_wpan
2024-12-24 16:12:13,649 [INFO] IPUIPlugin:80 - create IPUIPlugin
2024-12-24 16:12:13,649 [INFO] PluginManager:220 - loadIPPluginJar : add tim
2024-12-24 16:12:13,703 [INFO] IPUIPlugin:80 - create IPUIPlugin
2024-12-24 16:12:13,703 [INFO] PluginManager:220 - loadIPPluginJar : add touchsensing
2024-12-24 16:12:13,727 [INFO] IPUIPlugin:80 - create IPUIPlugin
2024-12-24 16:12:13,727 [INFO] PluginManager:220 - loadIPPluginJar : add tracer_emb
2024-12-24 16:12:13,752 [INFO] IPUIPlugin:80 - create IPUIPlugin
2024-12-24 16:12:13,752 [INFO] PluginManager:220 - loadIPPluginJar : add ts
2024-12-24 16:12:13,781 [INFO] IPUIPlugin:80 - create IPUIPlugin
2024-12-24 16:12:13,781 [INFO] PluginManager:220 - loadIPPluginJar : add tsc
2024-12-24 16:12:13,808 [INFO] IPUIPlugin:80 - create IPUIPlugin
2024-12-24 16:12:13,808 [INFO] PluginManager:220 - loadIPPluginJar : add ucpd
2024-12-24 16:12:13,856 [INFO] IPUIPlugin:80 - create IPUIPlugin
2024-12-24 16:12:13,856 [INFO] PluginManager:220 - loadIPPluginJar : add usart
2024-12-24 16:12:13,906 [INFO] IPUIPlugin:80 - create IPUIPlugin
2024-12-24 16:12:13,906 [INFO] PluginManager:220 - loadIPPluginJar : add usbx
2024-12-24 16:12:14,037 [INFO] CADModel:165 - CPN selected for project level
2024-12-24 16:12:14,037 [INFO] CADModel:114 - Register for checkConnection events
2024-12-24 16:12:14,037 [FATAL] Updater:308 - Updater called before beeing initialized
2024-12-24 16:12:14,037 [ERROR] CADModel:125 - Updater not yet initialized, retry later 
2024-12-24 16:12:14,178 [INFO] CADModel:165 - CPN selected for project level
2024-12-24 16:12:14,178 [INFO] CADModel:114 - Register for checkConnection events
2024-12-24 16:12:14,178 [FATAL] Updater:308 - Updater called before beeing initialized
2024-12-24 16:12:14,178 [ERROR] CADModel:125 - Updater not yet initialized, retry later 
2024-12-24 16:12:14,181 [FATAL] Updater:308 - Updater called before beeing initialized
2024-12-24 16:12:14,299 [FATAL] Updater:308 - Updater called before beeing initialized
2024-12-24 16:12:14,309 [INFO] DbMcusAds:53 - JSON generation date=Fri Sep 20 15:04:23 CEST 2024 (1726837463113)
2024-12-24 16:12:14,309 [FATAL] Updater:308 - Updater called before beeing initialized
2024-12-24 16:12:14,387 [WARN] DetailPanel:346 - Failed to get advertising image, set to default
2024-12-24 16:12:14,415 [INFO] ThirdPartyUpdaterWithRetryManager:70 - Updater plugin not ready yet. [2/15]
2024-12-24 16:12:14,479 [FATAL] Updater:308 - Updater called before beeing initialized
2024-12-24 16:12:14,482 [FATAL] Updater:308 - Updater called before beeing initialized
2024-12-24 16:12:14,482 [FATAL] Updater:308 - Updater called before beeing initialized
2024-12-24 16:12:14,482 [WARN] DetailPanel:346 - Failed to get advertising image, set to default
2024-12-24 16:12:14,483 [FATAL] Updater:308 - Updater called before beeing initialized
2024-12-24 16:12:14,548 [ERROR] Updater:1120 - MainUpdater not yet initialized. External WinMGr cannot be set.
2024-12-24 16:12:14,563 [INFO] Updater:1056 - Updater Version found : 6.10.0
2024-12-24 16:12:14,583 [INFO] ApplicationProperties:184 - Using Application install path: C:\ST\STM32CubeIDE_1.14.1\STM32CubeIDE\plugins\com.st.stm32cube.common.mx_6.10.0.202311202037
2024-12-24 16:12:16,178 [ERROR] LogOutputStream:75 - [STDERR_REDIRECT] Dec 24, 2024 4:12:16 PM java.util.prefs.WindowsPreferences <init>
2024-12-24 16:12:16,179 [ERROR] LogOutputStream:75 - [STDERR_REDIRECT] WARNING: Could not open/create prefs root node Software\JavaSoft\Prefs at root 0xffffffff80000002. Windows RegCreateKeyEx(...) returned error code 5.
2024-12-24 16:12:16,179 [ERROR] LogOutputStream:75 - [STDERR_REDIRECT] 
2024-12-24 16:12:16,537 [INFO] MainUpdater:2873 - connection check result : 10
2024-12-24 16:12:16,538 [INFO] MainUpdater:290 - Updater Check For Update Now.
2024-12-24 16:12:16,539 [INFO] MicroXplorer:498 - Change Database Version : DB.6.0.100
2024-12-24 16:12:16,558 [INFO] McuFinderGlobals:63 - Set McuFinder mode to 2 (CubeIDE integrated)
2024-12-24 16:12:16,733 [INFO] UserAuth:404 - Internet connection configuration mode: 1
2024-12-24 16:12:16,762 [INFO] JxBrowserEngine:152 - Initiate JxBrowser Engine with user profile folder
2024-12-24 16:12:16,801 [INFO] CheckServerUpdateThread:120 - End of CheckServer Thread
2024-12-24 16:12:17,713 [WARN] PackLoader:240 - Cannot read IP mode file for STMicroelectronics.FP-SNS-MOTENVWB1.1.4.0
2024-12-24 16:12:17,731 [WARN] PackLoader:240 - Cannot read IP mode file for STMicroelectronics.FP-ATR-ASTRA1.2.0.1
2024-12-24 16:12:17,751 [WARN] PackLoader:240 - Cannot read IP mode file for STMicroelectronics.X-CUBE-SMBUS.2.1.0
2024-12-24 16:12:17,774 [WARN] PackLoader:240 - Cannot read IP mode file for STMicroelectronics.X-CUBE-WB05N.1.1.0
2024-12-24 16:12:17,794 [WARN] PackLoader:240 - Cannot read IP mode file for STMicroelectronics.X-CUBE-TOUCHGFX.4.23.1
2024-12-24 16:12:17,810 [WARN] PackLoader:240 - Cannot read IP mode file for STMicroelectronics.X-CUBE-TOUCHGFX.4.23.0
2024-12-24 16:12:17,824 [WARN] PackLoader:240 - Cannot read IP mode file for STMicroelectronics.X-CUBE-TOUCHGFX.4.23.2
2024-12-24 16:12:17,870 [WARN] PackLoader:240 - Cannot read IP mode file for STMicroelectronics.X-CUBE-AZRTOS-F7.1.1.0
2024-12-24 16:12:17,897 [WARN] PackLoader:240 - Cannot read IP mode file for STMicroelectronics.FP-SNS-MOTENV1.4.3.2
2024-12-24 16:12:18,011 [WARN] PackLoader:240 - Cannot read IP mode file for STMicroelectronics.X-CUBE-MEMS1.11.0.0
2024-12-24 16:12:18,223 [WARN] PackLoader:240 - Cannot read IP mode file for STMicroelectronics.X-CUBE-BLE1.6.2.4
2024-12-24 16:12:18,245 [WARN] PackLoader:240 - Cannot read IP mode file for STMicroelectronics.FP-SNS-FLIGHT1.5.0.2
2024-12-24 16:12:18,270 [WARN] PackLoader:240 - Cannot read IP mode file for STMicroelectronics.X-CUBE-DISPLAY.3.0.0
2024-12-24 16:12:18,295 [WARN] PackLoader:240 - Cannot read IP mode file for STMicroelectronics.X-CUBE-BLE1.7.0.0
2024-12-24 16:12:18,320 [WARN] PackLoader:240 - Cannot read IP mode file for STMicroelectronics.X-CUBE-NFC10.1.0.0
2024-12-24 16:12:18,348 [WARN] PackLoader:240 - Cannot read IP mode file for STMicroelectronics.X-CUBE-BLEMGR.4.0.0
2024-12-24 16:12:18,373 [WARN] PackLoader:240 - Cannot read IP mode file for emotas.I-CUBE-CANOPEN.1.3.0
2024-12-24 16:12:18,396 [WARN] PackLoader:240 - Cannot read IP mode file for STMicroelectronics.X-CUBE-BLEMGR.3.1.0
2024-12-24 16:12:18,419 [WARN] PackLoader:240 - Cannot read IP mode file for STMicroelectronics.FP-SNS-SMARTAG2.1.2.0
2024-12-24 16:12:18,517 [WARN] PackLoader:240 - Cannot read IP mode file for STMicroelectronics.X-CUBE-MEMS1.11.1.0
2024-12-24 16:12:18,658 [INFO] LogOutputStream:77 - [STDOUT_REDIRECT] 1 : Invalid condition id : UX_CORESTACK_Condition cause : null
2024-12-24 16:12:18,659 [INFO] LogOutputStream:77 - [STDOUT_REDIRECT] 1 : Invalid condition id : UX_CORESTACK_Condition cause : null
2024-12-24 16:12:18,660 [INFO] LogOutputStream:77 - [STDOUT_REDIRECT] 1 : Invalid condition id : UX_CORESTACK_Condition cause : null
2024-12-24 16:12:18,662 [INFO] LogOutputStream:77 - [STDOUT_REDIRECT] 1 : Invalid condition id : UX_CORESTACK_Condition cause : null
2024-12-24 16:12:18,664 [INFO] LogOutputStream:77 - [STDOUT_REDIRECT] 1 : Invalid condition id : UX_CORESTACK_Condition cause : null
2024-12-24 16:12:18,666 [WARN] PackLoader:240 - Cannot read IP mode file for STMicroelectronics.X-CUBE-AZRTOS-WL.2.0.0
2024-12-24 16:12:18,690 [WARN] PackLoader:240 - Cannot read IP mode file for STMicroelectronics.FP-SNS-MOTENV1.5.0.0
2024-12-24 16:12:18,712 [WARN] PackLoader:240 - Cannot read IP mode file for wolfSSL.I-CUBE-wolfMQTT.1.19.0
2024-12-24 16:12:18,737 [WARN] PackLoader:240 - Cannot read IP mode file for WES.I-CUBE-Cesium.1.3.0
2024-12-24 16:12:18,760 [WARN] PackLoader:240 - Cannot read IP mode file for STMicroelectronics.X-CUBE-BLE2.3.3.0
2024-12-24 16:12:18,784 [WARN] PackLoader:240 - Cannot read IP mode file for STMicroelectronics.X-CUBE-NFC9.1.0.0
2024-12-24 16:12:18,805 [WARN] PackLoader:240 - Cannot read IP mode file for STMicroelectronics.X-CUBE-TCPP.4.1.0
2024-12-24 16:12:18,823 [WARN] PackLoader:240 - Cannot read IP mode file for STMicroelectronics.X-CUBE-TOUCHGFX.4.21.3
2024-12-24 16:12:18,843 [WARN] PackLoader:240 - Cannot read IP mode file for STMicroelectronics.X-CUBE-ALGOBUILD.1.3.0
2024-12-24 16:12:18,881 [WARN] PackLoader:240 - Cannot read IP mode file for STMicroelectronics.X-CUBE-AZRTOS-G0.1.1.0
2024-12-24 16:12:18,909 [WARN] PackLoader:240 - Cannot read IP mode file for STMicroelectronics.X-CUBE-SAFEA1.1.2.2
2024-12-24 16:12:18,931 [WARN] PackLoader:240 - Cannot read IP mode file for STMicroelectronics.X-CUBE-NFC4.3.0.0
2024-12-24 16:12:18,952 [WARN] PackLoader:240 - Cannot read IP mode file for wolfSSL.I-CUBE-wolfMQTT.1.18.0
2024-12-24 16:12:19,001 [WARN] PackLoader:240 - Cannot read IP mode file for EmbeddedOffice.I-CUBE-FS-RTOS.1.0.1
2024-12-24 16:12:19,002 [ERROR] ConditionMgr:805 - Attr not supported : Dmpu
2024-12-24 16:12:19,002 [ERROR] ConditionMgr:805 - Attr not supported : Dmpu
2024-12-24 16:12:19,002 [ERROR] ConditionMgr:805 - Attr not supported : Dmpu
2024-12-24 16:12:19,002 [ERROR] ConditionMgr:805 - Attr not supported : Dmpu
2024-12-24 16:12:19,003 [ERROR] ConditionMgr:805 - Attr not supported : Dmpu
2024-12-24 16:12:19,003 [ERROR] ConditionMgr:805 - Attr not supported : Dmpu
2024-12-24 16:12:19,003 [ERROR] ConditionMgr:805 - Attr not supported : Dmpu
2024-12-24 16:12:19,003 [ERROR] ConditionMgr:805 - Attr not supported : Dmpu
2024-12-24 16:12:19,003 [ERROR] ConditionMgr:805 - Attr not supported : Dmpu
2024-12-24 16:12:19,003 [ERROR] ConditionMgr:805 - Attr not supported : Dmpu
2024-12-24 16:12:19,003 [ERROR] ConditionMgr:805 - Attr not supported : Dmpu
2024-12-24 16:12:19,003 [ERROR] ConditionMgr:805 - Attr not supported : Dmpu
2024-12-24 16:12:19,003 [ERROR] ConditionMgr:805 - Attr not supported : Dmpu
2024-12-24 16:12:19,003 [ERROR] ConditionMgr:805 - Attr not supported : Dmpu
2024-12-24 16:12:19,003 [ERROR] ConditionMgr:805 - Attr not supported : Dmpu
2024-12-24 16:12:19,003 [ERROR] ConditionMgr:805 - Attr not supported : Dmpu
2024-12-24 16:12:19,004 [ERROR] ConditionMgr:805 - Attr not supported : Dmpu
2024-12-24 16:12:19,004 [ERROR] ConditionMgr:805 - Attr not supported : Dmpu
2024-12-24 16:12:19,004 [ERROR] ConditionMgr:805 - Attr not supported : Dmpu
2024-12-24 16:12:19,004 [ERROR] ConditionMgr:805 - Attr not supported : Dmpu
2024-12-24 16:12:19,004 [ERROR] ConditionMgr:805 - Attr not supported : Dmpu
2024-12-24 16:12:19,004 [ERROR] ConditionMgr:805 - Attr not supported : Dmpu
2024-12-24 16:12:19,004 [ERROR] ConditionMgr:805 - Attr not supported : Dmpu
2024-12-24 16:12:19,004 [ERROR] ConditionMgr:805 - Attr not supported : Dmpu
2024-12-24 16:12:19,004 [ERROR] ConditionMgr:805 - Attr not supported : Dmpu
2024-12-24 16:12:19,004 [ERROR] ConditionMgr:805 - Attr not supported : Dmpu
2024-12-24 16:12:19,004 [ERROR] ConditionMgr:805 - Attr not supported : Dmpu
2024-12-24 16:12:19,004 [ERROR] ConditionMgr:805 - Attr not supported : Dmpu
2024-12-24 16:12:19,004 [ERROR] ConditionMgr:805 - Attr not supported : Dmpu
2024-12-24 16:12:19,004 [ERROR] ConditionMgr:805 - Attr not supported : Dmpu
2024-12-24 16:12:19,004 [ERROR] ConditionMgr:805 - Attr not supported : Dmpu
2024-12-24 16:12:19,004 [ERROR] ConditionMgr:805 - Attr not supported : Dmpu
2024-12-24 16:12:19,004 [ERROR] ConditionMgr:805 - Attr not supported : Dmpu
2024-12-24 16:12:19,005 [ERROR] ConditionMgr:805 - Attr not supported : Dmpu
2024-12-24 16:12:19,005 [ERROR] ConditionMgr:805 - Attr not supported : Dmpu
2024-12-24 16:12:19,005 [ERROR] ConditionMgr:805 - Attr not supported : Dmpu
2024-12-24 16:12:19,005 [ERROR] ConditionMgr:805 - Attr not supported : Dmpu
2024-12-24 16:12:19,005 [ERROR] ConditionMgr:805 - Attr not supported : Dmpu
2024-12-24 16:12:19,005 [ERROR] ConditionMgr:805 - Attr not supported : Dmpu
2024-12-24 16:12:19,005 [ERROR] ConditionMgr:805 - Attr not supported : Dmpu
2024-12-24 16:12:19,005 [ERROR] ConditionMgr:805 - Attr not supported : Dmpu
2024-12-24 16:12:19,005 [ERROR] ConditionMgr:805 - Attr not supported : Dmpu
2024-12-24 16:12:19,005 [ERROR] ConditionMgr:805 - Attr not supported : Dmpu
2024-12-24 16:12:19,005 [ERROR] ConditionMgr:805 - Attr not supported : Dmpu
2024-12-24 16:12:19,005 [ERROR] ConditionMgr:805 - Attr not supported : Dmpu
2024-12-24 16:12:19,005 [ERROR] ConditionMgr:805 - Attr not supported : Dmpu
2024-12-24 16:12:19,005 [ERROR] ConditionMgr:805 - Attr not supported : Dmpu
2024-12-24 16:12:19,005 [ERROR] ConditionMgr:805 - Attr not supported : Dmpu
2024-12-24 16:12:19,005 [ERROR] ConditionMgr:805 - Attr not supported : Dmpu
2024-12-24 16:12:19,006 [ERROR] ConditionMgr:805 - Attr not supported : Dmpu
2024-12-24 16:12:19,006 [ERROR] ConditionMgr:805 - Attr not supported : Dmpu
2024-12-24 16:12:19,006 [ERROR] ConditionMgr:805 - Attr not supported : Dmpu
2024-12-24 16:12:19,006 [ERROR] ConditionMgr:805 - Attr not supported : Dmpu
2024-12-24 16:12:19,006 [ERROR] ConditionMgr:805 - Attr not supported : Dmpu
2024-12-24 16:12:19,006 [ERROR] ConditionMgr:805 - Attr not supported : Dmpu
2024-12-24 16:12:19,006 [ERROR] ConditionMgr:805 - Attr not supported : Dmpu
2024-12-24 16:12:19,006 [ERROR] ConditionMgr:805 - Attr not supported : Dmpu
2024-12-24 16:12:19,006 [ERROR] ConditionMgr:805 - Attr not supported : Dmpu
2024-12-24 16:12:19,006 [ERROR] ConditionMgr:805 - Attr not supported : Dmpu
2024-12-24 16:12:19,006 [ERROR] ConditionMgr:805 - Attr not supported : Dmpu
2024-12-24 16:12:19,006 [ERROR] ConditionMgr:805 - Attr not supported : Dmpu
2024-12-24 16:12:19,006 [ERROR] ConditionMgr:805 - Attr not supported : Dmpu
2024-12-24 16:12:19,006 [ERROR] ConditionMgr:805 - Attr not supported : Dmpu
2024-12-24 16:12:19,006 [ERROR] ConditionMgr:805 - Attr not supported : Dmpu
2024-12-24 16:12:19,031 [WARN] PackLoader:240 - Cannot read IP mode file for STMicroelectronics.X-CUBE-BLEMGR.3.0.0
2024-12-24 16:12:19,058 [ERROR] Engine:466 - C:\Users\ahmed\.stm32cubemx\thirdparties\pdsc\STMicroelectronics.X-CUBE-TCPP.4.2.0.pdsc: PDSC version is not supported
2024-12-24 16:12:19,080 [WARN] PackLoader:240 - Cannot read IP mode file for RealThread.X-CUBE-RT-Thread_Nano.4.1.1
2024-12-24 16:12:19,096 [WARN] PackLoader:240 - Cannot read IP mode file for STMicroelectronics.FP-ATR-SIGFOX1.3.2.0
2024-12-24 16:12:19,113 [WARN] ConditionMgr:438 - getConditionDescription Invalid condition id : Cortex-A Device cause : null
2024-12-24 16:12:19,145 [WARN] ConditionMgr:1039 - genDependencies : Invalid condition id : Cortex-A Device cause : null
2024-12-24 16:12:19,145 [WARN] ConditionMgr:1039 - genDependencies : Invalid condition id : Cortex-A Device cause : null
2024-12-24 16:12:19,145 [WARN] ConditionMgr:1039 - genDependencies : Invalid condition id : Cortex-A Device cause : null
2024-12-24 16:12:19,162 [WARN] PackLoader:240 - Cannot read IP mode file for STMicroelectronics.X-CUBE-EEPRMA1.5.1.0
2024-12-24 16:12:19,219 [WARN] PackLoader:240 - Cannot read IP mode file for STMicroelectronics.X-CUBE-MEMS1.9.5.0
2024-12-24 16:12:19,373 [WARN] PackLoader:240 - Cannot read IP mode file for SEGGER.I-CUBE-embOS.1.3.1
2024-12-24 16:12:19,429 [WARN] PackLoader:240 - Cannot read IP mode file for STMicroelectronics.X-CUBE-ALGOBUILD.1.4.0
2024-12-24 16:12:19,449 [WARN] PackLoader:240 - Cannot read IP mode file for STMicroelectronics.X-CUBE-AI.9.1.0
2024-12-24 16:12:19,472 [WARN] PackLoader:240 - Cannot read IP mode file for STMicroelectronics.X-CUBE-GNSS1.6.0.0
2024-12-24 16:12:19,505 [WARN] PackLoader:240 - Cannot read IP mode file for STMicroelectronics.X-CUBE-AZRTOS-F4.1.1.0
2024-12-24 16:12:19,523 [WARN] PackLoader:240 - Cannot read IP mode file for wolfSSL.I-CUBE-wolfSSL.5.6.0
2024-12-24 16:12:19,545 [WARN] PackLoader:240 - Cannot read IP mode file for STMicroelectronics.X-CUBE-ISPU.2.1.0
2024-12-24 16:12:19,565 [WARN] PackLoader:240 - Cannot read IP mode file for STMicroelectronics.X-CUBE-FREERTOS.1.2.0
2024-12-24 16:12:19,583 [WARN] PackLoader:240 - Cannot read IP mode file for wolfSSL.I-CUBE-wolfSSL.5.6.6
2024-12-24 16:12:19,617 [WARN] PackLoader:240 - Cannot read IP mode file for STMicroelectronics.X-CUBE-AZRTOS-L5.2.0.0
2024-12-24 16:12:19,638 [WARN] PackLoader:240 - Cannot read IP mode file for STMicroelectronics.X-CUBE-EEPRMA1.4.2.0
2024-12-24 16:12:19,666 [WARN] PackLoader:240 - Cannot read IP mode file for STMicroelectronics.X-CUBE-NFC6.3.1.0
2024-12-24 16:12:19,689 [WARN] PackLoader:240 - Cannot read IP mode file for ITTIA_DB.I-CUBE-ITTIADB.8.8.0
2024-12-24 16:12:19,713 [WARN] PackLoader:240 - Cannot read IP mode file for emotas.I-CUBE-CANOPEN.1.1.3
2024-12-24 16:12:19,732 [WARN] PackLoader:240 - Cannot read IP mode file for STMicroelectronics.X-CUBE-BLEMGR.2.0.0
2024-12-24 16:12:19,749 [WARN] PackLoader:240 - Cannot read IP mode file for STMicroelectronics.X-CUBE-DPower.1.2.0
2024-12-24 16:12:19,776 [WARN] PackLoader:240 - Cannot read IP mode file for STMicroelectronics.X-CUBE-AI.9.0.0
2024-12-24 16:12:19,814 [WARN] ConditionMgr:438 - getConditionDescription Invalid condition id : UX DEVICE CLASS RTOS Condition cause : null
2024-12-24 16:12:19,814 [WARN] ConditionMgr:438 - getConditionDescription Invalid condition id : UX DEVICE CLASS RTOS Condition cause : null
2024-12-24 16:12:19,816 [WARN] PackLoader:240 - Cannot read IP mode file for STMicroelectronics.X-CUBE-AZRTOS-H7.3.1.0
2024-12-24 16:12:19,817 [WARN] ConditionMgr:1039 - genDependencies : Invalid condition id : UX DEVICE CLASS RTOS Condition cause : null
2024-12-24 16:12:19,817 [WARN] ConditionMgr:1039 - genDependencies : Invalid condition id : UX DEVICE CLASS RTOS Condition cause : null
2024-12-24 16:12:19,818 [WARN] ConditionMgr:1039 - genDependencies : Invalid condition id : UX DEVICE CLASS RTOS Condition cause : null
2024-12-24 16:12:19,818 [WARN] ConditionMgr:1039 - genDependencies : Invalid condition id : UX DEVICE CLASS RTOS Condition cause : null
2024-12-24 16:12:19,819 [WARN] ConditionMgr:1039 - genDependencies : Invalid condition id : UX DEVICE CLASS RTOS Condition cause : null
2024-12-24 16:12:19,837 [WARN] PackLoader:240 - Cannot read IP mode file for STMicroelectronics.X-CUBE-FREERTOS.1.3.0
2024-12-24 16:12:19,857 [WARN] PackLoader:240 - Cannot read IP mode file for STMicroelectronics.X-CUBE-NFC7.1.0.1
2024-12-24 16:12:19,880 [WARN] PackLoader:240 - Cannot read IP mode file for STMicroelectronics.X-CUBE-NFC7.1.0.0
2024-12-24 16:12:19,899 [WARN] PackLoader:240 - Cannot read IP mode file for wolfSSL.I-CUBE-wolfTPM.3.2.0
2024-12-24 16:12:19,925 [WARN] PackLoader:240 - Cannot read IP mode file for STMicroelectronics.X-CUBE-NFC6.3.0.0
2024-12-24 16:12:19,946 [WARN] PackLoader:240 - Cannot read IP mode file for STMicroelectronics.X-CUBE-EEPRMA1.4.1.0
2024-12-24 16:12:19,965 [WARN] PackLoader:240 - Cannot read IP mode file for STMicroelectronics.X-CUBE-AI.8.1.0
2024-12-24 16:12:20,003 [WARN] ConditionMgr:438 - getConditionDescription Invalid condition id : LAN8742 Phy interface Condition cause : null
2024-12-24 16:12:20,004 [WARN] PackLoader:240 - Cannot read IP mode file for STMicroelectronics.X-CUBE-AZRTOS-L4.2.0.0
2024-12-24 16:12:20,005 [WARN] ConditionMgr:1039 - genDependencies : Invalid condition id : LAN8742 Phy interface Condition cause : null
2024-12-24 16:12:20,006 [WARN] ConditionMgr:1039 - genDependencies : Invalid condition id : LAN8742 Phy interface Condition cause : null
2024-12-24 16:12:20,006 [WARN] ConditionMgr:1039 - genDependencies : Invalid condition id : LAN8742 Phy interface Condition cause : null
2024-12-24 16:12:20,027 [WARN] PackLoader:240 - Cannot read IP mode file for STMicroelectronics.X-CUBE-SFXS2LP1.4.0.0
2024-12-24 16:12:20,051 [WARN] PackLoader:240 - Cannot read IP mode file for STMicroelectronics.X-CUBE-ISPU.1.1.0
2024-12-24 16:12:20,097 [WARN] PackLoader:240 - Cannot read IP mode file for STMicroelectronics.X-CUBE-AZRTOS-H7.3.3.0
2024-12-24 16:12:20,121 [WARN] PackLoader:240 - Cannot read IP mode file for STMicroelectronics.X-CUBE-AI.8.0.0
2024-12-24 16:12:20,147 [WARN] PackLoader:240 - Cannot read IP mode file for STMicroelectronics.X-CUBE-IPS.3.0.0
2024-12-24 16:12:20,188 [WARN] ConditionMgr:438 - getConditionDescription Invalid condition id : UX DEVICE CLASS RTOS Condition cause : null
2024-12-24 16:12:20,188 [WARN] ConditionMgr:438 - getConditionDescription Invalid condition id : UX DEVICE CLASS RTOS Condition cause : null
2024-12-24 16:12:20,189 [WARN] PackLoader:240 - Cannot read IP mode file for STMicroelectronics.X-CUBE-AZRTOS-WB.2.0.0
2024-12-24 16:12:20,190 [WARN] ConditionMgr:1039 - genDependencies : Invalid condition id : UX DEVICE CLASS RTOS Condition cause : null
2024-12-24 16:12:20,190 [WARN] ConditionMgr:1039 - genDependencies : Invalid condition id : UX DEVICE CLASS RTOS Condition cause : null
2024-12-24 16:12:20,190 [WARN] ConditionMgr:1039 - genDependencies : Invalid condition id : UX DEVICE CLASS RTOS Condition cause : null
2024-12-24 16:12:20,190 [WARN] ConditionMgr:1039 - genDependencies : Invalid condition id : UX DEVICE CLASS RTOS Condition cause : null
2024-12-24 16:12:20,190 [WARN] ConditionMgr:1039 - genDependencies : Invalid condition id : UX DEVICE CLASS RTOS Condition cause : null
2024-12-24 16:12:20,208 [WARN] PackLoader:240 - Cannot read IP mode file for STMicroelectronics.X-CUBE-FREERTOS.1.0.1
2024-12-24 16:12:20,227 [WARN] PackLoader:240 - Cannot read IP mode file for STMicroelectronics.X-CUBE-GNSS1.7.0.0
2024-12-24 16:12:20,255 [WARN] PackLoader:240 - Cannot read IP mode file for STMicroelectronics.X-CUBE-GNSS1.7.0.1
2024-12-24 16:12:20,276 [WARN] PackLoader:240 - Cannot read IP mode file for STMicroelectronics.FP-SNS-STBOX1.2.0.0
2024-12-24 16:12:20,305 [WARN] PackLoader:240 - Cannot read IP mode file for STMicroelectronics.X-CUBE-AZRTOS-L5.1.1.0
2024-12-24 16:12:20,329 [WARN] PackLoader:240 - Cannot read IP mode file for STMicroelectronics.X-CUBE-SUBG2.5.0.0
2024-12-24 16:12:20,362 [WARN] PackLoader:240 - Cannot read IP mode file for STMicroelectronics.X-CUBE-AZRTOS-G4.2.0.0
2024-12-24 16:12:20,386 [WARN] PackLoader:240 - Cannot read IP mode file for STMicroelectronics.X-CUBE-TOF1.3.3.0
2024-12-24 16:12:20,431 [WARN] PackLoader:240 - Cannot read IP mode file for Infineon.AIROC-Wi-Fi-Bluetooth-STM32.1.5.1
2024-12-24 16:12:20,455 [WARN] PackLoader:240 - Cannot read IP mode file for STMicroelectronics.FP-SNS-MOTENVWB1.1.3.1
2024-12-24 16:12:20,484 [WARN] PackLoader:240 - Cannot read IP mode file for STMicroelectronics.X-CUBE-AZRTOS-G4.1.0.0
2024-12-24 16:12:20,515 [WARN] PackLoader:240 - Cannot read IP mode file for STMicroelectronics.X-CUBE-AZRTOS-L4.1.0.0
2024-12-24 16:12:20,540 [WARN] PackLoader:240 - Cannot read IP mode file for STMicroelectronics.X-CUBE-ISPU.2.0.0
2024-12-24 16:12:20,560 [WARN] PackLoader:240 - Cannot read IP mode file for STMicroelectronics.X-CUBE-ALS.1.0.2
2024-12-24 16:12:20,631 [WARN] PackLoader:240 - Cannot read IP mode file for STMicroelectronics.X-CUBE-MEMS1.10.0.0
2024-12-24 16:12:20,744 [WARN] PackLoader:240 - Cannot read IP mode file for STMicroelectronics.X-CUBE-FREERTOS.1.1.0
2024-12-24 16:12:20,762 [WARN] PackLoader:240 - Cannot read IP mode file for STMicroelectronics.X-CUBE-TOUCHGFX.4.24.0
2024-12-24 16:12:20,783 [WARN] PackLoader:240 - Cannot read IP mode file for STMicroelectronics.X-CUBE-AZRTOS-WL.1.0.0
2024-12-24 16:12:20,800 [WARN] PackLoader:240 - Cannot read IP mode file for STMicroelectronics.X-CUBE-TOUCHGFX.4.24.1
2024-12-24 16:12:20,812 [WARN] PackLoader:240 - Cannot read IP mode file for portGmbH.I-Cube-SoM-uGOAL.1.1.0
2024-12-24 16:12:20,825 [WARN] PackLoader:240 - Cannot read IP mode file for STMicroelectronics.X-CUBE-ALS.1.0.1
2024-12-24 16:12:20,846 [WARN] PackLoader:240 - Cannot read IP mode file for STMicroelectronics.X-CUBE-AZRTOS-WB.1.1.0
2024-12-24 16:12:20,874 [WARN] PackLoader:240 - Cannot read IP mode file for STMicroelectronics.X-CUBE-AZRTOS-H7RS.1.0.0
2024-12-24 16:12:20,889 [WARN] PackLoader:240 - Cannot read IP mode file for STMicroelectronics.FP-ATR-ASTRA1.2.0.0
2024-12-24 16:12:20,909 [WARN] PackLoader:240 - Cannot read IP mode file for STMicroelectronics.X-CUBE-TOF1.3.4.2
2024-12-24 16:12:20,943 [WARN] PackLoader:240 - Cannot read IP mode file for STMicroelectronics.X-CUBE-TOF1.3.4.0
2024-12-24 16:12:20,965 [WARN] PackLoader:240 - Cannot read IP mode file for STMicroelectronics.X-CUBE-TOF1.3.4.1
2024-12-24 16:12:21,010 [WARN] PackLoader:240 - Cannot read IP mode file for STMicroelectronics.X-CUBE-AZRTOS-H7.3.2.0
2024-12-24 16:12:21,029 [WARN] PackLoader:240 - Cannot read IP mode file for wolfSSL.I-CUBE-wolfSSH.1.4.17
2024-12-24 16:12:21,029 [INFO] ThirdParty:978 - Integrity check success = true
2024-12-24 16:12:21,029 [INFO] IntegrityCheckThread:100 - exiting critical section [integrity check]
2024-12-24 16:12:21,029 [INFO] IntegrityCheckThread:103 - End integrity checks thread
2024-12-24 16:12:24,043 [INFO] WebApp:161 - Instantiating new browser for Auth
2024-12-24 16:12:24,808 [INFO] WebApp:780 - Register for checkConnection events
2024-12-24 16:12:24,808 [INFO] WebApp:414 - Apply proxy settings
2024-12-24 16:12:24,809 [INFO] WebApp:499 - Chromium requires no authentication
2024-12-24 16:12:24,817 [INFO] WebApp:442 - Direct internet connection detected
2024-12-24 16:12:24,969 [INFO] WebApp:192 - Starting web application
2024-12-24 16:12:24,970 [INFO] WebApp:544 - Web application path used C:\ST\STM32CubeIDE_1.14.1\STM32CubeIDE\plugins\com.st.stm32cube.common.mx_6.10.0.202311202037\db\plugins\mcufinder\reactClient1\index.html
2024-12-24 16:12:46,295 [ERROR] LogOutputStream:75 - [STDERR_REDIRECT] SLF4J: Failed to load class "org.slf4j.impl.StaticLoggerBinder".
2024-12-24 16:12:46,296 [ERROR] LogOutputStream:75 - [STDERR_REDIRECT] SLF4J: Defaulting to no-operation (NOP) logger implementation
2024-12-24 16:12:46,297 [ERROR] LogOutputStream:75 - [STDERR_REDIRECT] SLF4J: See http://www.slf4j.org/codes.html#StaticLoggerBinder for further details.
2024-12-24 16:17:45,060 [ERROR] LogOutputStream:75 - [STDERR_REDIRECT] 
2024-12-24 16:17:59,391 [INFO] Activator:176 - 


2024-12-24 16:17:59,393 [INFO] Activator:177 - !SESSION log4j initialized
2024-12-24 16:18:03,300 [INFO] LogOutputStream:77 - [STDOUT_REDIRECT] 
2024-12-24 16:18:21,249 [INFO] ApplicationProperties:184 - Using Application install path: C:\ST\STM32CubeIDE_1.14.1\STM32CubeIDE\plugins\com.st.stm32cube.common.mx_6.10.0.202311202037
2024-12-24 16:18:21,267 [INFO] DbMcusXml:78 - Set database path to: C:\ST\STM32CubeIDE_1.14.1\STM32CubeIDE\plugins\com.st.stm32cube.common.mx_6.10.0.202311202037\\db\/mcu/
2024-12-24 16:18:21,267 [INFO] ApiDb:274 - Set plugin database path to: C:\ST\STM32CubeIDE_1.14.1\STM32CubeIDE\plugins\com.st.stm32cube.common.mx_6.10.0.202311202037\\db\/plugins/boardmanager/
2024-12-24 16:18:21,267 [WARN] ApiDb:259 - Overriding images path with different value:  => C:\ST\STM32CubeIDE_1.14.1\STM32CubeIDE\plugins\com.st.stm32cube.common.mx_6.10.0.202311202037\\db\/plugins/mcufinder/images/
2024-12-24 16:18:21,275 [INFO] ApiDb:250 - Set database path to: C:\Users\ahmed\.stmcufinder\plugins\mcufinder//mcu/
2024-12-24 16:18:21,277 [INFO] DbMcusAds:125 - Set database path to: C:\Users\ahmed\.stmcufinder\plugins\mcufinder//mcu/
2024-12-24 16:18:21,280 [INFO] CrossReferenceDbSqlite:203 - Set database path to: C:\Users\ahmed\.stmcufinder\plugins\mcufinder//mcu/cs/
2024-12-24 16:18:21,414 [INFO] RulesReader:64 - Compatibility file has been processed (297 Rules)
2024-12-24 16:18:21,513 [INFO] DbMcusXml:78 - Set database path to: C:\ST\STM32CubeIDE_1.14.1\STM32CubeIDE\plugins\com.st.stm32cube.common.mx_6.10.0.202311202037\\db\/mcu/
2024-12-24 16:18:21,513 [INFO] ApiDb:274 - Set plugin database path to: C:\ST\STM32CubeIDE_1.14.1\STM32CubeIDE\plugins\com.st.stm32cube.common.mx_6.10.0.202311202037\\db\/plugins/boardmanager/
2024-12-24 16:18:21,513 [INFO] ApiDb:261 - Set plugin images path to: C:\ST\STM32CubeIDE_1.14.1\STM32CubeIDE\plugins\com.st.stm32cube.common.mx_6.10.0.202311202037\\db\/plugins/mcufinder/images/
2024-12-24 16:18:21,513 [WARN] DbFile:41 - Overriding database path with different value: C:\Users\ahmed\.stmcufinder\plugins\mcufinder/ => C:\Users\ahmed\.stmcufinder\plugins\mcufinder
2024-12-24 16:18:21,514 [INFO] ApiDb:250 - Set database path to: C:\Users\ahmed\.stmcufinder\plugins\mcufinder//mcu/
2024-12-24 16:18:21,514 [WARN] DbFile:41 - Overriding database path with different value: C:\Users\ahmed\.stmcufinder\plugins\mcufinder/ => C:\Users\ahmed\.stmcufinder\plugins\mcufinder
2024-12-24 16:18:21,514 [INFO] DbMcusAds:125 - Set database path to: C:\Users\ahmed\.stmcufinder\plugins\mcufinder//mcu/
2024-12-24 16:18:21,514 [WARN] DbFile:41 - Overriding database path with different value: C:\Users\ahmed\.stmcufinder\plugins\mcufinder/ => C:\Users\ahmed\.stmcufinder\plugins\mcufinder
2024-12-24 16:18:21,514 [WARN] DbFile:41 - Overriding database path with different value: C:\Users\ahmed\.stmcufinder\plugins\mcufinder/ => C:\Users\ahmed\.stmcufinder\plugins\mcufinder
2024-12-24 16:18:21,514 [INFO] CrossReferenceDbSqlite:203 - Set database path to: C:\Users\ahmed\.stmcufinder\plugins\mcufinder//mcu/cs/
2024-12-24 16:18:21,596 [INFO] MainPanel:264 - HeapMemory: 268435456
2024-12-24 16:18:21,697 [INFO] DbMcusXml:78 - Set database path to: C:\ST\STM32CubeIDE_1.14.1\STM32CubeIDE\plugins\com.st.stm32cube.common.mx_6.10.0.202311202037\\db\/mcu/
2024-12-24 16:18:21,697 [INFO] ApiDb:274 - Set plugin database path to: C:\ST\STM32CubeIDE_1.14.1\STM32CubeIDE\plugins\com.st.stm32cube.common.mx_6.10.0.202311202037\\db\/plugins/boardmanager/
2024-12-24 16:18:21,698 [INFO] ApiDb:261 - Set plugin images path to: C:\ST\STM32CubeIDE_1.14.1\STM32CubeIDE\plugins\com.st.stm32cube.common.mx_6.10.0.202311202037\\db\/plugins/mcufinder/images/
2024-12-24 16:18:21,698 [WARN] DbFile:41 - Overriding database path with different value: C:\Users\ahmed\.stmcufinder\plugins\mcufinder/ => C:\Users\ahmed\.stmcufinder\plugins\mcufinder
2024-12-24 16:18:21,699 [INFO] ApiDb:250 - Set database path to: C:\Users\ahmed\.stmcufinder\plugins\mcufinder//mcu/
2024-12-24 16:18:21,699 [WARN] DbFile:41 - Overriding database path with different value: C:\Users\ahmed\.stmcufinder\plugins\mcufinder/ => C:\Users\ahmed\.stmcufinder\plugins\mcufinder
2024-12-24 16:18:21,699 [INFO] DbMcusAds:125 - Set database path to: C:\Users\ahmed\.stmcufinder\plugins\mcufinder//mcu/
2024-12-24 16:18:21,699 [WARN] DbFile:41 - Overriding database path with different value: C:\Users\ahmed\.stmcufinder\plugins\mcufinder/ => C:\Users\ahmed\.stmcufinder\plugins\mcufinder
2024-12-24 16:18:21,700 [WARN] DbFile:41 - Overriding database path with different value: C:\Users\ahmed\.stmcufinder\plugins\mcufinder/ => C:\Users\ahmed\.stmcufinder\plugins\mcufinder
2024-12-24 16:18:21,700 [INFO] CrossReferenceDbSqlite:203 - Set database path to: C:\Users\ahmed\.stmcufinder\plugins\mcufinder//mcu/cs/
2024-12-24 16:18:21,728 [INFO] ApplicationProperties:184 - Using Application install path: C:\ST\STM32CubeIDE_1.14.1\STM32CubeIDE\plugins\com.st.stm32cube.common.mx_6.10.0.202311202037
2024-12-24 16:18:21,730 [INFO] PluginManage:196 - Search for loadable plugins [exclusion list=, ]
2024-12-24 16:18:21,733 [INFO] PluginManage:310 - Check plugin analytics
2024-12-24 16:18:26,898 [INFO] AnalyticsPlugin:253 - Accepted Software Licenses: 
2024-12-24 16:18:26,899 [INFO] AnalyticsPlugin:255 - Accepted CMSIS Pack Licenses: 
2024-12-24 16:18:26,899 [INFO] AnalyticsPlugin:257 - Accepted Firmware Licenses: FW.F4.1.28.0,FW.F4.1.27.0
2024-12-24 16:18:26,902 [INFO] PluginManage:359 - Loaded plugin analytics (category:tool,tabindex:-1)
2024-12-24 16:18:26,903 [INFO] PluginManage:310 - Check plugin cadmodel
2024-12-24 16:18:26,909 [INFO] CADModel:105 - Init CAD model plugin
2024-12-24 16:18:26,909 [INFO] PluginManage:359 - Loaded plugin cadmodel (category:power,tabindex:5)
2024-12-24 16:18:26,910 [INFO] PluginManage:310 - Check plugin clock
2024-12-24 16:18:26,921 [INFO] PluginManage:359 - Loaded plugin clock (category:base,tabindex:2)
2024-12-24 16:18:26,921 [INFO] PluginManage:310 - Check plugin ddr
2024-12-24 16:18:26,926 [INFO] PluginManage:359 - Loaded plugin ddr (category:tool,tabindex:6)
2024-12-24 16:18:26,926 [INFO] PluginManage:310 - Check plugin filemanager
2024-12-24 16:18:27,103 [INFO] PluginManage:359 - Loaded plugin filemanager (category:base,tabindex:10)
2024-12-24 16:18:27,103 [INFO] PluginManage:310 - Check plugin ipmanager
2024-12-24 16:18:27,113 [INFO] PluginManage:359 - Loaded plugin ipmanager (category:base,tabindex:5)
2024-12-24 16:18:27,113 [INFO] PluginManage:310 - Check plugin lpbam
2024-12-24 16:18:27,124 [INFO] PluginManage:359 - Loaded plugin lpbam (category:base,tabindex:0)
2024-12-24 16:18:27,124 [INFO] PluginManage:310 - Check plugin memorymap
2024-12-24 16:18:27,143 [INFO] PluginManage:359 - Loaded plugin memorymap (category:base,tabindex:4)
2024-12-24 16:18:27,143 [INFO] PluginManage:310 - Check plugin pinoutandconfiguration
2024-12-24 16:18:27,155 [INFO] PluginManage:359 - Loaded plugin pinoutandconfiguration (category:base,tabindex:1)
2024-12-24 16:18:27,155 [INFO] PluginManage:310 - Check plugin pinoutconfig
2024-12-24 16:18:27,266 [WARN] SupportedApi:132 - Cannot load RTOS API schema: s4s-elt-must-match.1: The content of 'definitions' must match (annotation?, (simpleType | complexType)?, (unique | key | keyref)*)). A problem was found starting at: attribute.
2024-12-24 16:18:27,422 [INFO] PluginManage:359 - Loaded plugin pinoutconfig (category:base,tabindex:0)
2024-12-24 16:18:27,422 [INFO] PluginManage:310 - Check plugin power
2024-12-24 16:18:27,433 [INFO] PluginManage:359 - Loaded plugin power (category:power,tabindex:4)
2024-12-24 16:18:27,433 [INFO] PluginManage:310 - Check plugin projectmanager
2024-12-24 16:18:27,449 [INFO] PluginManage:359 - Loaded plugin projectmanager (category:projectmanager,tabindex:3)
2024-12-24 16:18:27,450 [INFO] PluginManage:310 - Check plugin thirdparty
2024-12-24 16:18:27,550 [WARN] IntegrityCheckThread:84 - waiting for thirdparty lock release [integrity check]
2024-12-24 16:18:27,551 [INFO] IntegrityCheckThread:86 - entering critical section [integrity check]
2024-12-24 16:18:27,552 [INFO] PluginManage:359 - Loaded plugin thirdparty (category:base,tabindex:-1)
2024-12-24 16:18:27,552 [INFO] ThirdPartyUpdaterWithRetryManager:70 - Updater plugin not ready yet. [1/15]
2024-12-24 16:18:27,552 [INFO] PluginManage:310 - Check plugin tools
2024-12-24 16:18:27,557 [INFO] PluginManage:359 - Loaded plugin tools (category:base,tabindex:7)
2024-12-24 16:18:27,557 [INFO] PluginManage:310 - Check plugin tutovideos
2024-12-24 16:18:27,690 [INFO] PluginManage:359 - Loaded plugin tutovideos (category:base,tabindex:-1)
2024-12-24 16:18:27,690 [INFO] PluginManage:310 - Check plugin updater
2024-12-24 16:18:27,701 [INFO] PluginManage:359 - Loaded plugin updater (category:base,tabindex:12)
2024-12-24 16:18:27,702 [INFO] PluginManage:310 - Check plugin userauth
2024-12-24 16:18:27,707 [INFO] UserAuth:114 - Init User Auth plugin
2024-12-24 16:18:27,708 [INFO] PluginManage:359 - Loaded plugin userauth (category:base,tabindex:14)
2024-12-24 16:18:27,708 [INFO] PluginManage:283 - PluginManage : Loaded plugins [17]
2024-12-24 16:18:27,948 [INFO] PinOutPanel:1499 - setPackage(No Configuration,No Configuration)
2024-12-24 16:18:28,028 [INFO] CADModel:165 - CPN selected for project level
2024-12-24 16:18:28,028 [INFO] CADModel:114 - Register for checkConnection events
2024-12-24 16:18:28,042 [INFO] IPUIPlugin:80 - create IPUIPlugin
2024-12-24 16:18:28,043 [INFO] PluginManager:220 - loadIPPluginJar : add adc
2024-12-24 16:18:28,045 [INFO] IPUIPlugin:80 - create IPUIPlugin
2024-12-24 16:18:28,045 [INFO] PluginManager:220 - loadIPPluginJar : add aes
2024-12-24 16:18:28,048 [INFO] IPUIPlugin:80 - create IPUIPlugin
2024-12-24 16:18:28,048 [INFO] PluginManager:220 - loadIPPluginJar : add can
2024-12-24 16:18:28,049 [INFO] IPUIPlugin:80 - create IPUIPlugin
2024-12-24 16:18:28,049 [INFO] PluginManager:220 - loadIPPluginJar : add comp
2024-12-24 16:18:28,052 [INFO] IPUIPlugin:80 - create IPUIPlugin
2024-12-24 16:18:28,052 [INFO] PluginManager:220 - loadIPPluginJar : add cryp
2024-12-24 16:18:28,054 [INFO] IPUIPlugin:80 - create IPUIPlugin
2024-12-24 16:18:28,054 [INFO] PluginManager:220 - loadIPPluginJar : add dfsdm
2024-12-24 16:18:28,058 [INFO] IPUIPlugin:80 - create IPUIPlugin
2024-12-24 16:18:28,058 [INFO] PluginManager:220 - loadIPPluginJar : add dma
2024-12-24 16:18:28,060 [INFO] IPUIPlugin:80 - create IPUIPlugin
2024-12-24 16:18:28,061 [INFO] PluginManager:220 - loadIPPluginJar : add dma3
2024-12-24 16:18:28,062 [INFO] IPUIPlugin:80 - create IPUIPlugin
2024-12-24 16:18:28,062 [INFO] PluginManager:220 - loadIPPluginJar : add fatfs
2024-12-24 16:18:28,065 [INFO] IPUIPlugin:80 - create IPUIPlugin
2024-12-24 16:18:28,065 [INFO] PluginManager:220 - loadIPPluginJar : add fmc
2024-12-24 16:18:28,069 [INFO] IPUIPlugin:80 - create IPUIPlugin
2024-12-24 16:18:28,069 [INFO] PluginManager:220 - loadIPPluginJar : add freertos
2024-12-24 16:18:28,070 [INFO] IPUIPlugin:80 - create IPUIPlugin
2024-12-24 16:18:28,071 [INFO] PluginManager:220 - loadIPPluginJar : add genericplugin
2024-12-24 16:18:28,072 [INFO] IPUIPlugin:80 - create IPUIPlugin
2024-12-24 16:18:28,072 [INFO] PluginManager:220 - loadIPPluginJar : add gfxmmu
2024-12-24 16:18:28,078 [INFO] IPUIPlugin:80 - create IPUIPlugin
2024-12-24 16:18:28,078 [INFO] PluginManager:220 - loadIPPluginJar : add gic
2024-12-24 16:18:28,083 [INFO] IPUIPlugin:80 - create IPUIPlugin
2024-12-24 16:18:28,083 [INFO] PluginManager:220 - loadIPPluginJar : add gpio
2024-12-24 16:18:28,087 [INFO] IPUIPlugin:80 - create IPUIPlugin
2024-12-24 16:18:28,087 [INFO] PluginManager:220 - loadIPPluginJar : add gtzc
2024-12-24 16:18:28,091 [INFO] IPUIPlugin:80 - create IPUIPlugin
2024-12-24 16:18:28,091 [INFO] PluginManager:220 - loadIPPluginJar : add hash
2024-12-24 16:18:28,093 [INFO] IPUIPlugin:80 - create IPUIPlugin
2024-12-24 16:18:28,093 [INFO] PluginManager:220 - loadIPPluginJar : add i2c
2024-12-24 16:18:28,096 [INFO] IPUIPlugin:80 - create IPUIPlugin
2024-12-24 16:18:28,096 [INFO] PluginManager:220 - loadIPPluginJar : add i2s
2024-12-24 16:18:28,098 [INFO] IPUIPlugin:80 - create IPUIPlugin
2024-12-24 16:18:28,098 [INFO] PluginManager:220 - loadIPPluginJar : add i3c
2024-12-24 16:18:28,101 [INFO] IPUIPlugin:80 - create IPUIPlugin
2024-12-24 16:18:28,101 [INFO] PluginManager:220 - loadIPPluginJar : add ipddr
2024-12-24 16:18:28,106 [INFO] IPUIPlugin:80 - create IPUIPlugin
2024-12-24 16:18:28,106 [INFO] PluginManager:220 - loadIPPluginJar : add linkedlist
2024-12-24 16:18:28,108 [INFO] IPUIPlugin:80 - create IPUIPlugin
2024-12-24 16:18:28,108 [INFO] PluginManager:220 - loadIPPluginJar : add lorawan
2024-12-24 16:18:28,110 [INFO] IPUIPlugin:80 - create IPUIPlugin
2024-12-24 16:18:28,110 [INFO] PluginManager:220 - loadIPPluginJar : add ltdc
2024-12-24 16:18:28,114 [INFO] IPUIPlugin:80 - create IPUIPlugin
2024-12-24 16:18:28,114 [INFO] PluginManager:220 - loadIPPluginJar : add mdma
2024-12-24 16:18:28,119 [INFO] IPUIPlugin:80 - create IPUIPlugin
2024-12-24 16:18:28,119 [INFO] PluginManager:220 - loadIPPluginJar : add nvic
2024-12-24 16:18:28,122 [INFO] IPUIPlugin:80 - create IPUIPlugin
2024-12-24 16:18:28,122 [INFO] PluginManager:220 - loadIPPluginJar : add opamp
2024-12-24 16:18:28,125 [INFO] IPUIPlugin:80 - create IPUIPlugin
2024-12-24 16:18:28,125 [INFO] PluginManager:220 - loadIPPluginJar : add openamp
2024-12-24 16:18:28,131 [INFO] IPUIPlugin:80 - create IPUIPlugin
2024-12-24 16:18:28,131 [INFO] PluginManager:220 - loadIPPluginJar : add pdm2pcm
2024-12-24 16:18:28,139 [INFO] IPUIPlugin:80 - create IPUIPlugin
2024-12-24 16:18:28,144 [INFO] PluginManager:220 - loadIPPluginJar : add plateformsettings
2024-12-24 16:18:28,147 [INFO] IPUIPlugin:80 - create IPUIPlugin
2024-12-24 16:18:28,148 [INFO] PluginManager:220 - loadIPPluginJar : add quadspi
2024-12-24 16:18:28,152 [INFO] IPUIPlugin:80 - create IPUIPlugin
2024-12-24 16:18:28,152 [INFO] PluginManager:220 - loadIPPluginJar : add resmgrutility
2024-12-24 16:18:28,156 [INFO] IPUIPlugin:80 - create IPUIPlugin
2024-12-24 16:18:28,156 [INFO] PluginManager:220 - loadIPPluginJar : add sai
2024-12-24 16:18:28,160 [INFO] IPUIPlugin:80 - create IPUIPlugin
2024-12-24 16:18:28,160 [INFO] PluginManager:220 - loadIPPluginJar : add spi
2024-12-24 16:18:28,166 [INFO] IPUIPlugin:80 - create IPUIPlugin
2024-12-24 16:18:28,166 [INFO] PluginManager:220 - loadIPPluginJar : add stm32_wpan
2024-12-24 16:18:28,168 [INFO] IPUIPlugin:80 - create IPUIPlugin
2024-12-24 16:18:28,168 [INFO] PluginManager:220 - loadIPPluginJar : add tim
2024-12-24 16:18:28,171 [INFO] IPUIPlugin:80 - create IPUIPlugin
2024-12-24 16:18:28,171 [INFO] PluginManager:220 - loadIPPluginJar : add touchsensing
2024-12-24 16:18:28,173 [INFO] IPUIPlugin:80 - create IPUIPlugin
2024-12-24 16:18:28,173 [INFO] PluginManager:220 - loadIPPluginJar : add tracer_emb
2024-12-24 16:18:28,176 [INFO] IPUIPlugin:80 - create IPUIPlugin
2024-12-24 16:18:28,176 [INFO] PluginManager:220 - loadIPPluginJar : add ts
2024-12-24 16:18:28,178 [INFO] IPUIPlugin:80 - create IPUIPlugin
2024-12-24 16:18:28,178 [INFO] PluginManager:220 - loadIPPluginJar : add tsc
2024-12-24 16:18:28,180 [INFO] IPUIPlugin:80 - create IPUIPlugin
2024-12-24 16:18:28,181 [INFO] PluginManager:220 - loadIPPluginJar : add ucpd
2024-12-24 16:18:28,183 [INFO] IPUIPlugin:80 - create IPUIPlugin
2024-12-24 16:18:28,183 [INFO] PluginManager:220 - loadIPPluginJar : add usart
2024-12-24 16:18:28,187 [INFO] IPUIPlugin:80 - create IPUIPlugin
2024-12-24 16:18:28,188 [INFO] PluginManager:220 - loadIPPluginJar : add usbx
2024-12-24 16:18:28,378 [INFO] CADModel:165 - CPN selected for project level
2024-12-24 16:18:28,378 [INFO] CADModel:114 - Register for checkConnection events
2024-12-24 16:18:28,379 [FATAL] Updater:308 - Updater called before beeing initialized
2024-12-24 16:18:28,379 [ERROR] CADModel:125 - Updater not yet initialized, retry later 
2024-12-24 16:18:28,558 [INFO] CADModel:165 - CPN selected for project level
2024-12-24 16:18:28,558 [INFO] CADModel:114 - Register for checkConnection events
2024-12-24 16:18:28,558 [FATAL] Updater:308 - Updater called before beeing initialized
2024-12-24 16:18:28,558 [ERROR] CADModel:125 - Updater not yet initialized, retry later 
2024-12-24 16:18:28,563 [FATAL] Updater:308 - Updater called before beeing initialized
2024-12-24 16:18:28,669 [FATAL] Updater:308 - Updater called before beeing initialized
2024-12-24 16:18:28,672 [INFO] DbMcusAds:53 - JSON generation date=Fri Sep 20 15:04:23 CEST 2024 (1726837463113)
2024-12-24 16:18:28,673 [FATAL] Updater:308 - Updater called before beeing initialized
2024-12-24 16:18:28,702 [WARN] DetailPanel:346 - Failed to get advertising image, set to default
2024-12-24 16:18:28,803 [FATAL] Updater:308 - Updater called before beeing initialized
2024-12-24 16:18:28,805 [FATAL] Updater:308 - Updater called before beeing initialized
2024-12-24 16:18:28,805 [FATAL] Updater:308 - Updater called before beeing initialized
2024-12-24 16:18:28,805 [WARN] DetailPanel:346 - Failed to get advertising image, set to default
2024-12-24 16:18:28,806 [FATAL] Updater:308 - Updater called before beeing initialized
2024-12-24 16:18:28,878 [ERROR] Updater:1120 - MainUpdater not yet initialized. External WinMGr cannot be set.
2024-12-24 16:18:28,882 [INFO] Updater:1056 - Updater Version found : 6.10.0
2024-12-24 16:18:28,908 [INFO] ApplicationProperties:184 - Using Application install path: C:\ST\STM32CubeIDE_1.14.1\STM32CubeIDE\plugins\com.st.stm32cube.common.mx_6.10.0.202311202037
2024-12-24 16:18:30,491 [ERROR] LogOutputStream:75 - [STDERR_REDIRECT] Dec 24, 2024 4:18:30 PM java.util.prefs.WindowsPreferences <init>
2024-12-24 16:18:30,492 [ERROR] LogOutputStream:75 - [STDERR_REDIRECT] WARNING: Could not open/create prefs root node Software\JavaSoft\Prefs at root 0xffffffff80000002. Windows RegCreateKeyEx(...) returned error code 5.
2024-12-24 16:18:30,492 [ERROR] LogOutputStream:75 - [STDERR_REDIRECT] 
2024-12-24 16:18:30,554 [INFO] ThirdPartyUpdaterWithRetryManager:70 - Updater plugin not ready yet. [2/15]
2024-12-24 16:18:30,723 [INFO] MainUpdater:2873 - connection check result : 10
2024-12-24 16:18:30,724 [INFO] MainUpdater:290 - Updater Check For Update Now.
2024-12-24 16:18:30,724 [INFO] MicroXplorer:498 - Change Database Version : DB.6.0.100
2024-12-24 16:18:30,732 [INFO] McuFinderGlobals:63 - Set McuFinder mode to 2 (CubeIDE integrated)
2024-12-24 16:18:30,876 [INFO] UserAuth:404 - Internet connection configuration mode: 1
2024-12-24 16:18:30,885 [INFO] JxBrowserEngine:152 - Initiate JxBrowser Engine with user profile folder
2024-12-24 16:18:30,914 [INFO] CheckServerUpdateThread:120 - End of CheckServer Thread
2024-12-24 16:18:31,420 [INFO] WebApp:161 - Instantiating new browser for Auth
2024-12-24 16:18:31,981 [INFO] WebApp:780 - Register for checkConnection events
2024-12-24 16:18:31,981 [INFO] WebApp:414 - Apply proxy settings
2024-12-24 16:18:31,981 [INFO] WebApp:499 - Chromium requires no authentication
2024-12-24 16:18:31,987 [INFO] WebApp:442 - Direct internet connection detected
2024-12-24 16:18:32,096 [INFO] WebApp:192 - Starting web application
2024-12-24 16:18:32,096 [INFO] WebApp:544 - Web application path used C:\ST\STM32CubeIDE_1.14.1\STM32CubeIDE\plugins\com.st.stm32cube.common.mx_6.10.0.202311202037\db\plugins\mcufinder\reactClient1\index.html
2024-12-24 16:18:33,784 [WARN] PackLoader:240 - Cannot read IP mode file for STMicroelectronics.FP-SNS-MOTENVWB1.1.4.0
2024-12-24 16:18:33,790 [WARN] PackLoader:240 - Cannot read IP mode file for STMicroelectronics.FP-ATR-ASTRA1.2.0.1
2024-12-24 16:18:33,809 [WARN] PackLoader:240 - Cannot read IP mode file for STMicroelectronics.X-CUBE-SMBUS.2.1.0
2024-12-24 16:18:33,815 [WARN] PackLoader:240 - Cannot read IP mode file for STMicroelectronics.X-CUBE-WB05N.1.1.0
2024-12-24 16:18:33,819 [WARN] PackLoader:240 - Cannot read IP mode file for STMicroelectronics.X-CUBE-TOUCHGFX.4.23.1
2024-12-24 16:18:33,821 [WARN] PackLoader:240 - Cannot read IP mode file for STMicroelectronics.X-CUBE-TOUCHGFX.4.23.0
2024-12-24 16:18:33,823 [WARN] PackLoader:240 - Cannot read IP mode file for STMicroelectronics.X-CUBE-TOUCHGFX.4.23.2
2024-12-24 16:18:33,848 [WARN] PackLoader:240 - Cannot read IP mode file for STMicroelectronics.X-CUBE-AZRTOS-F7.1.1.0
2024-12-24 16:18:33,869 [WARN] PackLoader:240 - Cannot read IP mode file for STMicroelectronics.FP-SNS-MOTENV1.4.3.2
2024-12-24 16:18:33,999 [WARN] PackLoader:240 - Cannot read IP mode file for STMicroelectronics.X-CUBE-MEMS1.11.0.0
2024-12-24 16:18:34,170 [WARN] PackLoader:240 - Cannot read IP mode file for STMicroelectronics.X-CUBE-BLE1.6.2.4
2024-12-24 16:18:34,176 [WARN] PackLoader:240 - Cannot read IP mode file for STMicroelectronics.FP-SNS-FLIGHT1.5.0.2
2024-12-24 16:18:34,185 [WARN] PackLoader:240 - Cannot read IP mode file for STMicroelectronics.X-CUBE-DISPLAY.3.0.0
2024-12-24 16:18:34,204 [WARN] PackLoader:240 - Cannot read IP mode file for STMicroelectronics.X-CUBE-BLE1.7.0.0
2024-12-24 16:18:34,211 [WARN] PackLoader:240 - Cannot read IP mode file for STMicroelectronics.X-CUBE-NFC10.1.0.0
2024-12-24 16:18:34,231 [WARN] PackLoader:240 - Cannot read IP mode file for STMicroelectronics.X-CUBE-BLEMGR.4.0.0
2024-12-24 16:18:34,243 [WARN] PackLoader:240 - Cannot read IP mode file for emotas.I-CUBE-CANOPEN.1.3.0
2024-12-24 16:18:34,256 [WARN] PackLoader:240 - Cannot read IP mode file for STMicroelectronics.X-CUBE-BLEMGR.3.1.0
2024-12-24 16:18:34,267 [WARN] PackLoader:240 - Cannot read IP mode file for STMicroelectronics.FP-SNS-SMARTAG2.1.2.0
2024-12-24 16:18:34,326 [WARN] PackLoader:240 - Cannot read IP mode file for STMicroelectronics.X-CUBE-MEMS1.11.1.0
2024-12-24 16:18:34,504 [INFO] LogOutputStream:77 - [STDOUT_REDIRECT] 1 : Invalid condition id : UX_CORESTACK_Condition cause : null
2024-12-24 16:18:34,505 [INFO] LogOutputStream:77 - [STDOUT_REDIRECT] 1 : Invalid condition id : UX_CORESTACK_Condition cause : null
2024-12-24 16:18:34,506 [INFO] LogOutputStream:77 - [STDOUT_REDIRECT] 1 : Invalid condition id : UX_CORESTACK_Condition cause : null
2024-12-24 16:18:34,507 [INFO] LogOutputStream:77 - [STDOUT_REDIRECT] 1 : Invalid condition id : UX_CORESTACK_Condition cause : null
2024-12-24 16:18:34,509 [INFO] LogOutputStream:77 - [STDOUT_REDIRECT] 1 : Invalid condition id : UX_CORESTACK_Condition cause : null
2024-12-24 16:18:34,512 [WARN] PackLoader:240 - Cannot read IP mode file for STMicroelectronics.X-CUBE-AZRTOS-WL.2.0.0
2024-12-24 16:18:34,518 [WARN] PackLoader:240 - Cannot read IP mode file for STMicroelectronics.FP-SNS-MOTENV1.5.0.0
2024-12-24 16:18:34,525 [WARN] PackLoader:240 - Cannot read IP mode file for wolfSSL.I-CUBE-wolfMQTT.1.19.0
2024-12-24 16:18:34,534 [WARN] PackLoader:240 - Cannot read IP mode file for WES.I-CUBE-Cesium.1.3.0
2024-12-24 16:18:34,539 [WARN] PackLoader:240 - Cannot read IP mode file for STMicroelectronics.X-CUBE-BLE2.3.3.0
2024-12-24 16:18:34,548 [WARN] PackLoader:240 - Cannot read IP mode file for STMicroelectronics.X-CUBE-NFC9.1.0.0
2024-12-24 16:18:34,556 [WARN] PackLoader:240 - Cannot read IP mode file for STMicroelectronics.X-CUBE-TCPP.4.1.0
2024-12-24 16:18:34,563 [WARN] PackLoader:240 - Cannot read IP mode file for STMicroelectronics.X-CUBE-TOUCHGFX.4.21.3
2024-12-24 16:18:34,571 [WARN] PackLoader:240 - Cannot read IP mode file for STMicroelectronics.X-CUBE-ALGOBUILD.1.3.0
2024-12-24 16:18:34,587 [WARN] PackLoader:240 - Cannot read IP mode file for STMicroelectronics.X-CUBE-AZRTOS-G0.1.1.0
2024-12-24 16:18:34,595 [WARN] PackLoader:240 - Cannot read IP mode file for STMicroelectronics.X-CUBE-SAFEA1.1.2.2
2024-12-24 16:18:34,601 [WARN] PackLoader:240 - Cannot read IP mode file for STMicroelectronics.X-CUBE-NFC4.3.0.0
2024-12-24 16:18:34,605 [WARN] PackLoader:240 - Cannot read IP mode file for wolfSSL.I-CUBE-wolfMQTT.1.18.0
2024-12-24 16:18:34,614 [WARN] PackLoader:240 - Cannot read IP mode file for EmbeddedOffice.I-CUBE-FS-RTOS.1.0.1
2024-12-24 16:18:34,615 [ERROR] ConditionMgr:805 - Attr not supported : Dmpu
2024-12-24 16:18:34,615 [ERROR] ConditionMgr:805 - Attr not supported : Dmpu
2024-12-24 16:18:34,615 [ERROR] ConditionMgr:805 - Attr not supported : Dmpu
2024-12-24 16:18:34,615 [ERROR] ConditionMgr:805 - Attr not supported : Dmpu
2024-12-24 16:18:34,615 [ERROR] ConditionMgr:805 - Attr not supported : Dmpu
2024-12-24 16:18:34,615 [ERROR] ConditionMgr:805 - Attr not supported : Dmpu
2024-12-24 16:18:34,615 [ERROR] ConditionMgr:805 - Attr not supported : Dmpu
2024-12-24 16:18:34,615 [ERROR] ConditionMgr:805 - Attr not supported : Dmpu
2024-12-24 16:18:34,615 [ERROR] ConditionMgr:805 - Attr not supported : Dmpu
2024-12-24 16:18:34,615 [ERROR] ConditionMgr:805 - Attr not supported : Dmpu
2024-12-24 16:18:34,615 [ERROR] ConditionMgr:805 - Attr not supported : Dmpu
2024-12-24 16:18:34,615 [ERROR] ConditionMgr:805 - Attr not supported : Dmpu
2024-12-24 16:18:34,615 [ERROR] ConditionMgr:805 - Attr not supported : Dmpu
2024-12-24 16:18:34,615 [ERROR] ConditionMgr:805 - Attr not supported : Dmpu
2024-12-24 16:18:34,615 [ERROR] ConditionMgr:805 - Attr not supported : Dmpu
2024-12-24 16:18:34,615 [ERROR] ConditionMgr:805 - Attr not supported : Dmpu
2024-12-24 16:18:34,616 [ERROR] ConditionMgr:805 - Attr not supported : Dmpu
2024-12-24 16:18:34,616 [ERROR] ConditionMgr:805 - Attr not supported : Dmpu
2024-12-24 16:18:34,616 [ERROR] ConditionMgr:805 - Attr not supported : Dmpu
2024-12-24 16:18:34,616 [ERROR] ConditionMgr:805 - Attr not supported : Dmpu
2024-12-24 16:18:34,616 [ERROR] ConditionMgr:805 - Attr not supported : Dmpu
2024-12-24 16:18:34,616 [ERROR] ConditionMgr:805 - Attr not supported : Dmpu
2024-12-24 16:18:34,616 [ERROR] ConditionMgr:805 - Attr not supported : Dmpu
2024-12-24 16:18:34,616 [ERROR] ConditionMgr:805 - Attr not supported : Dmpu
2024-12-24 16:18:34,616 [ERROR] ConditionMgr:805 - Attr not supported : Dmpu
2024-12-24 16:18:34,616 [ERROR] ConditionMgr:805 - Attr not supported : Dmpu
2024-12-24 16:18:34,616 [ERROR] ConditionMgr:805 - Attr not supported : Dmpu
2024-12-24 16:18:34,616 [ERROR] ConditionMgr:805 - Attr not supported : Dmpu
2024-12-24 16:18:34,616 [ERROR] ConditionMgr:805 - Attr not supported : Dmpu
2024-12-24 16:18:34,616 [ERROR] ConditionMgr:805 - Attr not supported : Dmpu
2024-12-24 16:18:34,616 [ERROR] ConditionMgr:805 - Attr not supported : Dmpu
2024-12-24 16:18:34,616 [ERROR] ConditionMgr:805 - Attr not supported : Dmpu
2024-12-24 16:18:34,616 [ERROR] ConditionMgr:805 - Attr not supported : Dmpu
2024-12-24 16:18:34,616 [ERROR] ConditionMgr:805 - Attr not supported : Dmpu
2024-12-24 16:18:34,616 [ERROR] ConditionMgr:805 - Attr not supported : Dmpu
2024-12-24 16:18:34,616 [ERROR] ConditionMgr:805 - Attr not supported : Dmpu
2024-12-24 16:18:34,616 [ERROR] ConditionMgr:805 - Attr not supported : Dmpu
2024-12-24 16:18:34,616 [ERROR] ConditionMgr:805 - Attr not supported : Dmpu
2024-12-24 16:18:34,616 [ERROR] ConditionMgr:805 - Attr not supported : Dmpu
2024-12-24 16:18:34,616 [ERROR] ConditionMgr:805 - Attr not supported : Dmpu
2024-12-24 16:18:34,616 [ERROR] ConditionMgr:805 - Attr not supported : Dmpu
2024-12-24 16:18:34,617 [ERROR] ConditionMgr:805 - Attr not supported : Dmpu
2024-12-24 16:18:34,617 [ERROR] ConditionMgr:805 - Attr not supported : Dmpu
2024-12-24 16:18:34,617 [ERROR] ConditionMgr:805 - Attr not supported : Dmpu
2024-12-24 16:18:34,617 [ERROR] ConditionMgr:805 - Attr not supported : Dmpu
2024-12-24 16:18:34,617 [ERROR] ConditionMgr:805 - Attr not supported : Dmpu
2024-12-24 16:18:34,617 [ERROR] ConditionMgr:805 - Attr not supported : Dmpu
2024-12-24 16:18:34,617 [ERROR] ConditionMgr:805 - Attr not supported : Dmpu
2024-12-24 16:18:34,617 [ERROR] ConditionMgr:805 - Attr not supported : Dmpu
2024-12-24 16:18:34,617 [ERROR] ConditionMgr:805 - Attr not supported : Dmpu
2024-12-24 16:18:34,617 [ERROR] ConditionMgr:805 - Attr not supported : Dmpu
2024-12-24 16:18:34,617 [ERROR] ConditionMgr:805 - Attr not supported : Dmpu
2024-12-24 16:18:34,617 [ERROR] ConditionMgr:805 - Attr not supported : Dmpu
2024-12-24 16:18:34,617 [ERROR] ConditionMgr:805 - Attr not supported : Dmpu
2024-12-24 16:18:34,617 [ERROR] ConditionMgr:805 - Attr not supported : Dmpu
2024-12-24 16:18:34,617 [ERROR] ConditionMgr:805 - Attr not supported : Dmpu
2024-12-24 16:18:34,617 [ERROR] ConditionMgr:805 - Attr not supported : Dmpu
2024-12-24 16:18:34,617 [ERROR] ConditionMgr:805 - Attr not supported : Dmpu
2024-12-24 16:18:34,617 [ERROR] ConditionMgr:805 - Attr not supported : Dmpu
2024-12-24 16:18:34,617 [ERROR] ConditionMgr:805 - Attr not supported : Dmpu
2024-12-24 16:18:34,617 [ERROR] ConditionMgr:805 - Attr not supported : Dmpu
2024-12-24 16:18:34,617 [ERROR] ConditionMgr:805 - Attr not supported : Dmpu
2024-12-24 16:18:34,617 [ERROR] ConditionMgr:805 - Attr not supported : Dmpu
2024-12-24 16:18:34,617 [ERROR] ConditionMgr:805 - Attr not supported : Dmpu
2024-12-24 16:18:34,626 [WARN] PackLoader:240 - Cannot read IP mode file for STMicroelectronics.X-CUBE-BLEMGR.3.0.0
2024-12-24 16:18:34,632 [ERROR] Engine:466 - C:\Users\ahmed\.stm32cubemx\thirdparties\pdsc\STMicroelectronics.X-CUBE-TCPP.4.2.0.pdsc: PDSC version is not supported
2024-12-24 16:18:34,639 [WARN] PackLoader:240 - Cannot read IP mode file for RealThread.X-CUBE-RT-Thread_Nano.4.1.1
2024-12-24 16:18:34,647 [WARN] PackLoader:240 - Cannot read IP mode file for STMicroelectronics.FP-ATR-SIGFOX1.3.2.0
2024-12-24 16:18:34,653 [WARN] ConditionMgr:438 - getConditionDescription Invalid condition id : Cortex-A Device cause : null
2024-12-24 16:18:34,671 [WARN] ConditionMgr:1039 - genDependencies : Invalid condition id : Cortex-A Device cause : null
2024-12-24 16:18:34,672 [WARN] ConditionMgr:1039 - genDependencies : Invalid condition id : Cortex-A Device cause : null
2024-12-24 16:18:34,672 [WARN] ConditionMgr:1039 - genDependencies : Invalid condition id : Cortex-A Device cause : null
2024-12-24 16:18:34,678 [WARN] PackLoader:240 - Cannot read IP mode file for STMicroelectronics.X-CUBE-EEPRMA1.5.1.0
2024-12-24 16:18:34,726 [WARN] PackLoader:240 - Cannot read IP mode file for STMicroelectronics.X-CUBE-MEMS1.9.5.0
2024-12-24 16:18:34,897 [WARN] PackLoader:240 - Cannot read IP mode file for SEGGER.I-CUBE-embOS.1.3.1
2024-12-24 16:18:34,944 [WARN] PackLoader:240 - Cannot read IP mode file for STMicroelectronics.X-CUBE-ALGOBUILD.1.4.0
2024-12-24 16:18:34,950 [WARN] PackLoader:240 - Cannot read IP mode file for STMicroelectronics.X-CUBE-AI.9.1.0
2024-12-24 16:18:34,956 [WARN] PackLoader:240 - Cannot read IP mode file for STMicroelectronics.X-CUBE-GNSS1.6.0.0
2024-12-24 16:18:34,975 [WARN] PackLoader:240 - Cannot read IP mode file for STMicroelectronics.X-CUBE-AZRTOS-F4.1.1.0
2024-12-24 16:18:34,985 [WARN] PackLoader:240 - Cannot read IP mode file for wolfSSL.I-CUBE-wolfSSL.5.6.0
2024-12-24 16:18:34,989 [WARN] PackLoader:240 - Cannot read IP mode file for STMicroelectronics.X-CUBE-ISPU.2.1.0
2024-12-24 16:18:34,999 [WARN] PackLoader:240 - Cannot read IP mode file for STMicroelectronics.X-CUBE-FREERTOS.1.2.0
2024-12-24 16:18:35,017 [WARN] PackLoader:240 - Cannot read IP mode file for wolfSSL.I-CUBE-wolfSSL.5.6.6
2024-12-24 16:18:35,040 [WARN] PackLoader:240 - Cannot read IP mode file for STMicroelectronics.X-CUBE-AZRTOS-L5.2.0.0
2024-12-24 16:18:35,057 [WARN] PackLoader:240 - Cannot read IP mode file for STMicroelectronics.X-CUBE-EEPRMA1.4.2.0
2024-12-24 16:18:35,074 [WARN] PackLoader:240 - Cannot read IP mode file for STMicroelectronics.X-CUBE-NFC6.3.1.0
2024-12-24 16:18:35,086 [WARN] PackLoader:240 - Cannot read IP mode file for ITTIA_DB.I-CUBE-ITTIADB.8.8.0
2024-12-24 16:18:35,093 [WARN] PackLoader:240 - Cannot read IP mode file for emotas.I-CUBE-CANOPEN.1.1.3
2024-12-24 16:18:35,105 [WARN] PackLoader:240 - Cannot read IP mode file for STMicroelectronics.X-CUBE-BLEMGR.2.0.0
2024-12-24 16:18:35,118 [WARN] PackLoader:240 - Cannot read IP mode file for STMicroelectronics.X-CUBE-DPower.1.2.0
2024-12-24 16:18:35,123 [WARN] PackLoader:240 - Cannot read IP mode file for STMicroelectronics.X-CUBE-AI.9.0.0
2024-12-24 16:18:35,151 [WARN] ConditionMgr:438 - getConditionDescription Invalid condition id : UX DEVICE CLASS RTOS Condition cause : null
2024-12-24 16:18:35,152 [WARN] ConditionMgr:438 - getConditionDescription Invalid condition id : UX DEVICE CLASS RTOS Condition cause : null
2024-12-24 16:18:35,155 [WARN] PackLoader:240 - Cannot read IP mode file for STMicroelectronics.X-CUBE-AZRTOS-H7.3.1.0
2024-12-24 16:18:35,156 [WARN] ConditionMgr:1039 - genDependencies : Invalid condition id : UX DEVICE CLASS RTOS Condition cause : null
2024-12-24 16:18:35,157 [WARN] ConditionMgr:1039 - genDependencies : Invalid condition id : UX DEVICE CLASS RTOS Condition cause : null
2024-12-24 16:18:35,158 [WARN] ConditionMgr:1039 - genDependencies : Invalid condition id : UX DEVICE CLASS RTOS Condition cause : null
2024-12-24 16:18:35,158 [WARN] ConditionMgr:1039 - genDependencies : Invalid condition id : UX DEVICE CLASS RTOS Condition cause : null
2024-12-24 16:18:35,158 [WARN] ConditionMgr:1039 - genDependencies : Invalid condition id : UX DEVICE CLASS RTOS Condition cause : null
2024-12-24 16:18:35,169 [WARN] PackLoader:240 - Cannot read IP mode file for STMicroelectronics.X-CUBE-FREERTOS.1.3.0
2024-12-24 16:18:35,176 [WARN] PackLoader:240 - Cannot read IP mode file for STMicroelectronics.X-CUBE-NFC7.1.0.1
2024-12-24 16:18:35,191 [WARN] PackLoader:240 - Cannot read IP mode file for STMicroelectronics.X-CUBE-NFC7.1.0.0
2024-12-24 16:18:35,201 [WARN] PackLoader:240 - Cannot read IP mode file for wolfSSL.I-CUBE-wolfTPM.3.2.0
2024-12-24 16:18:35,209 [WARN] PackLoader:240 - Cannot read IP mode file for STMicroelectronics.X-CUBE-NFC6.3.0.0
2024-12-24 16:18:35,220 [WARN] PackLoader:240 - Cannot read IP mode file for STMicroelectronics.X-CUBE-EEPRMA1.4.1.0
2024-12-24 16:18:35,225 [WARN] PackLoader:240 - Cannot read IP mode file for STMicroelectronics.X-CUBE-AI.8.1.0
2024-12-24 16:18:35,243 [WARN] ConditionMgr:438 - getConditionDescription Invalid condition id : LAN8742 Phy interface Condition cause : null
2024-12-24 16:18:35,244 [WARN] PackLoader:240 - Cannot read IP mode file for STMicroelectronics.X-CUBE-AZRTOS-L4.2.0.0
2024-12-24 16:18:35,245 [WARN] ConditionMgr:1039 - genDependencies : Invalid condition id : LAN8742 Phy interface Condition cause : null
2024-12-24 16:18:35,246 [WARN] ConditionMgr:1039 - genDependencies : Invalid condition id : LAN8742 Phy interface Condition cause : null
2024-12-24 16:18:35,248 [WARN] ConditionMgr:1039 - genDependencies : Invalid condition id : LAN8742 Phy interface Condition cause : null
2024-12-24 16:18:35,258 [WARN] PackLoader:240 - Cannot read IP mode file for STMicroelectronics.X-CUBE-SFXS2LP1.4.0.0
2024-12-24 16:18:35,268 [WARN] PackLoader:240 - Cannot read IP mode file for STMicroelectronics.X-CUBE-ISPU.1.1.0
2024-12-24 16:18:35,288 [WARN] PackLoader:240 - Cannot read IP mode file for STMicroelectronics.X-CUBE-AZRTOS-H7.3.3.0
2024-12-24 16:18:35,297 [WARN] PackLoader:240 - Cannot read IP mode file for STMicroelectronics.X-CUBE-AI.8.0.0
2024-12-24 16:18:35,310 [WARN] PackLoader:240 - Cannot read IP mode file for STMicroelectronics.X-CUBE-IPS.3.0.0
2024-12-24 16:18:35,329 [WARN] ConditionMgr:438 - getConditionDescription Invalid condition id : UX DEVICE CLASS RTOS Condition cause : null
2024-12-24 16:18:35,330 [WARN] ConditionMgr:438 - getConditionDescription Invalid condition id : UX DEVICE CLASS RTOS Condition cause : null
2024-12-24 16:18:35,334 [WARN] PackLoader:240 - Cannot read IP mode file for STMicroelectronics.X-CUBE-AZRTOS-WB.2.0.0
2024-12-24 16:18:35,334 [WARN] ConditionMgr:1039 - genDependencies : Invalid condition id : UX DEVICE CLASS RTOS Condition cause : null
2024-12-24 16:18:35,334 [WARN] ConditionMgr:1039 - genDependencies : Invalid condition id : UX DEVICE CLASS RTOS Condition cause : null
2024-12-24 16:18:35,335 [WARN] ConditionMgr:1039 - genDependencies : Invalid condition id : UX DEVICE CLASS RTOS Condition cause : null
2024-12-24 16:18:35,335 [WARN] ConditionMgr:1039 - genDependencies : Invalid condition id : UX DEVICE CLASS RTOS Condition cause : null
2024-12-24 16:18:35,335 [WARN] ConditionMgr:1039 - genDependencies : Invalid condition id : UX DEVICE CLASS RTOS Condition cause : null
2024-12-24 16:18:35,344 [WARN] PackLoader:240 - Cannot read IP mode file for STMicroelectronics.X-CUBE-FREERTOS.1.0.1
2024-12-24 16:18:35,350 [WARN] PackLoader:240 - Cannot read IP mode file for STMicroelectronics.X-CUBE-GNSS1.7.0.0
2024-12-24 16:18:35,358 [WARN] PackLoader:240 - Cannot read IP mode file for STMicroelectronics.X-CUBE-GNSS1.7.0.1
2024-12-24 16:18:35,369 [WARN] PackLoader:240 - Cannot read IP mode file for STMicroelectronics.FP-SNS-STBOX1.2.0.0
2024-12-24 16:18:35,386 [WARN] PackLoader:240 - Cannot read IP mode file for STMicroelectronics.X-CUBE-AZRTOS-L5.1.1.0
2024-12-24 16:18:35,398 [WARN] PackLoader:240 - Cannot read IP mode file for STMicroelectronics.X-CUBE-SUBG2.5.0.0
2024-12-24 16:18:35,418 [WARN] PackLoader:240 - Cannot read IP mode file for STMicroelectronics.X-CUBE-AZRTOS-G4.2.0.0
2024-12-24 16:18:35,427 [WARN] PackLoader:240 - Cannot read IP mode file for STMicroelectronics.X-CUBE-TOF1.3.3.0
2024-12-24 16:18:35,449 [WARN] PackLoader:240 - Cannot read IP mode file for Infineon.AIROC-Wi-Fi-Bluetooth-STM32.1.5.1
2024-12-24 16:18:35,455 [WARN] PackLoader:240 - Cannot read IP mode file for STMicroelectronics.FP-SNS-MOTENVWB1.1.3.1
2024-12-24 16:18:35,469 [WARN] PackLoader:240 - Cannot read IP mode file for STMicroelectronics.X-CUBE-AZRTOS-G4.1.0.0
2024-12-24 16:18:35,483 [WARN] PackLoader:240 - Cannot read IP mode file for STMicroelectronics.X-CUBE-AZRTOS-L4.1.0.0
2024-12-24 16:18:35,487 [WARN] PackLoader:240 - Cannot read IP mode file for STMicroelectronics.X-CUBE-ISPU.2.0.0
2024-12-24 16:18:35,492 [WARN] PackLoader:240 - Cannot read IP mode file for STMicroelectronics.X-CUBE-ALS.1.0.2
2024-12-24 16:18:35,535 [WARN] PackLoader:240 - Cannot read IP mode file for STMicroelectronics.X-CUBE-MEMS1.10.0.0
2024-12-24 16:18:35,647 [WARN] PackLoader:240 - Cannot read IP mode file for STMicroelectronics.X-CUBE-FREERTOS.1.1.0
2024-12-24 16:18:35,652 [WARN] PackLoader:240 - Cannot read IP mode file for STMicroelectronics.X-CUBE-TOUCHGFX.4.24.0
2024-12-24 16:18:35,664 [WARN] PackLoader:240 - Cannot read IP mode file for STMicroelectronics.X-CUBE-AZRTOS-WL.1.0.0
2024-12-24 16:18:35,668 [WARN] PackLoader:240 - Cannot read IP mode file for STMicroelectronics.X-CUBE-TOUCHGFX.4.24.1
2024-12-24 16:18:35,675 [WARN] PackLoader:240 - Cannot read IP mode file for portGmbH.I-Cube-SoM-uGOAL.1.1.0
2024-12-24 16:18:35,682 [WARN] PackLoader:240 - Cannot read IP mode file for STMicroelectronics.X-CUBE-ALS.1.0.1
2024-12-24 16:18:35,697 [WARN] PackLoader:240 - Cannot read IP mode file for STMicroelectronics.X-CUBE-AZRTOS-WB.1.1.0
2024-12-24 16:18:35,718 [WARN] PackLoader:240 - Cannot read IP mode file for STMicroelectronics.X-CUBE-AZRTOS-H7RS.1.0.0
2024-12-24 16:18:35,725 [WARN] PackLoader:240 - Cannot read IP mode file for STMicroelectronics.FP-ATR-ASTRA1.2.0.0
2024-12-24 16:18:35,736 [WARN] PackLoader:240 - Cannot read IP mode file for STMicroelectronics.X-CUBE-TOF1.3.4.2
2024-12-24 16:18:35,755 [WARN] PackLoader:240 - Cannot read IP mode file for STMicroelectronics.X-CUBE-TOF1.3.4.0
2024-12-24 16:18:35,773 [WARN] PackLoader:240 - Cannot read IP mode file for STMicroelectronics.X-CUBE-TOF1.3.4.1
2024-12-24 16:18:35,804 [WARN] PackLoader:240 - Cannot read IP mode file for STMicroelectronics.X-CUBE-AZRTOS-H7.3.2.0
2024-12-24 16:18:35,815 [WARN] PackLoader:240 - Cannot read IP mode file for wolfSSL.I-CUBE-wolfSSH.1.4.17
2024-12-24 16:18:35,816 [INFO] ThirdParty:978 - Integrity check success = true
2024-12-24 16:18:35,816 [INFO] IntegrityCheckThread:100 - exiting critical section [integrity check]
2024-12-24 16:18:35,817 [INFO] IntegrityCheckThread:103 - End integrity checks thread
2024-12-24 16:18:52,687 [ERROR] LogOutputStream:75 - [STDERR_REDIRECT] SLF4J: Failed to load class "org.slf4j.impl.StaticLoggerBinder".
2024-12-24 16:18:52,688 [ERROR] LogOutputStream:75 - [STDERR_REDIRECT] SLF4J: Defaulting to no-operation (NOP) logger implementation
2024-12-24 16:18:52,690 [ERROR] LogOutputStream:75 - [STDERR_REDIRECT] SLF4J: See http://www.slf4j.org/codes.html#StaticLoggerBinder for further details.
2024-12-24 16:21:27,458 [ERROR] ConfigurationRetriever:142 - IOException on connection: Connect timed out
2024-12-24 16:21:29,460 [ERROR] ConfigurationRetriever:142 - IOException on connection: Connect timed out
