2025-06-11 04:46:48,359 [INFO] Activator:176 - 


2025-06-11 04:46:48,373 [INFO] Activator:177 - !SESSION log4j initialized
2025-06-11 04:47:03,267 [INFO] LogOutputStream:77 - [STDOUT_REDIRECT] 
2025-06-11 04:47:33,266 [INFO] ApplicationProperties:184 - Using Application install path: C:\ST\STM32CubeIDE_1.14.1\STM32CubeIDE\plugins\com.st.stm32cube.common.mx_6.10.0.202311202037
2025-06-11 04:47:33,311 [INFO] DbMcusXml:78 - Set database path to: C:\ST\STM32CubeIDE_1.14.1\STM32CubeIDE\plugins\com.st.stm32cube.common.mx_6.10.0.202311202037\\db\/mcu/
2025-06-11 04:47:33,312 [INFO] ApiDb:274 - Set plugin database path to: C:\ST\STM32CubeIDE_1.14.1\STM32CubeIDE\plugins\com.st.stm32cube.common.mx_6.10.0.202311202037\\db\/plugins/boardmanager/
2025-06-11 04:47:33,313 [WARN] ApiDb:259 - Overriding images path with different value:  => C:\ST\STM32CubeIDE_1.14.1\STM32CubeIDE\plugins\com.st.stm32cube.common.mx_6.10.0.202311202037\\db\/plugins/mcufinder/images/
2025-06-11 04:47:33,335 [INFO] ApiDb:250 - Set database path to: C:\Users\ahmed\.stmcufinder\plugins\mcufinder//mcu/
2025-06-11 04:47:33,338 [INFO] DbMcusAds:125 - Set database path to: C:\Users\ahmed\.stmcufinder\plugins\mcufinder//mcu/
2025-06-11 04:47:33,348 [INFO] CrossReferenceDbSqlite:203 - Set database path to: C:\Users\ahmed\.stmcufinder\plugins\mcufinder//mcu/cs/
2025-06-11 04:47:33,712 [INFO] RulesReader:64 - Compatibility file has been processed (297 Rules)
2025-06-11 04:47:33,906 [INFO] DbMcusXml:78 - Set database path to: C:\ST\STM32CubeIDE_1.14.1\STM32CubeIDE\plugins\com.st.stm32cube.common.mx_6.10.0.202311202037\\db\/mcu/
2025-06-11 04:47:33,906 [INFO] ApiDb:274 - Set plugin database path to: C:\ST\STM32CubeIDE_1.14.1\STM32CubeIDE\plugins\com.st.stm32cube.common.mx_6.10.0.202311202037\\db\/plugins/boardmanager/
2025-06-11 04:47:33,906 [INFO] ApiDb:261 - Set plugin images path to: C:\ST\STM32CubeIDE_1.14.1\STM32CubeIDE\plugins\com.st.stm32cube.common.mx_6.10.0.202311202037\\db\/plugins/mcufinder/images/
2025-06-11 04:47:33,906 [WARN] DbFile:41 - Overriding database path with different value: C:\Users\ahmed\.stmcufinder\plugins\mcufinder/ => C:\Users\ahmed\.stmcufinder\plugins\mcufinder
2025-06-11 04:47:33,908 [INFO] ApiDb:250 - Set database path to: C:\Users\ahmed\.stmcufinder\plugins\mcufinder//mcu/
2025-06-11 04:47:33,908 [WARN] DbFile:41 - Overriding database path with different value: C:\Users\ahmed\.stmcufinder\plugins\mcufinder/ => C:\Users\ahmed\.stmcufinder\plugins\mcufinder
2025-06-11 04:47:33,908 [INFO] DbMcusAds:125 - Set database path to: C:\Users\ahmed\.stmcufinder\plugins\mcufinder//mcu/
2025-06-11 04:47:33,908 [WARN] DbFile:41 - Overriding database path with different value: C:\Users\ahmed\.stmcufinder\plugins\mcufinder/ => C:\Users\ahmed\.stmcufinder\plugins\mcufinder
2025-06-11 04:47:33,908 [WARN] DbFile:41 - Overriding database path with different value: C:\Users\ahmed\.stmcufinder\plugins\mcufinder/ => C:\Users\ahmed\.stmcufinder\plugins\mcufinder
2025-06-11 04:47:33,908 [INFO] CrossReferenceDbSqlite:203 - Set database path to: C:\Users\ahmed\.stmcufinder\plugins\mcufinder//mcu/cs/
2025-06-11 04:47:34,070 [INFO] MainPanel:264 - HeapMemory: 268435456
2025-06-11 04:47:34,273 [INFO] DbMcusXml:78 - Set database path to: C:\ST\STM32CubeIDE_1.14.1\STM32CubeIDE\plugins\com.st.stm32cube.common.mx_6.10.0.202311202037\\db\/mcu/
2025-06-11 04:47:34,273 [INFO] ApiDb:274 - Set plugin database path to: C:\ST\STM32CubeIDE_1.14.1\STM32CubeIDE\plugins\com.st.stm32cube.common.mx_6.10.0.202311202037\\db\/plugins/boardmanager/
2025-06-11 04:47:34,273 [INFO] ApiDb:261 - Set plugin images path to: C:\ST\STM32CubeIDE_1.14.1\STM32CubeIDE\plugins\com.st.stm32cube.common.mx_6.10.0.202311202037\\db\/plugins/mcufinder/images/
2025-06-11 04:47:34,274 [WARN] DbFile:41 - Overriding database path with different value: C:\Users\ahmed\.stmcufinder\plugins\mcufinder/ => C:\Users\ahmed\.stmcufinder\plugins\mcufinder
2025-06-11 04:47:34,274 [INFO] ApiDb:250 - Set database path to: C:\Users\ahmed\.stmcufinder\plugins\mcufinder//mcu/
2025-06-11 04:47:34,275 [WARN] DbFile:41 - Overriding database path with different value: C:\Users\ahmed\.stmcufinder\plugins\mcufinder/ => C:\Users\ahmed\.stmcufinder\plugins\mcufinder
2025-06-11 04:47:34,275 [INFO] DbMcusAds:125 - Set database path to: C:\Users\ahmed\.stmcufinder\plugins\mcufinder//mcu/
2025-06-11 04:47:34,275 [WARN] DbFile:41 - Overriding database path with different value: C:\Users\ahmed\.stmcufinder\plugins\mcufinder/ => C:\Users\ahmed\.stmcufinder\plugins\mcufinder
2025-06-11 04:47:34,275 [WARN] DbFile:41 - Overriding database path with different value: C:\Users\ahmed\.stmcufinder\plugins\mcufinder/ => C:\Users\ahmed\.stmcufinder\plugins\mcufinder
2025-06-11 04:47:34,275 [INFO] CrossReferenceDbSqlite:203 - Set database path to: C:\Users\ahmed\.stmcufinder\plugins\mcufinder//mcu/cs/
2025-06-11 04:47:34,316 [INFO] ApplicationProperties:184 - Using Application install path: C:\ST\STM32CubeIDE_1.14.1\STM32CubeIDE\plugins\com.st.stm32cube.common.mx_6.10.0.202311202037
2025-06-11 04:47:34,319 [INFO] PluginManage:196 - Search for loadable plugins [exclusion list=, ]
2025-06-11 04:47:34,322 [INFO] PluginManage:310 - Check plugin analytics
2025-06-11 04:47:34,834 [INFO] AnalyticsPlugin:253 - Accepted Software Licenses: 
2025-06-11 04:47:34,834 [INFO] AnalyticsPlugin:255 - Accepted CMSIS Pack Licenses: 
2025-06-11 04:47:34,834 [INFO] AnalyticsPlugin:257 - Accepted Firmware Licenses: FW.F4.1.28.0,FW.F4.1.27.0
2025-06-11 04:47:34,840 [INFO] PluginManage:359 - Loaded plugin analytics (category:tool,tabindex:-1)
2025-06-11 04:47:34,841 [INFO] PluginManage:310 - Check plugin cadmodel
2025-06-11 04:47:34,891 [INFO] CADModel:105 - Init CAD model plugin
2025-06-11 04:47:34,892 [INFO] PluginManage:359 - Loaded plugin cadmodel (category:power,tabindex:5)
2025-06-11 04:47:34,892 [INFO] PluginManage:310 - Check plugin clock
2025-06-11 04:47:34,952 [INFO] PluginManage:359 - Loaded plugin clock (category:base,tabindex:2)
2025-06-11 04:47:34,952 [INFO] PluginManage:310 - Check plugin ddr
2025-06-11 04:47:34,957 [INFO] PluginManage:359 - Loaded plugin ddr (category:tool,tabindex:6)
2025-06-11 04:47:34,957 [INFO] PluginManage:310 - Check plugin filemanager
2025-06-11 04:47:35,262 [INFO] PluginManage:359 - Loaded plugin filemanager (category:base,tabindex:10)
2025-06-11 04:47:35,263 [INFO] PluginManage:310 - Check plugin ipmanager
2025-06-11 04:47:35,279 [INFO] PluginManage:359 - Loaded plugin ipmanager (category:base,tabindex:5)
2025-06-11 04:47:35,280 [INFO] PluginManage:310 - Check plugin lpbam
2025-06-11 04:47:35,323 [INFO] PluginManage:359 - Loaded plugin lpbam (category:base,tabindex:0)
2025-06-11 04:47:35,324 [INFO] PluginManage:310 - Check plugin memorymap
2025-06-11 04:47:35,378 [INFO] PluginManage:359 - Loaded plugin memorymap (category:base,tabindex:4)
2025-06-11 04:47:35,378 [INFO] PluginManage:310 - Check plugin pinoutandconfiguration
2025-06-11 04:47:35,415 [INFO] PluginManage:359 - Loaded plugin pinoutandconfiguration (category:base,tabindex:1)
2025-06-11 04:47:35,416 [INFO] PluginManage:310 - Check plugin pinoutconfig
2025-06-11 04:47:35,596 [WARN] SupportedApi:132 - Cannot load RTOS API schema: s4s-elt-must-match.1: The content of 'definitions' must match (annotation?, (simpleType | complexType)?, (unique | key | keyref)*)). A problem was found starting at: attribute.
2025-06-11 04:47:35,860 [INFO] PluginManage:359 - Loaded plugin pinoutconfig (category:base,tabindex:0)
2025-06-11 04:47:35,860 [INFO] PluginManage:310 - Check plugin power
2025-06-11 04:47:35,911 [INFO] PluginManage:359 - Loaded plugin power (category:power,tabindex:4)
2025-06-11 04:47:35,911 [INFO] PluginManage:310 - Check plugin projectmanager
2025-06-11 04:47:35,942 [INFO] PluginManage:359 - Loaded plugin projectmanager (category:projectmanager,tabindex:3)
2025-06-11 04:47:35,942 [INFO] PluginManage:310 - Check plugin thirdparty
2025-06-11 04:47:36,610 [INFO] PluginManage:359 - Loaded plugin thirdparty (category:base,tabindex:-1)
2025-06-11 04:47:36,610 [WARN] IntegrityCheckThread:84 - waiting for thirdparty lock release [integrity check]
2025-06-11 04:47:36,610 [INFO] PluginManage:310 - Check plugin tools
2025-06-11 04:47:36,611 [INFO] IntegrityCheckThread:86 - entering critical section [integrity check]
2025-06-11 04:47:36,611 [INFO] ThirdPartyUpdaterWithRetryManager:70 - Updater plugin not ready yet. [1/15]
2025-06-11 04:47:36,734 [INFO] PluginManage:359 - Loaded plugin tools (category:base,tabindex:7)
2025-06-11 04:47:36,734 [INFO] PluginManage:310 - Check plugin tutovideos
2025-06-11 04:47:37,244 [INFO] PluginManage:359 - Loaded plugin tutovideos (category:base,tabindex:-1)
2025-06-11 04:47:37,244 [INFO] PluginManage:310 - Check plugin updater
2025-06-11 04:47:37,271 [INFO] PluginManage:359 - Loaded plugin updater (category:base,tabindex:12)
2025-06-11 04:47:37,272 [INFO] PluginManage:310 - Check plugin userauth
2025-06-11 04:47:37,284 [INFO] UserAuth:114 - Init User Auth plugin
2025-06-11 04:47:37,284 [INFO] PluginManage:359 - Loaded plugin userauth (category:base,tabindex:14)
2025-06-11 04:47:37,285 [INFO] PluginManage:283 - PluginManage : Loaded plugins [17]
2025-06-11 04:47:37,757 [INFO] PinOutPanel:1499 - setPackage(No Configuration,No Configuration)
2025-06-11 04:47:37,920 [INFO] CADModel:165 - CPN selected for project level
2025-06-11 04:47:37,920 [INFO] CADModel:114 - Register for checkConnection events
2025-06-11 04:47:37,983 [INFO] IPUIPlugin:80 - create IPUIPlugin
2025-06-11 04:47:37,984 [INFO] PluginManager:220 - loadIPPluginJar : add adc
2025-06-11 04:47:38,077 [INFO] IPUIPlugin:80 - create IPUIPlugin
2025-06-11 04:47:38,077 [INFO] PluginManager:220 - loadIPPluginJar : add aes
2025-06-11 04:47:38,173 [INFO] IPUIPlugin:80 - create IPUIPlugin
2025-06-11 04:47:38,173 [INFO] PluginManager:220 - loadIPPluginJar : add can
2025-06-11 04:47:38,226 [INFO] IPUIPlugin:80 - create IPUIPlugin
2025-06-11 04:47:38,226 [INFO] PluginManager:220 - loadIPPluginJar : add comp
2025-06-11 04:47:38,307 [INFO] IPUIPlugin:80 - create IPUIPlugin
2025-06-11 04:47:38,307 [INFO] PluginManager:220 - loadIPPluginJar : add cryp
2025-06-11 04:47:38,386 [INFO] IPUIPlugin:80 - create IPUIPlugin
2025-06-11 04:47:38,386 [INFO] PluginManager:220 - loadIPPluginJar : add dfsdm
2025-06-11 04:47:38,411 [INFO] IPUIPlugin:80 - create IPUIPlugin
2025-06-11 04:47:38,411 [INFO] PluginManager:220 - loadIPPluginJar : add dma
2025-06-11 04:47:38,497 [INFO] IPUIPlugin:80 - create IPUIPlugin
2025-06-11 04:47:38,497 [INFO] PluginManager:220 - loadIPPluginJar : add dma3
2025-06-11 04:47:38,541 [INFO] IPUIPlugin:80 - create IPUIPlugin
2025-06-11 04:47:38,541 [INFO] PluginManager:220 - loadIPPluginJar : add fatfs
2025-06-11 04:47:38,630 [INFO] IPUIPlugin:80 - create IPUIPlugin
2025-06-11 04:47:38,630 [INFO] PluginManager:220 - loadIPPluginJar : add fmc
2025-06-11 04:47:38,658 [INFO] IPUIPlugin:80 - create IPUIPlugin
2025-06-11 04:47:38,658 [INFO] PluginManager:220 - loadIPPluginJar : add freertos
2025-06-11 04:47:38,710 [INFO] IPUIPlugin:80 - create IPUIPlugin
2025-06-11 04:47:38,710 [INFO] PluginManager:220 - loadIPPluginJar : add genericplugin
2025-06-11 04:47:38,896 [INFO] IPUIPlugin:80 - create IPUIPlugin
2025-06-11 04:47:38,896 [INFO] PluginManager:220 - loadIPPluginJar : add gfxmmu
2025-06-11 04:47:39,126 [INFO] IPUIPlugin:80 - create IPUIPlugin
2025-06-11 04:47:39,126 [INFO] PluginManager:220 - loadIPPluginJar : add gic
2025-06-11 04:47:39,147 [INFO] IPUIPlugin:80 - create IPUIPlugin
2025-06-11 04:47:39,147 [INFO] PluginManager:220 - loadIPPluginJar : add gpio
2025-06-11 04:47:39,313 [INFO] IPUIPlugin:80 - create IPUIPlugin
2025-06-11 04:47:39,313 [INFO] PluginManager:220 - loadIPPluginJar : add gtzc
2025-06-11 04:47:39,376 [INFO] IPUIPlugin:80 - create IPUIPlugin
2025-06-11 04:47:39,376 [INFO] PluginManager:220 - loadIPPluginJar : add hash
2025-06-11 04:47:39,480 [INFO] IPUIPlugin:80 - create IPUIPlugin
2025-06-11 04:47:39,480 [INFO] PluginManager:220 - loadIPPluginJar : add i2c
2025-06-11 04:47:39,558 [INFO] IPUIPlugin:80 - create IPUIPlugin
2025-06-11 04:47:39,558 [INFO] PluginManager:220 - loadIPPluginJar : add i2s
2025-06-11 04:47:39,613 [INFO] ThirdPartyUpdaterWithRetryManager:70 - Updater plugin not ready yet. [2/15]
2025-06-11 04:47:39,633 [INFO] IPUIPlugin:80 - create IPUIPlugin
2025-06-11 04:47:39,633 [INFO] PluginManager:220 - loadIPPluginJar : add i3c
2025-06-11 04:47:39,850 [INFO] IPUIPlugin:80 - create IPUIPlugin
2025-06-11 04:47:39,851 [INFO] PluginManager:220 - loadIPPluginJar : add ipddr
2025-06-11 04:47:40,083 [INFO] IPUIPlugin:80 - create IPUIPlugin
2025-06-11 04:47:40,083 [INFO] PluginManager:220 - loadIPPluginJar : add linkedlist
2025-06-11 04:47:40,165 [INFO] IPUIPlugin:80 - create IPUIPlugin
2025-06-11 04:47:40,166 [INFO] PluginManager:220 - loadIPPluginJar : add lorawan
2025-06-11 04:47:40,264 [INFO] IPUIPlugin:80 - create IPUIPlugin
2025-06-11 04:47:40,264 [INFO] PluginManager:220 - loadIPPluginJar : add ltdc
2025-06-11 04:47:40,293 [INFO] IPUIPlugin:80 - create IPUIPlugin
2025-06-11 04:47:40,293 [INFO] PluginManager:220 - loadIPPluginJar : add mdma
2025-06-11 04:47:40,319 [INFO] IPUIPlugin:80 - create IPUIPlugin
2025-06-11 04:47:40,319 [INFO] PluginManager:220 - loadIPPluginJar : add nvic
2025-06-11 04:47:40,403 [INFO] IPUIPlugin:80 - create IPUIPlugin
2025-06-11 04:47:40,403 [INFO] PluginManager:220 - loadIPPluginJar : add opamp
2025-06-11 04:47:40,558 [INFO] IPUIPlugin:80 - create IPUIPlugin
2025-06-11 04:47:40,558 [INFO] PluginManager:220 - loadIPPluginJar : add openamp
2025-06-11 04:47:40,643 [INFO] IPUIPlugin:80 - create IPUIPlugin
2025-06-11 04:47:40,643 [INFO] PluginManager:220 - loadIPPluginJar : add pdm2pcm
2025-06-11 04:47:40,667 [INFO] IPUIPlugin:80 - create IPUIPlugin
2025-06-11 04:47:40,671 [INFO] PluginManager:220 - loadIPPluginJar : add plateformsettings
2025-06-11 04:47:40,718 [INFO] IPUIPlugin:80 - create IPUIPlugin
2025-06-11 04:47:40,718 [INFO] PluginManager:220 - loadIPPluginJar : add quadspi
2025-06-11 04:47:40,744 [INFO] IPUIPlugin:80 - create IPUIPlugin
2025-06-11 04:47:40,744 [INFO] PluginManager:220 - loadIPPluginJar : add resmgrutility
2025-06-11 04:47:40,856 [INFO] IPUIPlugin:80 - create IPUIPlugin
2025-06-11 04:47:40,856 [INFO] PluginManager:220 - loadIPPluginJar : add sai
2025-06-11 04:47:40,934 [INFO] IPUIPlugin:80 - create IPUIPlugin
2025-06-11 04:47:40,934 [INFO] PluginManager:220 - loadIPPluginJar : add spi
2025-06-11 04:47:41,103 [INFO] IPUIPlugin:80 - create IPUIPlugin
2025-06-11 04:47:41,103 [INFO] PluginManager:220 - loadIPPluginJar : add stm32_wpan
2025-06-11 04:47:41,168 [INFO] IPUIPlugin:80 - create IPUIPlugin
2025-06-11 04:47:41,168 [INFO] PluginManager:220 - loadIPPluginJar : add tim
2025-06-11 04:47:41,377 [INFO] IPUIPlugin:80 - create IPUIPlugin
2025-06-11 04:47:41,377 [INFO] PluginManager:220 - loadIPPluginJar : add touchsensing
2025-06-11 04:47:41,463 [INFO] IPUIPlugin:80 - create IPUIPlugin
2025-06-11 04:47:41,463 [INFO] PluginManager:220 - loadIPPluginJar : add tracer_emb
2025-06-11 04:47:41,547 [INFO] IPUIPlugin:80 - create IPUIPlugin
2025-06-11 04:47:41,547 [INFO] PluginManager:220 - loadIPPluginJar : add ts
2025-06-11 04:47:41,635 [INFO] IPUIPlugin:80 - create IPUIPlugin
2025-06-11 04:47:41,635 [INFO] PluginManager:220 - loadIPPluginJar : add tsc
2025-06-11 04:47:41,738 [INFO] IPUIPlugin:80 - create IPUIPlugin
2025-06-11 04:47:41,738 [INFO] PluginManager:220 - loadIPPluginJar : add ucpd
2025-06-11 04:47:41,908 [INFO] IPUIPlugin:80 - create IPUIPlugin
2025-06-11 04:47:41,908 [INFO] PluginManager:220 - loadIPPluginJar : add usart
2025-06-11 04:47:42,076 [INFO] IPUIPlugin:80 - create IPUIPlugin
2025-06-11 04:47:42,077 [INFO] PluginManager:220 - loadIPPluginJar : add usbx
2025-06-11 04:47:42,254 [INFO] CADModel:165 - CPN selected for project level
2025-06-11 04:47:42,254 [INFO] CADModel:114 - Register for checkConnection events
2025-06-11 04:47:42,255 [FATAL] Updater:308 - Updater called before beeing initialized
2025-06-11 04:47:42,255 [ERROR] CADModel:125 - Updater not yet initialized, retry later 
2025-06-11 04:47:42,505 [INFO] CADModel:165 - CPN selected for project level
2025-06-11 04:47:42,505 [INFO] CADModel:114 - Register for checkConnection events
2025-06-11 04:47:42,505 [FATAL] Updater:308 - Updater called before beeing initialized
2025-06-11 04:47:42,506 [ERROR] CADModel:125 - Updater not yet initialized, retry later 
2025-06-11 04:47:42,511 [FATAL] Updater:308 - Updater called before beeing initialized
2025-06-11 04:47:42,624 [INFO] ThirdPartyUpdaterWithRetryManager:70 - Updater plugin not ready yet. [3/15]
2025-06-11 04:47:42,731 [FATAL] Updater:308 - Updater called before beeing initialized
2025-06-11 04:47:42,772 [INFO] DbMcusAds:53 - JSON generation date=Wed May 07 11:07:55 CEST 2025 (1746608875484)
2025-06-11 04:47:42,772 [FATAL] Updater:308 - Updater called before beeing initialized
2025-06-11 04:47:42,967 [WARN] DetailPanel:346 - Failed to get advertising image, set to default
2025-06-11 04:47:43,161 [FATAL] Updater:308 - Updater called before beeing initialized
2025-06-11 04:47:43,165 [FATAL] Updater:308 - Updater called before beeing initialized
2025-06-11 04:47:43,166 [FATAL] Updater:308 - Updater called before beeing initialized
2025-06-11 04:47:43,166 [WARN] DetailPanel:346 - Failed to get advertising image, set to default
2025-06-11 04:47:43,167 [FATAL] Updater:308 - Updater called before beeing initialized
2025-06-11 04:47:43,329 [ERROR] Updater:1120 - MainUpdater not yet initialized. External WinMGr cannot be set.
2025-06-11 04:47:43,356 [INFO] Updater:1056 - Updater Version found : 6.10.0
2025-06-11 04:47:43,387 [INFO] ApplicationProperties:184 - Using Application install path: C:\ST\STM32CubeIDE_1.14.1\STM32CubeIDE\plugins\com.st.stm32cube.common.mx_6.10.0.202311202037
2025-06-11 04:47:44,996 [ERROR] LogOutputStream:75 - [STDERR_REDIRECT] Jun 11, 2025 4:47:44 AM java.util.prefs.WindowsPreferences <init>
2025-06-11 04:47:45,002 [ERROR] LogOutputStream:75 - [STDERR_REDIRECT] WARNING: Could not open/create prefs root node Software\JavaSoft\Prefs at root 0xffffffff80000002. Windows RegCreateKeyEx(...) returned error code 5.
2025-06-11 04:47:45,002 [ERROR] LogOutputStream:75 - [STDERR_REDIRECT] 
2025-06-11 04:47:45,635 [FATAL] Updater:308 - Updater called before beeing initialized
2025-06-11 04:47:45,644 [ERROR] IntegrityCheckThread:130 - Cannot retrieve database content from updater: error 21
2025-06-11 04:47:45,645 [INFO] ThirdParty:978 - Integrity check success = false
2025-06-11 04:47:45,645 [INFO] IntegrityCheckThread:100 - exiting critical section [integrity check]
2025-06-11 04:47:45,646 [INFO] IntegrityCheckThread:103 - End integrity checks thread
2025-06-11 04:47:46,378 [INFO] MainUpdater:2873 - connection check result : 10
2025-06-11 04:47:46,379 [INFO] MainUpdater:3567 - Updater definition file requires update
2025-06-11 04:47:46,388 [INFO] MainUpdater:290 - Updater Check For Update Now.
2025-06-11 04:47:46,389 [INFO] MicroXplorer:498 - Change Database Version : DB.6.0.100
2025-06-11 04:47:46,515 [INFO] McuFinderGlobals:63 - Set McuFinder mode to 2 (CubeIDE integrated)
2025-06-11 04:47:46,536 [INFO] ServerAccessManage:473 - Download File updaters.zip
2025-06-11 04:47:47,009 [INFO] FileExtend:240 - Unzip File : updaters.zip
2025-06-11 04:47:47,010 [INFO] FileExtend:255 - Standard Zip Deflate
2025-06-11 04:47:47,103 [INFO] UserAuth:404 - Internet connection configuration mode: 1
2025-06-11 04:47:47,590 [INFO] JxBrowserEngine:152 - Initiate JxBrowser Engine with user profile folder
2025-06-11 04:47:53,063 [INFO] ServerAccessManage:473 - Download File PacksControlFlags.xml
2025-06-11 04:47:53,309 [INFO] ServerAccessManage:473 - Download File cubemx.pidx
2025-06-11 04:47:55,002 [INFO] ServerAccessManage:473 - Download File STMicroelectronics.X-CUBE-AI.pdsc
2025-06-11 04:47:57,365 [INFO] ServerAccessManage:473 - Download File STMicroelectronics.X-CUBE-FREERTOS.pdsc
2025-06-11 04:47:58,225 [INFO] ServerAccessManage:473 - Download File STMicroelectronics.X-CUBE-MEMS1.pdsc
2025-06-11 04:48:00,235 [INFO] ServerAccessManage:473 - Download File STMicroelectronics.X-CUBE-ST67W61.pdsc
2025-06-11 04:48:01,484 [INFO] WebApp:161 - Instantiating new browser for Auth
2025-06-11 04:48:03,275 [WARN] PackLoader:240 - Cannot read IP mode file for STMicroelectronics.X-CUBE-AI.10.1.0
2025-06-11 04:48:03,304 [WARN] PackLoader:240 - Cannot read IP mode file for STMicroelectronics.X-CUBE-FREERTOS.1.3.1
2025-06-11 04:48:03,349 [INFO] WebApp:780 - Register for checkConnection events
2025-06-11 04:48:03,350 [INFO] WebApp:414 - Apply proxy settings
2025-06-11 04:48:03,350 [INFO] WebApp:499 - Chromium requires no authentication
2025-06-11 04:48:03,388 [INFO] WebApp:442 - Direct internet connection detected
2025-06-11 04:48:03,583 [WARN] PackLoader:240 - Cannot read IP mode file for STMicroelectronics.X-CUBE-MEMS1.11.3.0
2025-06-11 04:48:03,589 [INFO] CheckServerUpdateThread:120 - End of CheckServer Thread
2025-06-11 04:48:03,932 [INFO] WebApp:192 - Starting web application
2025-06-11 04:48:03,933 [INFO] WebApp:544 - Web application path used C:\ST\STM32CubeIDE_1.14.1\STM32CubeIDE\plugins\com.st.stm32cube.common.mx_6.10.0.202311202037\db\plugins\mcufinder\reactClient1\index.html
2025-06-11 04:48:04,128 [WARN] PopulateThirdPartyThread:106 - Error when creating pack: C:/Users/ahmed/.stm32cubemx/thirdparties/pdsc/STMicroelectronics.X-CUBE-ST67W61.pdsc
2025-06-11 04:48:04,128 [INFO] PopulateThirdPartyThread:66 - Ending populate Thread
2025-06-11 04:48:04,134 [INFO] ThirdParty:1030 - CMSIS Pack Vendor :STMicroelectronics X-CUBE-AI 10.1.0
2025-06-11 04:48:04,134 [INFO] ThirdParty:1030 - CMSIS Pack Vendor :STMicroelectronics X-CUBE-FREERTOS 1.3.1
2025-06-11 04:48:04,134 [INFO] ThirdParty:1030 - CMSIS Pack Vendor :STMicroelectronics X-CUBE-MEMS1 11.3.0
2025-06-11 04:48:04,136 [INFO] LoadServerUpdatesThread:375 - End of LoadServerUpdate Thread
2025-06-11 04:48:28,330 [ERROR] LogOutputStream:75 - [STDERR_REDIRECT] SLF4J: Failed to load class "org.slf4j.impl.StaticLoggerBinder".
2025-06-11 04:48:28,335 [ERROR] LogOutputStream:75 - [STDERR_REDIRECT] SLF4J: Defaulting to no-operation (NOP) logger implementation
2025-06-11 04:48:28,342 [ERROR] LogOutputStream:75 - [STDERR_REDIRECT] SLF4J: See http://www.slf4j.org/codes.html#StaticLoggerBinder for further details.
