05:24:51 **** Incremental Build of configuration Debug for project STM32_HAL_libcanard2_cyphal ****
make -j8 all 
arm-none-eabi-gcc "../Drivers/STM32F4xx_HAL_Driver/Src/stm32f4xx_hal.c" -mcpu=cortex-m4 -std=gnu11 -g3 -DDEBUG -DUSE_HAL_DRIVER -DSTM32F446xx -c -I../Core/Inc -I../Drivers/STM32F4xx_HAL_Driver/Inc -I../Drivers/STM32F4xx_HAL_Driver/Inc/Legacy -I../Drivers/CMSIS/Device/ST/STM32F4xx/Include -I../Drivers/CMSIS/Include -I"D:/from lab/stmWithCmake/STM32_HAL_libcanard2_cyphal/include" -O0 -ffunction-sections -fdata-sections -Wall -fstack-usage -fcyclomatic-complexity -MMD -MP -MF"Drivers/STM32F4xx_HAL_Driver/Src/stm32f4xx_hal.d" -MT"Drivers/STM32F4xx_HAL_Driver/Src/stm32f4xx_hal.o" --specs=nano.specs -mfpu=fpv4-sp-d16 -mfloat-abi=hard -mthumb -o "Drivers/STM32F4xx_HAL_Driver/Src/stm32f4xx_hal.o"
arm-none-eabi-gcc "../Drivers/STM32F4xx_HAL_Driver/Src/stm32f4xx_hal_can.c" -mcpu=cortex-m4 -std=gnu11 -g3 -DDEBUG -DUSE_HAL_DRIVER -DSTM32F446xx -c -I../Core/Inc -I../Drivers/STM32F4xx_HAL_Driver/Inc -I../Drivers/STM32F4xx_HAL_Driver/Inc/Legacy -I../Drivers/CMSIS/Device/ST/STM32F4xx/Include -I../Drivers/CMSIS/Include -I"D:/from lab/stmWithCmake/STM32_HAL_libcanard2_cyphal/include" -O0 -ffunction-sections -fdata-sections -Wall -fstack-usage -fcyclomatic-complexity -MMD -MP -MF"Drivers/STM32F4xx_HAL_Driver/Src/stm32f4xx_hal_can.d" -MT"Drivers/STM32F4xx_HAL_Driver/Src/stm32f4xx_hal_can.o" --specs=nano.specs -mfpu=fpv4-sp-d16 -mfloat-abi=hard -mthumb -o "Drivers/STM32F4xx_HAL_Driver/Src/stm32f4xx_hal_can.o"
arm-none-eabi-gcc "../Drivers/STM32F4xx_HAL_Driver/Src/stm32f4xx_hal_cortex.c" -mcpu=cortex-m4 -std=gnu11 -g3 -DDEBUG -DUSE_HAL_DRIVER -DSTM32F446xx -c -I../Core/Inc -I../Drivers/STM32F4xx_HAL_Driver/Inc -I../Drivers/STM32F4xx_HAL_Driver/Inc/Legacy -I../Drivers/CMSIS/Device/ST/STM32F4xx/Include -I../Drivers/CMSIS/Include -I"D:/from lab/stmWithCmake/STM32_HAL_libcanard2_cyphal/include" -O0 -ffunction-sections -fdata-sections -Wall -fstack-usage -fcyclomatic-complexity -MMD -MP -MF"Drivers/STM32F4xx_HAL_Driver/Src/stm32f4xx_hal_cortex.d" -MT"Drivers/STM32F4xx_HAL_Driver/Src/stm32f4xx_hal_cortex.o" --specs=nano.specs -mfpu=fpv4-sp-d16 -mfloat-abi=hard -mthumb -o "Drivers/STM32F4xx_HAL_Driver/Src/stm32f4xx_hal_cortex.o"
arm-none-eabi-gcc "../Drivers/STM32F4xx_HAL_Driver/Src/stm32f4xx_hal_dma.c" -mcpu=cortex-m4 -std=gnu11 -g3 -DDEBUG -DUSE_HAL_DRIVER -DSTM32F446xx -c -I../Core/Inc -I../Drivers/STM32F4xx_HAL_Driver/Inc -I../Drivers/STM32F4xx_HAL_Driver/Inc/Legacy -I../Drivers/CMSIS/Device/ST/STM32F4xx/Include -I../Drivers/CMSIS/Include -I"D:/from lab/stmWithCmake/STM32_HAL_libcanard2_cyphal/include" -O0 -ffunction-sections -fdata-sections -Wall -fstack-usage -fcyclomatic-complexity -MMD -MP -MF"Drivers/STM32F4xx_HAL_Driver/Src/stm32f4xx_hal_dma.d" -MT"Drivers/STM32F4xx_HAL_Driver/Src/stm32f4xx_hal_dma.o" --specs=nano.specs -mfpu=fpv4-sp-d16 -mfloat-abi=hard -mthumb -o "Drivers/STM32F4xx_HAL_Driver/Src/stm32f4xx_hal_dma.o"
arm-none-eabi-gcc "../Drivers/STM32F4xx_HAL_Driver/Src/stm32f4xx_hal_dma_ex.c" -mcpu=cortex-m4 -std=gnu11 -g3 -DDEBUG -DUSE_HAL_DRIVER -DSTM32F446xx -c -I../Core/Inc -I../Drivers/STM32F4xx_HAL_Driver/Inc -I../Drivers/STM32F4xx_HAL_Driver/Inc/Legacy -I../Drivers/CMSIS/Device/ST/STM32F4xx/Include -I../Drivers/CMSIS/Include -I"D:/from lab/stmWithCmake/STM32_HAL_libcanard2_cyphal/include" -O0 -ffunction-sections -fdata-sections -Wall -fstack-usage -fcyclomatic-complexity -MMD -MP -MF"Drivers/STM32F4xx_HAL_Driver/Src/stm32f4xx_hal_dma_ex.d" -MT"Drivers/STM32F4xx_HAL_Driver/Src/stm32f4xx_hal_dma_ex.o" --specs=nano.specs -mfpu=fpv4-sp-d16 -mfloat-abi=hard -mthumb -o "Drivers/STM32F4xx_HAL_Driver/Src/stm32f4xx_hal_dma_ex.o"
arm-none-eabi-gcc "../Drivers/STM32F4xx_HAL_Driver/Src/stm32f4xx_hal_exti.c" -mcpu=cortex-m4 -std=gnu11 -g3 -DDEBUG -DUSE_HAL_DRIVER -DSTM32F446xx -c -I../Core/Inc -I../Drivers/STM32F4xx_HAL_Driver/Inc -I../Drivers/STM32F4xx_HAL_Driver/Inc/Legacy -I../Drivers/CMSIS/Device/ST/STM32F4xx/Include -I../Drivers/CMSIS/Include -I"D:/from lab/stmWithCmake/STM32_HAL_libcanard2_cyphal/include" -O0 -ffunction-sections -fdata-sections -Wall -fstack-usage -fcyclomatic-complexity -MMD -MP -MF"Drivers/STM32F4xx_HAL_Driver/Src/stm32f4xx_hal_exti.d" -MT"Drivers/STM32F4xx_HAL_Driver/Src/stm32f4xx_hal_exti.o" --specs=nano.specs -mfpu=fpv4-sp-d16 -mfloat-abi=hard -mthumb -o "Drivers/STM32F4xx_HAL_Driver/Src/stm32f4xx_hal_exti.o"
arm-none-eabi-gcc "../Drivers/STM32F4xx_HAL_Driver/Src/stm32f4xx_hal_flash.c" -mcpu=cortex-m4 -std=gnu11 -g3 -DDEBUG -DUSE_HAL_DRIVER -DSTM32F446xx -c -I../Core/Inc -I../Drivers/STM32F4xx_HAL_Driver/Inc -I../Drivers/STM32F4xx_HAL_Driver/Inc/Legacy -I../Drivers/CMSIS/Device/ST/STM32F4xx/Include -I../Drivers/CMSIS/Include -I"D:/from lab/stmWithCmake/STM32_HAL_libcanard2_cyphal/include" -O0 -ffunction-sections -fdata-sections -Wall -fstack-usage -fcyclomatic-complexity -MMD -MP -MF"Drivers/STM32F4xx_HAL_Driver/Src/stm32f4xx_hal_flash.d" -MT"Drivers/STM32F4xx_HAL_Driver/Src/stm32f4xx_hal_flash.o" --specs=nano.specs -mfpu=fpv4-sp-d16 -mfloat-abi=hard -mthumb -o "Drivers/STM32F4xx_HAL_Driver/Src/stm32f4xx_hal_flash.o"
arm-none-eabi-gcc "../Drivers/STM32F4xx_HAL_Driver/Src/stm32f4xx_hal_flash_ex.c" -mcpu=cortex-m4 -std=gnu11 -g3 -DDEBUG -DUSE_HAL_DRIVER -DSTM32F446xx -c -I../Core/Inc -I../Drivers/STM32F4xx_HAL_Driver/Inc -I../Drivers/STM32F4xx_HAL_Driver/Inc/Legacy -I../Drivers/CMSIS/Device/ST/STM32F4xx/Include -I../Drivers/CMSIS/Include -I"D:/from lab/stmWithCmake/STM32_HAL_libcanard2_cyphal/include" -O0 -ffunction-sections -fdata-sections -Wall -fstack-usage -fcyclomatic-complexity -MMD -MP -MF"Drivers/STM32F4xx_HAL_Driver/Src/stm32f4xx_hal_flash_ex.d" -MT"Drivers/STM32F4xx_HAL_Driver/Src/stm32f4xx_hal_flash_ex.o" --specs=nano.specs -mfpu=fpv4-sp-d16 -mfloat-abi=hard -mthumb -o "Drivers/STM32F4xx_HAL_Driver/Src/stm32f4xx_hal_flash_ex.o"
arm-none-eabi-gcc "../Drivers/STM32F4xx_HAL_Driver/Src/stm32f4xx_hal_flash_ramfunc.c" -mcpu=cortex-m4 -std=gnu11 -g3 -DDEBUG -DUSE_HAL_DRIVER -DSTM32F446xx -c -I../Core/Inc -I../Drivers/STM32F4xx_HAL_Driver/Inc -I../Drivers/STM32F4xx_HAL_Driver/Inc/Legacy -I../Drivers/CMSIS/Device/ST/STM32F4xx/Include -I../Drivers/CMSIS/Include -I"D:/from lab/stmWithCmake/STM32_HAL_libcanard2_cyphal/include" -O0 -ffunction-sections -fdata-sections -Wall -fstack-usage -fcyclomatic-complexity -MMD -MP -MF"Drivers/STM32F4xx_HAL_Driver/Src/stm32f4xx_hal_flash_ramfunc.d" -MT"Drivers/STM32F4xx_HAL_Driver/Src/stm32f4xx_hal_flash_ramfunc.o" --specs=nano.specs -mfpu=fpv4-sp-d16 -mfloat-abi=hard -mthumb -o "Drivers/STM32F4xx_HAL_Driver/Src/stm32f4xx_hal_flash_ramfunc.o"
arm-none-eabi-gcc "../Drivers/STM32F4xx_HAL_Driver/Src/stm32f4xx_hal_gpio.c" -mcpu=cortex-m4 -std=gnu11 -g3 -DDEBUG -DUSE_HAL_DRIVER -DSTM32F446xx -c -I../Core/Inc -I../Drivers/STM32F4xx_HAL_Driver/Inc -I../Drivers/STM32F4xx_HAL_Driver/Inc/Legacy -I../Drivers/CMSIS/Device/ST/STM32F4xx/Include -I../Drivers/CMSIS/Include -I"D:/from lab/stmWithCmake/STM32_HAL_libcanard2_cyphal/include" -O0 -ffunction-sections -fdata-sections -Wall -fstack-usage -fcyclomatic-complexity -MMD -MP -MF"Drivers/STM32F4xx_HAL_Driver/Src/stm32f4xx_hal_gpio.d" -MT"Drivers/STM32F4xx_HAL_Driver/Src/stm32f4xx_hal_gpio.o" --specs=nano.specs -mfpu=fpv4-sp-d16 -mfloat-abi=hard -mthumb -o "Drivers/STM32F4xx_HAL_Driver/Src/stm32f4xx_hal_gpio.o"
arm-none-eabi-gcc "../Drivers/STM32F4xx_HAL_Driver/Src/stm32f4xx_hal_pwr.c" -mcpu=cortex-m4 -std=gnu11 -g3 -DDEBUG -DUSE_HAL_DRIVER -DSTM32F446xx -c -I../Core/Inc -I../Drivers/STM32F4xx_HAL_Driver/Inc -I../Drivers/STM32F4xx_HAL_Driver/Inc/Legacy -I../Drivers/CMSIS/Device/ST/STM32F4xx/Include -I../Drivers/CMSIS/Include -I"D:/from lab/stmWithCmake/STM32_HAL_libcanard2_cyphal/include" -O0 -ffunction-sections -fdata-sections -Wall -fstack-usage -fcyclomatic-complexity -MMD -MP -MF"Drivers/STM32F4xx_HAL_Driver/Src/stm32f4xx_hal_pwr.d" -MT"Drivers/STM32F4xx_HAL_Driver/Src/stm32f4xx_hal_pwr.o" --specs=nano.specs -mfpu=fpv4-sp-d16 -mfloat-abi=hard -mthumb -o "Drivers/STM32F4xx_HAL_Driver/Src/stm32f4xx_hal_pwr.o"
arm-none-eabi-gcc "../Drivers/STM32F4xx_HAL_Driver/Src/stm32f4xx_hal_pwr_ex.c" -mcpu=cortex-m4 -std=gnu11 -g3 -DDEBUG -DUSE_HAL_DRIVER -DSTM32F446xx -c -I../Core/Inc -I../Drivers/STM32F4xx_HAL_Driver/Inc -I../Drivers/STM32F4xx_HAL_Driver/Inc/Legacy -I../Drivers/CMSIS/Device/ST/STM32F4xx/Include -I../Drivers/CMSIS/Include -I"D:/from lab/stmWithCmake/STM32_HAL_libcanard2_cyphal/include" -O0 -ffunction-sections -fdata-sections -Wall -fstack-usage -fcyclomatic-complexity -MMD -MP -MF"Drivers/STM32F4xx_HAL_Driver/Src/stm32f4xx_hal_pwr_ex.d" -MT"Drivers/STM32F4xx_HAL_Driver/Src/stm32f4xx_hal_pwr_ex.o" --specs=nano.specs -mfpu=fpv4-sp-d16 -mfloat-abi=hard -mthumb -o "Drivers/STM32F4xx_HAL_Driver/Src/stm32f4xx_hal_pwr_ex.o"
arm-none-eabi-gcc "../Drivers/STM32F4xx_HAL_Driver/Src/stm32f4xx_hal_rcc.c" -mcpu=cortex-m4 -std=gnu11 -g3 -DDEBUG -DUSE_HAL_DRIVER -DSTM32F446xx -c -I../Core/Inc -I../Drivers/STM32F4xx_HAL_Driver/Inc -I../Drivers/STM32F4xx_HAL_Driver/Inc/Legacy -I../Drivers/CMSIS/Device/ST/STM32F4xx/Include -I../Drivers/CMSIS/Include -I"D:/from lab/stmWithCmake/STM32_HAL_libcanard2_cyphal/include" -O0 -ffunction-sections -fdata-sections -Wall -fstack-usage -fcyclomatic-complexity -MMD -MP -MF"Drivers/STM32F4xx_HAL_Driver/Src/stm32f4xx_hal_rcc.d" -MT"Drivers/STM32F4xx_HAL_Driver/Src/stm32f4xx_hal_rcc.o" --specs=nano.specs -mfpu=fpv4-sp-d16 -mfloat-abi=hard -mthumb -o "Drivers/STM32F4xx_HAL_Driver/Src/stm32f4xx_hal_rcc.o"
arm-none-eabi-gcc "../Drivers/STM32F4xx_HAL_Driver/Src/stm32f4xx_hal_rcc_ex.c" -mcpu=cortex-m4 -std=gnu11 -g3 -DDEBUG -DUSE_HAL_DRIVER -DSTM32F446xx -c -I../Core/Inc -I../Drivers/STM32F4xx_HAL_Driver/Inc -I../Drivers/STM32F4xx_HAL_Driver/Inc/Legacy -I../Drivers/CMSIS/Device/ST/STM32F4xx/Include -I../Drivers/CMSIS/Include -I"D:/from lab/stmWithCmake/STM32_HAL_libcanard2_cyphal/include" -O0 -ffunction-sections -fdata-sections -Wall -fstack-usage -fcyclomatic-complexity -MMD -MP -MF"Drivers/STM32F4xx_HAL_Driver/Src/stm32f4xx_hal_rcc_ex.d" -MT"Drivers/STM32F4xx_HAL_Driver/Src/stm32f4xx_hal_rcc_ex.o" --specs=nano.specs -mfpu=fpv4-sp-d16 -mfloat-abi=hard -mthumb -o "Drivers/STM32F4xx_HAL_Driver/Src/stm32f4xx_hal_rcc_ex.o"
arm-none-eabi-gcc "../Drivers/STM32F4xx_HAL_Driver/Src/stm32f4xx_hal_tim.c" -mcpu=cortex-m4 -std=gnu11 -g3 -DDEBUG -DUSE_HAL_DRIVER -DSTM32F446xx -c -I../Core/Inc -I../Drivers/STM32F4xx_HAL_Driver/Inc -I../Drivers/STM32F4xx_HAL_Driver/Inc/Legacy -I../Drivers/CMSIS/Device/ST/STM32F4xx/Include -I../Drivers/CMSIS/Include -I"D:/from lab/stmWithCmake/STM32_HAL_libcanard2_cyphal/include" -O0 -ffunction-sections -fdata-sections -Wall -fstack-usage -fcyclomatic-complexity -MMD -MP -MF"Drivers/STM32F4xx_HAL_Driver/Src/stm32f4xx_hal_tim.d" -MT"Drivers/STM32F4xx_HAL_Driver/Src/stm32f4xx_hal_tim.o" --specs=nano.specs -mfpu=fpv4-sp-d16 -mfloat-abi=hard -mthumb -o "Drivers/STM32F4xx_HAL_Driver/Src/stm32f4xx_hal_tim.o"
arm-none-eabi-gcc "../Drivers/STM32F4xx_HAL_Driver/Src/stm32f4xx_hal_tim_ex.c" -mcpu=cortex-m4 -std=gnu11 -g3 -DDEBUG -DUSE_HAL_DRIVER -DSTM32F446xx -c -I../Core/Inc -I../Drivers/STM32F4xx_HAL_Driver/Inc -I../Drivers/STM32F4xx_HAL_Driver/Inc/Legacy -I../Drivers/CMSIS/Device/ST/STM32F4xx/Include -I../Drivers/CMSIS/Include -I"D:/from lab/stmWithCmake/STM32_HAL_libcanard2_cyphal/include" -O0 -ffunction-sections -fdata-sections -Wall -fstack-usage -fcyclomatic-complexity -MMD -MP -MF"Drivers/STM32F4xx_HAL_Driver/Src/stm32f4xx_hal_tim_ex.d" -MT"Drivers/STM32F4xx_HAL_Driver/Src/stm32f4xx_hal_tim_ex.o" --specs=nano.specs -mfpu=fpv4-sp-d16 -mfloat-abi=hard -mthumb -o "Drivers/STM32F4xx_HAL_Driver/Src/stm32f4xx_hal_tim_ex.o"
arm-none-eabi-gcc -mcpu=cortex-m4 -g3 -DDEBUG -c -x assembler-with-cpp -MMD -MP -MF"Core/Startup/startup_stm32f446retx.d" -MT"Core/Startup/startup_stm32f446retx.o" --specs=nano.specs -mfpu=fpv4-sp-d16 -mfloat-abi=hard -mthumb -o "Core/Startup/startup_stm32f446retx.o" "../Core/Startup/startup_stm32f446retx.s"
arm-none-eabi-gcc "../Core/Src/main.c" -mcpu=cortex-m4 -std=gnu11 -g3 -DDEBUG -DUSE_HAL_DRIVER -DSTM32F446xx -c -I../Core/Inc -I../Drivers/STM32F4xx_HAL_Driver/Inc -I../Drivers/STM32F4xx_HAL_Driver/Inc/Legacy -I../Drivers/CMSIS/Device/ST/STM32F4xx/Include -I../Drivers/CMSIS/Include -I"D:/from lab/stmWithCmake/STM32_HAL_libcanard2_cyphal/include" -O0 -ffunction-sections -fdata-sections -Wall -fstack-usage -fcyclomatic-complexity -MMD -MP -MF"Core/Src/main.d" -MT"Core/Src/main.o" --specs=nano.specs -mfpu=fpv4-sp-d16 -mfloat-abi=hard -mthumb -o "Core/Src/main.o"
arm-none-eabi-gcc "../Core/Src/stm32f4xx_hal_msp.c" -mcpu=cortex-m4 -std=gnu11 -g3 -DDEBUG -DUSE_HAL_DRIVER -DSTM32F446xx -c -I../Core/Inc -I../Drivers/STM32F4xx_HAL_Driver/Inc -I../Drivers/STM32F4xx_HAL_Driver/Inc/Legacy -I../Drivers/CMSIS/Device/ST/STM32F4xx/Include -I../Drivers/CMSIS/Include -I"D:/from lab/stmWithCmake/STM32_HAL_libcanard2_cyphal/include" -O0 -ffunction-sections -fdata-sections -Wall -fstack-usage -fcyclomatic-complexity -MMD -MP -MF"Core/Src/stm32f4xx_hal_msp.d" -MT"Core/Src/stm32f4xx_hal_msp.o" --specs=nano.specs -mfpu=fpv4-sp-d16 -mfloat-abi=hard -mthumb -o "Core/Src/stm32f4xx_hal_msp.o"
arm-none-eabi-gcc "../Core/Src/stm32f4xx_it.c" -mcpu=cortex-m4 -std=gnu11 -g3 -DDEBUG -DUSE_HAL_DRIVER -DSTM32F446xx -c -I../Core/Inc -I../Drivers/STM32F4xx_HAL_Driver/Inc -I../Drivers/STM32F4xx_HAL_Driver/Inc/Legacy -I../Drivers/CMSIS/Device/ST/STM32F4xx/Include -I../Drivers/CMSIS/Include -I"D:/from lab/stmWithCmake/STM32_HAL_libcanard2_cyphal/include" -O0 -ffunction-sections -fdata-sections -Wall -fstack-usage -fcyclomatic-complexity -MMD -MP -MF"Core/Src/stm32f4xx_it.d" -MT"Core/Src/stm32f4xx_it.o" --specs=nano.specs -mfpu=fpv4-sp-d16 -mfloat-abi=hard -mthumb -o "Core/Src/stm32f4xx_it.o"
arm-none-eabi-gcc "../Core/Src/syscalls.c" -mcpu=cortex-m4 -std=gnu11 -g3 -DDEBUG -DUSE_HAL_DRIVER -DSTM32F446xx -c -I../Core/Inc -I../Drivers/STM32F4xx_HAL_Driver/Inc -I../Drivers/STM32F4xx_HAL_Driver/Inc/Legacy -I../Drivers/CMSIS/Device/ST/STM32F4xx/Include -I../Drivers/CMSIS/Include -I"D:/from lab/stmWithCmake/STM32_HAL_libcanard2_cyphal/include" -O0 -ffunction-sections -fdata-sections -Wall -fstack-usage -fcyclomatic-complexity -MMD -MP -MF"Core/Src/syscalls.d" -MT"Core/Src/syscalls.o" --specs=nano.specs -mfpu=fpv4-sp-d16 -mfloat-abi=hard -mthumb -o "Core/Src/syscalls.o"
arm-none-eabi-gcc "../Core/Src/sysmem.c" -mcpu=cortex-m4 -std=gnu11 -g3 -DDEBUG -DUSE_HAL_DRIVER -DSTM32F446xx -c -I../Core/Inc -I../Drivers/STM32F4xx_HAL_Driver/Inc -I../Drivers/STM32F4xx_HAL_Driver/Inc/Legacy -I../Drivers/CMSIS/Device/ST/STM32F4xx/Include -I../Drivers/CMSIS/Include -I"D:/from lab/stmWithCmake/STM32_HAL_libcanard2_cyphal/include" -O0 -ffunction-sections -fdata-sections -Wall -fstack-usage -fcyclomatic-complexity -MMD -MP -MF"Core/Src/sysmem.d" -MT"Core/Src/sysmem.o" --specs=nano.specs -mfpu=fpv4-sp-d16 -mfloat-abi=hard -mthumb -o "Core/Src/sysmem.o"
arm-none-eabi-gcc "../Core/Src/system_stm32f4xx.c" -mcpu=cortex-m4 -std=gnu11 -g3 -DDEBUG -DUSE_HAL_DRIVER -DSTM32F446xx -c -I../Core/Inc -I../Drivers/STM32F4xx_HAL_Driver/Inc -I../Drivers/STM32F4xx_HAL_Driver/Inc/Legacy -I../Drivers/CMSIS/Device/ST/STM32F4xx/Include -I../Drivers/CMSIS/Include -I"D:/from lab/stmWithCmake/STM32_HAL_libcanard2_cyphal/include" -O0 -ffunction-sections -fdata-sections -Wall -fstack-usage -fcyclomatic-complexity -MMD -MP -MF"Core/Src/system_stm32f4xx.d" -MT"Core/Src/system_stm32f4xx.o" --specs=nano.specs -mfpu=fpv4-sp-d16 -mfloat-abi=hard -mthumb -o "Core/Src/system_stm32f4xx.o"
../Core/Src/stm32f4xx_hal_msp.c:1:8: error: expected '=', ',', ';', 'asm' or '__attribute__' before 'CODE'
    1 | * USER CODE BEGIN Header */
      |        ^~~~
../Core/Src/stm32f4xx_hal_msp.c:1:8: error: unknown type name 'CODE'
In file included from ../Drivers/CMSIS/Device/ST/STM32F4xx/Include/stm32f4xx.h:156,
                 from ../Drivers/STM32F4xx_HAL_Driver/Inc/stm32f4xx_hal_def.h:29,
                 from ../Drivers/STM32F4xx_HAL_Driver/Inc/stm32f4xx_hal_rcc.h:27,
                 from ../Core/Inc/stm32f4xx_hal_conf.h:275,
                 from ../Drivers/STM32F4xx_HAL_Driver/Inc/stm32f4xx_hal.h:29,
                 from ../Core/Inc/main.h:31,
                 from ../Core/Src/stm32f4xx_hal_msp.c:22:
../Drivers/CMSIS/Device/ST/STM32F4xx/Include/stm32f446xx.h:163:3: warning: data definition has no type or storage class
  163 | } IRQn_Type;
      |   ^~~~~~~~~
../Drivers/CMSIS/Device/ST/STM32F4xx/Include/stm32f446xx.h:163:3: warning: type defaults to 'int' in declaration of 'IRQn_Type' [-Wimplicit-int]
In file included from ../Drivers/CMSIS/Device/ST/STM32F4xx/Include/stm32f446xx.h:169,
                 from ../Drivers/CMSIS/Device/ST/STM32F4xx/Include/stm32f4xx.h:156,
                 from ../Drivers/STM32F4xx_HAL_Driver/Inc/stm32f4xx_hal_def.h:29,
                 from ../Drivers/STM32F4xx_HAL_Driver/Inc/stm32f4xx_hal_rcc.h:27,
                 from ../Core/Inc/stm32f4xx_hal_conf.h:275,
                 from ../Drivers/STM32F4xx_HAL_Driver/Inc/stm32f4xx_hal.h:29,
                 from ../Core/Inc/main.h:31,
                 from ../Core/Src/stm32f4xx_hal_msp.c:22:
../Drivers/CMSIS/Include/core_cm4.h:1684:39: error: expected declaration specifiers or '...' before 'IRQn_Type'
 1684 | __STATIC_INLINE void __NVIC_EnableIRQ(IRQn_Type IRQn)
      |                                       ^~~~~~~~~
../Drivers/CMSIS/Include/core_cm4.h:1703:46: error: expected declaration specifiers or '...' before 'IRQn_Type'
 1703 | __STATIC_INLINE uint32_t __NVIC_GetEnableIRQ(IRQn_Type IRQn)
      |                                              ^~~~~~~~~
../Drivers/CMSIS/Include/core_cm4.h:1722:40: error: expected declaration specifiers or '...' before 'IRQn_Type'
 1722 | __STATIC_INLINE void __NVIC_DisableIRQ(IRQn_Type IRQn)
      |                                        ^~~~~~~~~
../Drivers/CMSIS/Include/core_cm4.h:1741:47: error: expected declaration specifiers or '...' before 'IRQn_Type'
 1741 | __STATIC_INLINE uint32_t __NVIC_GetPendingIRQ(IRQn_Type IRQn)
      |                                               ^~~~~~~~~
../Drivers/CMSIS/Include/core_cm4.h:1760:43: error: expected declaration specifiers or '...' before 'IRQn_Type'
 1760 | __STATIC_INLINE void __NVIC_SetPendingIRQ(IRQn_Type IRQn)
      |                                           ^~~~~~~~~
../Drivers/CMSIS/Include/core_cm4.h:1775:45: error: expected declaration specifiers or '...' before 'IRQn_Type'
 1775 | __STATIC_INLINE void __NVIC_ClearPendingIRQ(IRQn_Type IRQn)
      |                                             ^~~~~~~~~
../Drivers/CMSIS/Include/core_cm4.h:1792:43: error: expected declaration specifiers or '...' before 'IRQn_Type'
 1792 | __STATIC_INLINE uint32_t __NVIC_GetActive(IRQn_Type IRQn)
      |                                           ^~~~~~~~~
../Drivers/CMSIS/Include/core_cm4.h:1814:41: error: expected declaration specifiers or '...' before 'IRQn_Type'
 1814 | __STATIC_INLINE void __NVIC_SetPriority(IRQn_Type IRQn, uint32_t priority)
      |                                         ^~~~~~~~~
../Drivers/CMSIS/Include/core_cm4.h:1836:45: error: expected declaration specifiers or '...' before 'IRQn_Type'
 1836 | __STATIC_INLINE uint32_t __NVIC_GetPriority(IRQn_Type IRQn)
      |                                             ^~~~~~~~~
../Drivers/CMSIS/Include/core_cm4.h:1911:39: error: expected declaration specifiers or '...' before 'IRQn_Type'
 1911 | __STATIC_INLINE void __NVIC_SetVector(IRQn_Type IRQn, uint32_t vector)
      |                                       ^~~~~~~~~
../Drivers/CMSIS/Include/core_cm4.h:1927:43: error: expected declaration specifiers or '...' before 'IRQn_Type'
 1927 | __STATIC_INLINE uint32_t __NVIC_GetVector(IRQn_Type IRQn)
      |                                           ^~~~~~~~~
../Drivers/CMSIS/Include/core_cm4.h: In function 'SysTick_Config':
../Drivers/CMSIS/Include/core_cm4.h:1617:39: warning: implicit declaration of function '__NVIC_SetPriority'; did you mean 'NVIC_SetPriority'? [-Wimplicit-function-declaration]
 1617 |   #define NVIC_SetPriority            __NVIC_SetPriority
      |                                       ^~~~~~~~~~~~~~~~~~
../Drivers/CMSIS/Include/core_cm4.h:2030:3: note: in expansion of macro 'NVIC_SetPriority'
 2030 |   NVIC_SetPriority (SysTick_IRQn, (1UL << __NVIC_PRIO_BITS) - 1UL); /* set Priority for Systick Interrupt */
      |   ^~~~~~~~~~~~~~~~
In file included from ../Drivers/CMSIS/Device/ST/STM32F4xx/Include/stm32f446xx.h:169,
                 from ../Drivers/CMSIS/Device/ST/STM32F4xx/Include/stm32f4xx.h:156,
                 from ../Drivers/STM32F4xx_HAL_Driver/Inc/stm32f4xx_hal_def.h:29,
                 from ../Drivers/STM32F4xx_HAL_Driver/Inc/stm32f4xx_hal_rcc.h:27,
                 from ../Core/Inc/stm32f4xx_hal_conf.h:275,
                 from ../Drivers/STM32F4xx_HAL_Driver/Inc/stm32f4xx_hal.h:29,
                 from ../Core/Inc/main.h:31,
                 from ../Core/Src/stm32f4xx_hal_msp.c:22:
../Drivers/CMSIS/Include/core_cm4.h:2030:21: error: 'SysTick_IRQn' undeclared (first use in this function); did you mean 'SysTick_Type'?
 2030 |   NVIC_SetPriority (SysTick_IRQn, (1UL << __NVIC_PRIO_BITS) - 1UL); /* set Priority for Systick Interrupt */
      |                     ^~~~~~~~~~~~
      |                     SysTick_Type
../Drivers/CMSIS/Include/core_cm4.h:2030:21: note: each undeclared identifier is reported only once for each function it appears in
In file included from ../Core/Inc/stm32f4xx_hal_conf.h:291,
                 from ../Drivers/STM32F4xx_HAL_Driver/Inc/stm32f4xx_hal.h:29,
                 from ../Core/Inc/main.h:31,
                 from ../Core/Src/stm32f4xx_hal_msp.c:22:
../Drivers/STM32F4xx_HAL_Driver/Inc/stm32f4xx_hal_cortex.h: At top level:
../Drivers/STM32F4xx_HAL_Driver/Inc/stm32f4xx_hal_cortex.h:261:27: error: expected declaration specifiers or '...' before 'IRQn_Type'
  261 | void HAL_NVIC_SetPriority(IRQn_Type IRQn, uint32_t PreemptPriority, uint32_t SubPriority);
      |                           ^~~~~~~~~
../Drivers/STM32F4xx_HAL_Driver/Inc/stm32f4xx_hal_cortex.h:262:25: error: expected declaration specifiers or '...' before 'IRQn_Type'
  262 | void HAL_NVIC_EnableIRQ(IRQn_Type IRQn);
      |                         ^~~~~~~~~
../Drivers/STM32F4xx_HAL_Driver/Inc/stm32f4xx_hal_cortex.h:263:26: error: expected declaration specifiers or '...' before 'IRQn_Type'
  263 | void HAL_NVIC_DisableIRQ(IRQn_Type IRQn);
      |                          ^~~~~~~~~
../Drivers/STM32F4xx_HAL_Driver/Inc/stm32f4xx_hal_cortex.h:275:27: error: expected declaration specifiers or '...' before 'IRQn_Type'
  275 | void HAL_NVIC_GetPriority(IRQn_Type IRQn, uint32_t PriorityGroup, uint32_t* pPreemptPriority, uint32_t* pSubPriority);
      |                           ^~~~~~~~~
../Drivers/STM32F4xx_HAL_Driver/Inc/stm32f4xx_hal_cortex.h:276:33: error: expected declaration specifiers or '...' before 'IRQn_Type'
  276 | uint32_t HAL_NVIC_GetPendingIRQ(IRQn_Type IRQn);
      |                                 ^~~~~~~~~
../Drivers/STM32F4xx_HAL_Driver/Inc/stm32f4xx_hal_cortex.h:277:29: error: expected declaration specifiers or '...' before 'IRQn_Type'
  277 | void HAL_NVIC_SetPendingIRQ(IRQn_Type IRQn);
      |                             ^~~~~~~~~
../Drivers/STM32F4xx_HAL_Driver/Inc/stm32f4xx_hal_cortex.h:278:31: error: expected declaration specifiers or '...' before 'IRQn_Type'
  278 | void HAL_NVIC_ClearPendingIRQ(IRQn_Type IRQn);
      |                               ^~~~~~~~~
../Drivers/STM32F4xx_HAL_Driver/Inc/stm32f4xx_hal_cortex.h:279:29: error: expected declaration specifiers or '...' before 'IRQn_Type'
  279 | uint32_t HAL_NVIC_GetActive(IRQn_Type IRQn);
      |                             ^~~~~~~~~
../Core/Src/stm32f4xx_hal_msp.c: In function 'HAL_CAN_MspInit':
../Core/Src/stm32f4xx_hal_msp.c:110:5: warning: implicit declaration of function 'HAL_NVIC_SetPriority'; did you mean 'NVIC_SetPriority'? [-Wimplicit-function-declaration]
  110 |     HAL_NVIC_SetPriority(CAN1_RX0_IRQn, 0, 0);
      |     ^~~~~~~~~~~~~~~~~~~~
      |     NVIC_SetPriority
../Core/Src/stm32f4xx_hal_msp.c:110:26: error: 'CAN1_RX0_IRQn' undeclared (first use in this function)
  110 |     HAL_NVIC_SetPriority(CAN1_RX0_IRQn, 0, 0);
      |                          ^~~~~~~~~~~~~
../Core/Src/main.c:355: warning: ignoring '#pragma optimize ' [-Wunknown-pragmas]
  355 | #pragma optimize=s none
      | 
../Core/Src/main.c:396: warning: ignoring '#pragma optimize ' [-Wunknown-pragmas]
  396 | #pragma optimize=s none
      | 
../Core/Src/stm32f4xx_hal_msp.c:111:5: warning: implicit declaration of function 'HAL_NVIC_EnableIRQ'; did you mean 'NVIC_EnableIRQ'? [-Wimplicit-function-declaration]
  111 |     HAL_NVIC_EnableIRQ(CAN1_RX0_IRQn);
      |     ^~~~~~~~~~~~~~~~~~
      |     NVIC_EnableIRQ
../Core/Src/stm32f4xx_hal_msp.c: In function 'HAL_CAN_MspDeInit':
../Core/Src/stm32f4xx_hal_msp.c:142:5: warning: implicit declaration of function 'HAL_NVIC_DisableIRQ'; did you mean 'NVIC_DisableIRQ'? [-Wimplicit-function-declaration]
  142 |     HAL_NVIC_DisableIRQ(CAN1_RX0_IRQn);
      |     ^~~~~~~~~~~~~~~~~~~
      |     NVIC_DisableIRQ
../Core/Src/stm32f4xx_hal_msp.c:142:25: error: 'CAN1_RX0_IRQn' undeclared (first use in this function)
  142 |     HAL_NVIC_DisableIRQ(CAN1_RX0_IRQn);
      |                         ^~~~~~~~~~~~~
../Core/Src/stm32f4xx_hal_msp.c: At top level:
../Core/Src/stm32f4xx_hal_msp.c:156:22: error: unknown type name 'I2C_HandleTypeDef'; did you mean 'CAN_HandleTypeDef'?
  156 | void HAL_I2C_MspInit(I2C_HandleTypeDef* hi2c)
      |                      ^~~~~~~~~~~~~~~~~
      |                      CAN_HandleTypeDef
../Core/Src/stm32f4xx_hal_msp.c:192:24: error: unknown type name 'I2C_HandleTypeDef'; did you mean 'CAN_HandleTypeDef'?
  192 | void HAL_I2C_MspDeInit(I2C_HandleTypeDef* hi2c)
      |                        ^~~~~~~~~~~~~~~~~
      |                        CAN_HandleTypeDef
../Core/Src/stm32f4xx_hal_msp.c:223:23: error: unknown type name 'UART_HandleTypeDef'; did you mean 'CAN_HandleTypeDef'?
  223 | void HAL_UART_MspInit(UART_HandleTypeDef* huart)
      |                       ^~~~~~~~~~~~~~~~~~
      |                       CAN_HandleTypeDef
../Core/Src/stm32f4xx_hal_msp.c:259:25: error: unknown type name 'UART_HandleTypeDef'; did you mean 'CAN_HandleTypeDef'?
  259 | void HAL_UART_MspDeInit(UART_HandleTypeDef* huart)
      |                         ^~~~~~~~~~~~~~~~~~
      |                         CAN_HandleTypeDef
make: *** [Core/Src/subdir.mk:39: Core/Src/stm32f4xx_hal_msp.o] Error 1
make: *** Waiting for unfinished jobs....
"make -j8 all" terminated with exit code 2. Build might be incomplete.

05:24:53 Build Failed. 30 errors, 8 warnings. (took 2s.196ms)

